#
# A fatal error has been detected by the Java Runtime Environment:
#
#  SIGSEGV (0xb) at pc=0x00007fff6dd2fe97, pid=28390, tid=140547
#
# JRE version: Java(TM) SE Runtime Environment (8.0_66-b17) (build 1.8.0_66-b17)
# Java VM: Java HotSpot(TM) 64-Bit Server VM (25.66-b17 mixed mode bsd-amd64 compressed oops)
# Problematic frame:
# C  [libobjc.A.dylib+0x6e97]  objc_msgSend+0x17
#
# Failed to write core dump. Core dumps have been disabled. To enable core dumping, try "ulimit -c unlimited" before starting Java again
#
# If you would like to submit a bug report, please visit:
#   http://bugreport.java.com/bugreport/crash.jsp
# The crash happened outside the Java Virtual Machine in native code.
# See problematic frame for where to report the bug.
#

---------------  T H R E A D  ---------------

Current thread (0x00007f9e7e38a000):  JavaThread "pool-2-thread-1" [_thread_in_native, id=140547, stack(0x0000700002b0b000,0x0000700002c0b000)]

siginfo: si_signo: 11 (SIGSEGV), si_code: 0 (unknown), si_addr: 0x0000000000000000

Registers:
RAX=0x0000000000000000, RBX=0x00007f9e8340c7c0, RCX=0x0000000000000000, RDX=0x00000000b78bc7f5
RSP=0x0000700002c0a318, RBP=0x0000700002c0a340, RSI=0x00007fff4534253e, RDI=0xf00007f9e8309194
R8 =0x0000000040729a00, R9 =0x00007f9e8340c988, R10=0x00007ffffffffff8, R11=0x00007f9e8340c98c
R12=0x0000000000000010, R13=0x0000000121c07788, R14=0x0000000000000000, R15=0x0000000000000008
RIP=0x00007fff6dd2fe97, EFLAGS=0x0000000000010246, ERR=0x0000000000000000
  TRAPNO=0x000000000000000d

Top of Stack: (sp=0x0000700002c0a318)
0x0000700002c0a318:   0000000129055f83 00007fff6dd2fe80
0x0000700002c0a328:   0000000000000000 00007f9e7dcd7400
0x0000700002c0a338:   00007f9e806c4370 0000700002c0a370
0x0000700002c0a348:   00000001290556f1 3ff0000000000000
0x0000700002c0a358:   00007f9e7de5b970 0000700002c0a3e8
0x0000700002c0a368:   00007f9e7e38a000 0000700002c0a3a0
0x0000700002c0a378:   0000000129048a76 0000000000000000
0x0000700002c0a388:   0000000000000000 0000700000000000
0x0000700002c0a398:   00007f9e7de5b970 0000700002c0a3d0
0x0000700002c0a3a8:   0000000129048e0c 0000000000000000
0x0000700002c0a3b8:   0000000000000000 00007f9e7e38a1f8
0x0000700002c0a3c8:   0000700002c0a4c0 0000700002c0a410
0x0000700002c0a3d8:   0000000127b16d8b 0000700002c0a410
0x0000700002c0a3e8:   00007fff02010000 00007f9e806ad3a0
0x0000700002c0a3f8:   0000000000000000 0000000121c07788
0x0000700002c0a408:   0000700002c0a4c0 0000700002c0a488
0x0000700002c0a418:   000000010e213954 00000007b34ea3e0
0x0000700002c0a428:   0000000000000060 0000700002c0a450
0x0000700002c0a438:   00007fff6c9b4628 00000007b34ea3e0
0x0000700002c0a448:   0000700002c0a448 0000000000000000
0x0000700002c0a458:   0000700002c0a4c0 0000000121c07b80
0x0000700002c0a468:   0000000000000000 0000000121c07788
0x0000700002c0a478:   0000000000000000 0000700002c0a4a8
0x0000700002c0a488:   0000700002c0a508 000000010e205420
0x0000700002c0a498:   0000000740723110 000000010e20d560
0x0000700002c0a4a8:   00007f9e806ad3a0 0000700002c0a570
0x0000700002c0a4b8:   00007f9e7de5b970 0000000740723110
0x0000700002c0a4c8:   0000700002c0a4c8 0000000121c06c60
0x0000700002c0a4d8:   0000700002c0a528 0000000121c07b80
0x0000700002c0a4e8:   0000000000000000 0000000121c06c98
0x0000700002c0a4f8:   0000700002c0a4a8 0000700002c0a520
0x0000700002c0a508:   0000700002c0a570 000000010e205420 

Instructions: (pc=0x00007fff6dd2fe97)
0x00007fff6dd2fe77:   84 00 00 00 00 00 0f 1f 00 48 85 ff 2e 74 62 40
0x00007fff6dd2fe87:   f6 c7 01 2e 75 66 49 ba f8 ff ff ff ff 7f 00 00
0x00007fff6dd2fe97:   4c 23 17 49 89 f3 45 23 5a 18 49 c1 e3 04 4d 03
0x00007fff6dd2fea7:   5a 10 49 3b 33 75 04 41 ff 63 08 49 83 3b 01 76 

Register to memory mapping:

RAX=0x0000000000000000 is an unknown value
RBX=0x00007f9e8340c7c0 is an unknown value
RCX=0x0000000000000000 is an unknown value
RDX=0x00000000b78bc7f5 is an unknown value
RSP=0x0000700002c0a318 is pointing into the stack for thread: 0x00007f9e7e38a000
RBP=0x0000700002c0a340 is pointing into the stack for thread: 0x00007f9e7e38a000
RSI=0x00007fff4534253e: .str.41.llvm.DCC1D518+0x417c8 in /System/Library/Frameworks/AppKit.framework/Versions/C/AppKit at 0x00007fff4466b000
RDI=0xf00007f9e8309194 is an unknown value
R8 =0x0000000040729a00 is an unknown value
R9 =0x00007f9e8340c988 is an unknown value
R10=0x00007ffffffffff8 is an unknown value
R11=0x00007f9e8340c98c is an unknown value
R12=0x0000000000000010 is an unknown value
R13={method} {0x0000000121c07788} 'read_0' '(JJ)Z' in 'org/opencv/videoio/VideoCapture'
R14=0x0000000000000000 is an unknown value
R15=0x0000000000000008 is an unknown value


Stack: [0x0000700002b0b000,0x0000700002c0b000],  sp=0x0000700002c0a318,  free space=1020k
Native frames: (J=compiled Java code, j=interpreted, Vv=VM code, C=native code)
C  [libobjc.A.dylib+0x6e97]  objc_msgSend+0x17
C  [libopencv_videoio.3.4.dylib+0x166f1]  CvCaptureCAM::grabFrame(double)+0x5d
C  [libopencv_videoio.3.4.dylib+0x9a76]  cv::VideoCapture::grab()+0x3e
C  [libopencv_videoio.3.4.dylib+0x9e0c]  cv::VideoCapture::read(cv::_OutputArray const&)+0x2a
C  [libopencv_java340.dylib+0x60d8b]  Java_org_opencv_videoio_VideoCapture_read_10+0x30
j  org.opencv.videoio.VideoCapture.read_0(JJ)Z+0
j  org.opencv.videoio.VideoCapture.read(Lorg/opencv/core/Mat;)Z+8
j  it.polito.teaching.cv.ObjRecognitionController.grabFrame()Lorg/opencv/core/Mat;+23
j  it.polito.teaching.cv.ObjRecognitionController.access$0(Lit/polito/teaching/cv/ObjRecognitionController;)Lorg/opencv/core/Mat;+1
j  it.polito.teaching.cv.ObjRecognitionController$1.run()V+4
J 2417 C1 java.util.concurrent.Executors$RunnableAdapter.call()Ljava/lang/Object; (14 bytes) @ 0x000000010e923354 [0x000000010e923240+0x114]
J 2281 C1 java.util.concurrent.FutureTask.runAndReset()Z (128 bytes) @ 0x000000010e8b712c [0x000000010e8b6ec0+0x26c]
j  java.util.concurrent.ScheduledThreadPoolExecutor$ScheduledFutureTask.access$301(Ljava/util/concurrent/ScheduledThreadPoolExecutor$ScheduledFutureTask;)Z+1
j  java.util.concurrent.ScheduledThreadPoolExecutor$ScheduledFutureTask.run()V+37
j  java.util.concurrent.ThreadPoolExecutor.runWorker(Ljava/util/concurrent/ThreadPoolExecutor$Worker;)V+95
j  java.util.concurrent.ThreadPoolExecutor$Worker.run()V+5
j  java.lang.Thread.run()V+11
v  ~StubRoutines::call_stub
V  [libjvm.dylib+0x2ea35e]  JavaCalls::call_helper(JavaValue*, methodHandle*, JavaCallArguments*, Thread*)+0x6ae
V  [libjvm.dylib+0x2eaaec]  JavaCalls::call_virtual(JavaValue*, KlassHandle, Symbol*, Symbol*, JavaCallArguments*, Thread*)+0x164
V  [libjvm.dylib+0x2eac98]  JavaCalls::call_virtual(JavaValue*, Handle, KlassHandle, Symbol*, Symbol*, Thread*)+0x4a
V  [libjvm.dylib+0x345215]  thread_entry(JavaThread*, Thread*)+0x7c
V  [libjvm.dylib+0x560b83]  JavaThread::thread_main_inner()+0x9b
V  [libjvm.dylib+0x56227e]  JavaThread::run()+0x1c2
V  [libjvm.dylib+0x482cd6]  java_start(Thread*)+0xf6
C  [libsystem_pthread.dylib+0x36c1]  _pthread_body+0x154
C  [libsystem_pthread.dylib+0x356d]  _pthread_body+0x0
C  [libsystem_pthread.dylib+0x2c5d]  thread_start+0xd
C  0x0000000000000000

Java frames: (J=compiled Java code, j=interpreted, Vv=VM code)
j  org.opencv.videoio.VideoCapture.read_0(JJ)Z+0
j  org.opencv.videoio.VideoCapture.read(Lorg/opencv/core/Mat;)Z+8
j  it.polito.teaching.cv.ObjRecognitionController.grabFrame()Lorg/opencv/core/Mat;+23
j  it.polito.teaching.cv.ObjRecognitionController.access$0(Lit/polito/teaching/cv/ObjRecognitionController;)Lorg/opencv/core/Mat;+1
j  it.polito.teaching.cv.ObjRecognitionController$1.run()V+4
J 2417 C1 java.util.concurrent.Executors$RunnableAdapter.call()Ljava/lang/Object; (14 bytes) @ 0x000000010e923354 [0x000000010e923240+0x114]
J 2281 C1 java.util.concurrent.FutureTask.runAndReset()Z (128 bytes) @ 0x000000010e8b712c [0x000000010e8b6ec0+0x26c]
j  java.util.concurrent.ScheduledThreadPoolExecutor$ScheduledFutureTask.access$301(Ljava/util/concurrent/ScheduledThreadPoolExecutor$ScheduledFutureTask;)Z+1
j  java.util.concurrent.ScheduledThreadPoolExecutor$ScheduledFutureTask.run()V+37
j  java.util.concurrent.ThreadPoolExecutor.runWorker(Ljava/util/concurrent/ThreadPoolExecutor$Worker;)V+95
j  java.util.concurrent.ThreadPoolExecutor$Worker.run()V+5
j  java.lang.Thread.run()V+11
v  ~StubRoutines::call_stub

---------------  P R O C E S S  ---------------

Java Threads: ( => current thread )
  0x00007f9e7e395000 JavaThread "Java2D Disposer" daemon [_thread_blocked, id=142099, stack(0x0000700002d11000,0x0000700002e11000)]
  0x00007f9e7e9a7800 JavaThread "Java2D Queue Flusher" daemon [_thread_blocked, id=163595, stack(0x0000700002c0e000,0x0000700002d0e000)]
=>0x00007f9e7e38a000 JavaThread "pool-2-thread-1" [_thread_in_native, id=140547, stack(0x0000700002b0b000,0x0000700002c0b000)]
  0x00007f9e7fa83000 JavaThread "Prism Font Disposer" daemon [_thread_blocked, id=82203, stack(0x0000700001bf3000,0x0000700001cf3000)]
  0x00007f9e7fa22800 JavaThread "JavaFX-Launcher" [_thread_blocked, id=47875, stack(0x0000700001af0000,0x0000700001bf0000)]
  0x00007f9e7e8dc800 JavaThread "Thread-3" daemon [_thread_in_native, id=35075, stack(0x0000700001967000,0x00007000019e7000)]
  0x00007f9e7f00b800 JavaThread "JavaFX Application Thread" [_thread_in_native, id=775, stack(0x00007ffee36b5000,0x00007ffee3eb5000)]
  0x00007f9e7e11a000 JavaThread "Thread-1" daemon [_thread_blocked, id=41739, stack(0x0000700001864000,0x0000700001964000)]
  0x00007f9e7e11f000 JavaThread "QuantumRenderer-0" daemon [_thread_blocked, id=14083, stack(0x0000700001761000,0x0000700001861000)]
  0x00007f9e7f00a800 JavaThread "Service Thread" daemon [_thread_blocked, id=16387, stack(0x000070000155b000,0x000070000165b000)]
  0x00007f9e7e853000 JavaThread "C1 CompilerThread2" daemon [_thread_blocked, id=16899, stack(0x0000700001458000,0x0000700001558000)]
  0x00007f9e7e034000 JavaThread "C2 CompilerThread1" daemon [_thread_blocked, id=13315, stack(0x0000700001355000,0x0000700001455000)]
  0x00007f9e7e032800 JavaThread "C2 CompilerThread0" daemon [_thread_blocked, id=13059, stack(0x0000700001252000,0x0000700001352000)]
  0x00007f9e7e02d000 JavaThread "Signal Dispatcher" daemon [_thread_blocked, id=17667, stack(0x000070000114f000,0x000070000124f000)]
  0x00007f9e7e816800 JavaThread "Finalizer" daemon [_thread_blocked, id=19971, stack(0x000070000104c000,0x000070000114c000)]
  0x00007f9e7e815800 JavaThread "Reference Handler" daemon [_thread_blocked, id=20227, stack(0x0000700000f49000,0x0000700001049000)]
  0x00007f9e7e809000 JavaThread "main" [_thread_blocked, id=6147, stack(0x0000700000937000,0x0000700000a37000)]

Other Threads:
  0x00007f9e7e813000 VMThread [stack: 0x0000700000e46000,0x0000700000f46000] [id=20483]
  0x00007f9e7f830000 WatcherThread [stack: 0x000070000165e000,0x000070000175e000] [id=16131]

VM state:not at safepoint (normal execution)

VM Mutex/Monitor currently owned by a thread: None

Heap:
 PSYoungGen      total 671232K, used 544590K [0x0000000795580000, 0x00000007c0000000, 0x00000007c0000000)
  eden space 647168K, 80% used [0x0000000795580000,0x00000007b54137d0,0x00000007bcd80000)
  from space 24064K, 90% used [0x00000007be680000,0x00000007bfbc0060,0x00000007bfe00000)
  to   space 25600K, 0% used [0x00000007bcd80000,0x00000007bcd80000,0x00000007be680000)
 ParOldGen       total 160768K, used 20025K [0x0000000740000000, 0x0000000749d00000, 0x0000000795580000)
  object space 160768K, 12% used [0x0000000740000000,0x000000074138e590,0x0000000749d00000)
 Metaspace       used 18078K, capacity 18730K, committed 18944K, reserved 1064960K
  class space    used 2329K, capacity 2522K, committed 2560K, reserved 1048576K

Card table byte_map: [0x000000010d986000,0x000000010dd87000] byte_map_base: 0x0000000109f86000

Marking Bits: (ParMarkBitMap*) 0x000000010cedde20
 Begin Bits: [0x000000011d1fe000, 0x000000011f1fe000)
 End Bits:   [0x000000011f1fe000, 0x00000001211fe000)

Polling page: 0x000000010bdcb000

CodeCache: size=245760Kb used=8073Kb max_used=8078Kb free=237686Kb
 bounds [0x000000010e1fe000, 0x000000010e9fe000, 0x000000011d1fe000]
 total_blobs=3533 nmethods=2646 adapters=799
 compilation: enabled

Compilation events (10 events):
Event: 37.593 Thread 0x00007f9e7e853000 2692       3       javafx.scene.layout.Region::snappedLeftInset (5 bytes)
Event: 37.593 Thread 0x00007f9e7e853000 nmethod 2692 0x000000010e379190 code [0x000000010e3792e0, 0x000000010e379430]
Event: 37.593 Thread 0x00007f9e7e853000 2687       3       javafx.scene.layout.Region::getHeight (22 bytes)
Event: 37.593 Thread 0x00007f9e7e853000 nmethod 2687 0x000000010e409d10 code [0x000000010e409ea0, 0x000000010e40a268]
Event: 37.594 Thread 0x00007f9e7e034000 2693       4       com.sun.javafx.geom.transform.Affine3D::almostOne (22 bytes)
Event: 37.595 Thread 0x00007f9e7e034000 nmethod 2693 0x000000010e9d9950 code [0x000000010e9d9ac0, 0x000000010e9d9b78]
Event: 37.595 Thread 0x00007f9e7e853000 2694       3       com.sun.javafx.geom.Path2D$Iterator::isDone (20 bytes)
Event: 37.595 Thread 0x00007f9e7e853000 nmethod 2694 0x000000010e378d90 code [0x000000010e378f00, 0x000000010e3790d0]
Event: 37.595 Thread 0x00007f9e7e853000 2695       3       com.sun.javafx.text.TextRun::getGlyphCode (46 bytes)
Event: 37.596 Thread 0x00007f9e7e853000 nmethod 2695 0x000000010e4097d0 code [0x000000010e409940, 0x000000010e409bd0]

GC Heap History (10 events):
Event: 26.447 GC heap before
{Heap before GC invocations=24 (full 5):
 PSYoungGen      total 638464K, used 627363K [0x0000000795580000, 0x00000007bfe00000, 0x00000007c0000000)
  eden space 612864K, 99% used [0x0000000795580000,0x00000007babe8bc0,0x00000007bac00000)
  from space 25600K, 57% used [0x00000007bac00000,0x00000007bba40040,0x00000007bc500000)
  to   space 25088K, 0% used [0x00000007be580000,0x00000007be580000,0x00000007bfe00000)
 ParOldGen       total 193024K, used 190124K [0x0000000740000000, 0x000000074bc80000, 0x0000000795580000)
  object space 193024K, 98% used [0x0000000740000000,0x000000074b9ab040,0x000000074bc80000)
 Metaspace       used 18046K, capacity 18666K, committed 18944K, reserved 1064960K
  class space    used 2329K, capacity 2522K, committed 2560K, reserved 1048576K
Event: 26.489 GC heap after
Heap after GC invocations=24 (full 5):
 PSYoungGen      total 638464K, used 0K [0x0000000795580000, 0x00000007bfe00000, 0x00000007c0000000)
  eden space 612864K, 0% used [0x0000000795580000,0x0000000795580000,0x00000007bac00000)
  from space 25600K, 0% used [0x00000007bac00000,0x00000007bac00000,0x00000007bc500000)
  to   space 25088K, 0% used [0x00000007be580000,0x00000007be580000,0x00000007bfe00000)
 ParOldGen       total 140800K, used 19108K [0x0000000740000000, 0x0000000748980000, 0x0000000795580000)
  object space 140800K, 13% used [0x0000000740000000,0x00000007412a9020,0x0000000748980000)
 Metaspace       used 18046K, capacity 18666K, committed 18944K, reserved 1064960K
  class space    used 2329K, capacity 2522K, committed 2560K, reserved 1048576K
}
Event: 28.365 GC heap before
{Heap before GC invocations=25 (full 5):
 PSYoungGen      total 638464K, used 610333K [0x0000000795580000, 0x00000007bfe00000, 0x00000007c0000000)
  eden space 612864K, 99% used [0x0000000795580000,0x00000007ba987610,0x00000007bac00000)
  from space 25600K, 0% used [0x00000007bac00000,0x00000007bac00000,0x00000007bc500000)
  to   space 25088K, 0% used [0x00000007be580000,0x00000007be580000,0x00000007bfe00000)
 ParOldGen       total 140800K, used 19108K [0x0000000740000000, 0x0000000748980000, 0x0000000795580000)
  object space 140800K, 13% used [0x0000000740000000,0x00000007412a9020,0x0000000748980000)
 Metaspace       used 18051K, capacity 18730K, committed 18944K, reserved 1064960K
  class space    used 2329K, capacity 2522K, committed 2560K, reserved 1048576K
Event: 28.378 GC heap after
Heap after GC invocations=25 (full 5):
 PSYoungGen      total 671744K, used 18160K [0x0000000795580000, 0x00000007bff80000, 0x00000007c0000000)
  eden space 646656K, 0% used [0x0000000795580000,0x0000000795580000,0x00000007bcd00000)
  from space 25088K, 72% used [0x00000007be580000,0x00000007bf73c050,0x00000007bfe00000)
  to   space 25088K, 0% used [0x00000007bcd00000,0x00000007bcd00000,0x00000007be580000)
 ParOldGen       total 140800K, used 19108K [0x0000000740000000, 0x0000000748980000, 0x0000000795580000)
  object space 140800K, 13% used [0x0000000740000000,0x00000007412a9020,0x0000000748980000)
 Metaspace       used 18051K, capacity 18730K, committed 18944K, reserved 1064960K
  class space    used 2329K, capacity 2522K, committed 2560K, reserved 1048576K
}
Event: 30.522 GC heap before
{Heap before GC invocations=26 (full 5):
 PSYoungGen      total 671744K, used 661848K [0x0000000795580000, 0x00000007bff80000, 0x00000007c0000000)
  eden space 646656K, 99% used [0x0000000795580000,0x00000007bca1a180,0x00000007bcd00000)
  from space 25088K, 72% used [0x00000007be580000,0x00000007bf73c050,0x00000007bfe00000)
  to   space 25088K, 0% used [0x00000007bcd00000,0x00000007bcd00000,0x00000007be580000)
 ParOldGen       total 140800K, used 22708K [0x0000000740000000, 0x0000000748980000, 0x0000000795580000)
  object space 140800K, 16% used [0x0000000740000000,0x000000074162d030,0x0000000748980000)
 Metaspace       used 18067K, capacity 18730K, committed 18944K, reserved 1064960K
  class space    used 2329K, capacity 2522K, committed 2560K, reserved 1048576K
Event: 30.543 GC heap after
Heap after GC invocations=26 (full 5):
 PSYoungGen      total 671744K, used 14560K [0x0000000795580000, 0x00000007bfe00000, 0x00000007c0000000)
  eden space 646656K, 0% used [0x0000000795580000,0x0000000795580000,0x00000007bcd00000)
  from space 25088K, 58% used [0x00000007bcd00000,0x00000007bdb38040,0x00000007be580000)
  to   space 24064K, 0% used [0x00000007be680000,0x00000007be680000,0x00000007bfe00000)
 ParOldGen       total 140800K, used 22716K [0x0000000740000000, 0x0000000748980000, 0x0000000795580000)
  object space 140800K, 16% used [0x0000000740000000,0x000000074162f030,0x0000000748980000)
 Metaspace       used 18067K, capacity 18730K, committed 18944K, reserved 1064960K
  class space    used 2329K, capacity 2522K, committed 2560K, reserved 1048576K
}
Event: 33.378 GC heap before
{Heap before GC invocations=27 (full 6):
 PSYoungGen      total 671744K, used 661021K [0x0000000795580000, 0x00000007bfe00000, 0x00000007c0000000)
  eden space 646656K, 99% used [0x0000000795580000,0x00000007bcccf5d0,0x00000007bcd00000)
  from space 25088K, 58% used [0x00000007bcd00000,0x00000007bdb38040,0x00000007be580000)
  to   space 24064K, 0% used [0x00000007be680000,0x00000007be680000,0x00000007bfe00000)
 ParOldGen       total 184832K, used 183817K [0x0000000740000000, 0x000000074b480000, 0x0000000795580000)
  object space 184832K, 99% used [0x0000000740000000,0x000000074b382420,0x000000074b480000)
 Metaspace       used 18072K, capacity 18730K, committed 18944K, reserved 1064960K
  class space    used 2329K, capacity 2522K, committed 2560K, reserved 1048576K
Event: 33.414 GC heap after
Heap after GC invocations=27 (full 6):
 PSYoungGen      total 671744K, used 0K [0x0000000795580000, 0x00000007bfe00000, 0x00000007c0000000)
  eden space 646656K, 0% used [0x0000000795580000,0x0000000795580000,0x00000007bcd00000)
  from space 25088K, 0% used [0x00000007bcd00000,0x00000007bcd00000,0x00000007be580000)
  to   space 24064K, 0% used [0x00000007be680000,0x00000007be680000,0x00000007bfe00000)
 ParOldGen       total 160768K, used 20017K [0x0000000740000000, 0x0000000749d00000, 0x0000000795580000)
  object space 160768K, 12% used [0x0000000740000000,0x000000074138c590,0x0000000749d00000)
 Metaspace       used 18072K, capacity 18730K, committed 18944K, reserved 1064960K
  class space    used 2329K, capacity 2522K, committed 2560K, reserved 1048576K
}
Event: 35.451 GC heap before
{Heap before GC invocations=28 (full 6):
 PSYoungGen      total 671744K, used 645860K [0x0000000795580000, 0x00000007bfe00000, 0x00000007c0000000)
  eden space 646656K, 99% used [0x0000000795580000,0x00000007bcc393b0,0x00000007bcd00000)
  from space 25088K, 0% used [0x00000007bcd00000,0x00000007bcd00000,0x00000007be580000)
  to   space 24064K, 0% used [0x00000007be680000,0x00000007be680000,0x00000007bfe00000)
 ParOldGen       total 160768K, used 20017K [0x0000000740000000, 0x0000000749d00000, 0x0000000795580000)
  object space 160768K, 12% used [0x0000000740000000,0x000000074138c590,0x0000000749d00000)
 Metaspace       used 18073K, capacity 18730K, committed 18944K, reserved 1064960K
  class space    used 2329K, capacity 2522K, committed 2560K, reserved 1048576K
Event: 35.496 GC heap after
Heap after GC invocations=28 (full 6):
 PSYoungGen      total 671232K, used 21760K [0x0000000795580000, 0x00000007c0000000, 0x00000007c0000000)
  eden space 647168K, 0% used [0x0000000795580000,0x0000000795580000,0x00000007bcd80000)
  from space 24064K, 90% used [0x00000007be680000,0x00000007bfbc0060,0x00000007bfe00000)
  to   space 25600K, 0% used [0x00000007bcd80000,0x00000007bcd80000,0x00000007be680000)
 ParOldGen       total 160768K, used 20025K [0x0000000740000000, 0x0000000749d00000, 0x0000000795580000)
  object space 160768K, 12% used [0x0000000740000000,0x000000074138e590,0x0000000749d00000)
 Metaspace       used 18073K, capacity 18730K, committed 18944K, reserved 1064960K
  class space    used 2329K, capacity 2522K, committed 2560K, reserved 1048576K
}

Deoptimization events (10 events):
Event: 37.061 Thread 0x00007f9e7e11f000 Uncommon trap: reason=unstable_if action=reinterpret pc=0x000000010e9b1f14 method=com.sun.javafx.sg.prism.NGNode.doRender(Lcom/sun/prism/Graphics;)V @ 24
Event: 37.120 Thread 0x00007f9e7f00b800 Uncommon trap: reason=unstable_if action=reinterpret pc=0x000000010e36bb1c method=java.util.concurrent.locks.ReentrantLock$Sync.nonfairTryAcquire(I)Z @ 10
Event: 37.120 Thread 0x00007f9e7f00b800 Uncommon trap: reason=unstable_if action=reinterpret pc=0x000000010e9ac5e4 method=java.util.concurrent.locks.ReentrantLock$Sync.tryRelease(I)Z @ 28
Event: 37.120 Thread 0x00007f9e7f00b800 Uncommon trap: reason=unstable_if action=reinterpret pc=0x000000010e967168 method=java.util.concurrent.locks.ReentrantLock$Sync.tryRelease(I)Z @ 28
Event: 37.593 Thread 0x00007f9e7f00b800 Uncommon trap: reason=unstable_if action=reinterpret pc=0x000000010e79df58 method=javafx.scene.Node.updateBounds()V @ 116
Event: 37.593 Thread 0x00007f9e7f00b800 Uncommon trap: reason=unstable_if action=reinterpret pc=0x000000010e7e0110 method=javafx.scene.Node.updateBounds()V @ 106
Event: 37.594 Thread 0x00007f9e7f00b800 Uncommon trap: reason=unstable_if action=reinterpret pc=0x000000010e7e014c method=javafx.scene.Node.updateBounds()V @ 116
Event: 37.594 Thread 0x00007f9e7f00b800 Uncommon trap: reason=unstable_if action=reinterpret pc=0x000000010e7e014c method=javafx.scene.Node.updateBounds()V @ 116
Event: 37.594 Thread 0x00007f9e7e11f000 Uncommon trap: reason=unstable_if action=reinterpret pc=0x000000010e87c3e0 method=com.sun.javafx.geom.transform.AffineBase.updateState2D()V @ 51
Event: 37.595 Thread 0x00007f9e7e11f000 Uncommon trap: reason=bimorphic action=maybe_recompile pc=0x000000010e9abf94 method=com.sun.javafx.sg.prism.NGNode.render(Lcom/sun/prism/Graphics;)V @ 12

Internal exceptions (10 events):
Event: 0.189 Thread 0x00007f9e7e809000 Exception <a 'java/lang/NullPointerException'> (0x00000007958fdd88) thrown at [/HUDSON3/workspace/8-2-build-macosx-x86_64/jdk8u66/4988/hotspot/src/share/vm/interpreter/linkResolver.cpp, line 1178]
Event: 0.648 Thread 0x00007f9e7f00b800 Exception <a 'java/lang/NullPointerException'> (0x00000007963e1108) thrown at [/HUDSON3/workspace/8-2-build-macosx-x86_64/jdk8u66/4988/hotspot/src/share/vm/interpreter/linkResolver.cpp, line 1178]
Event: 0.648 Thread 0x00007f9e7f00b800 Exception <a 'java/lang/NullPointerException'> (0x00000007963e1108) thrown at [/HUDSON3/workspace/8-2-build-macosx-x86_64/jdk8u66/4988/hotspot/src/share/vm/prims/jvm.cpp, line 1390]
Event: 0.764 Thread 0x00007f9e7f00b800 Exception <a 'java/lang/ArrayIndexOutOfBoundsException'> (0x0000000796897668) thrown at [/HUDSON3/workspace/8-2-build-macosx-x86_64/jdk8u66/4988/hotspot/src/share/vm/runtime/sharedRuntime.cpp, line 605]
Event: 0.764 Thread 0x00007f9e7f00b800 Exception <a 'java/lang/ArrayIndexOutOfBoundsException'> (0x0000000796898180) thrown at [/HUDSON3/workspace/8-2-build-macosx-x86_64/jdk8u66/4988/hotspot/src/share/vm/runtime/sharedRuntime.cpp, line 605]
Event: 0.765 Thread 0x00007f9e7f00b800 Exception <a 'java/lang/ArrayIndexOutOfBoundsException'> (0x0000000796899528) thrown at [/HUDSON3/workspace/8-2-build-macosx-x86_64/jdk8u66/4988/hotspot/src/share/vm/runtime/sharedRuntime.cpp, line 605]
Event: 0.968 Thread 0x00007f9e7f00b800 Exception <a 'java/io/FileNotFoundException'> (0x0000000796fbeb90) thrown at [/HUDSON3/workspace/8-2-build-macosx-x86_64/jdk8u66/4988/hotspot/src/share/vm/prims/jni.cpp, line 709]
Event: 3.321 Thread 0x00007f9e7e38a000 Exception <a 'java/io/FileNotFoundException'> (0x0000000795e42968) thrown at [/HUDSON3/workspace/8-2-build-macosx-x86_64/jdk8u66/4988/hotspot/src/share/vm/prims/jni.cpp, line 709]
Event: 3.321 Thread 0x00007f9e7e38a000 Exception <a 'java/io/FileNotFoundException'> (0x0000000795e43488) thrown at [/HUDSON3/workspace/8-2-build-macosx-x86_64/jdk8u66/4988/hotspot/src/share/vm/prims/jni.cpp, line 709]
Event: 5.757 Thread 0x00007f9e7e11f000 Implicit null exception at 0x000000010e701c15 to 0x000000010e701c55

Events (10 events):
Event: 37.594 Thread 0x00007f9e7f00b800 DEOPT UNPACKING pc=0x000000010e203229 sp=0x00007ffee3eaf350 mode 2
Event: 37.594 Thread 0x00007f9e7f00b800 Uncommon trap: trap_request=0xffffff65 fr.pc=0x000000010e7e014c
Event: 37.594 Thread 0x00007f9e7f00b800 DEOPT PACKING pc=0x000000010e7e014c sp=0x00007ffee3eaf430
Event: 37.594 Thread 0x00007f9e7f00b800 DEOPT UNPACKING pc=0x000000010e203229 sp=0x00007ffee3eaf3a0 mode 2
Event: 37.594 Thread 0x00007f9e7e11f000 Uncommon trap: trap_request=0xffffff65 fr.pc=0x000000010e87c3e0
Event: 37.594 Thread 0x00007f9e7e11f000 DEOPT PACKING pc=0x000000010e87c3e0 sp=0x000070000185f8d0
Event: 37.594 Thread 0x00007f9e7e11f000 DEOPT UNPACKING pc=0x000000010e203229 sp=0x000070000185f890 mode 2
Event: 37.595 Thread 0x00007f9e7e11f000 Uncommon trap: trap_request=0xffffffc6 fr.pc=0x000000010e9abf94
Event: 37.595 Thread 0x00007f9e7e11f000 DEOPT PACKING pc=0x000000010e9abf94 sp=0x000070000185f510
Event: 37.595 Thread 0x00007f9e7e11f000 DEOPT UNPACKING pc=0x000000010e203229 sp=0x000070000185f4d8 mode 2


Dynamic libraries:
0x000000001f69d000 	/System/Library/Frameworks/Cocoa.framework/Versions/A/Cocoa
0x000000001f69d000 	/System/Library/Frameworks/Security.framework/Versions/A/Security
0x000000001f69d000 	/System/Library/Frameworks/ApplicationServices.framework/Versions/A/ApplicationServices
0x000000001f69d000 	/usr/lib/libz.1.dylib
0x000000001f69d000 	/usr/lib/libSystem.B.dylib
0x000000001f69d000 	/usr/lib/libobjc.A.dylib
0x000000001f69d000 	/System/Library/Frameworks/CoreFoundation.framework/Versions/A/CoreFoundation
0x000000001f69d000 	/System/Library/Frameworks/Foundation.framework/Versions/C/Foundation
0x000000001f69d000 	/System/Library/Frameworks/AppKit.framework/Versions/C/AppKit
0x000000001f69d000 	/System/Library/Frameworks/CoreData.framework/Versions/A/CoreData
0x000000001f69d000 	/System/Library/PrivateFrameworks/RemoteViewServices.framework/Versions/A/RemoteViewServices
0x000000001f69d000 	/System/Library/PrivateFrameworks/UIFoundation.framework/Versions/A/UIFoundation
0x000000001f69d000 	/System/Library/PrivateFrameworks/DFRFoundation.framework/Versions/A/DFRFoundation
0x000000001f69d000 	/System/Library/Frameworks/Metal.framework/Versions/A/Metal
0x000000001f69d000 	/System/Library/PrivateFrameworks/DesktopServicesPriv.framework/Versions/A/DesktopServicesPriv
0x000000001f69d000 	/usr/lib/libenergytrace.dylib
0x000000001f69d000 	/System/Library/PrivateFrameworks/SkyLight.framework/Versions/A/SkyLight
0x000000001f69d000 	/System/Library/Frameworks/CoreGraphics.framework/Versions/A/CoreGraphics
0x000000001f69d000 	/usr/lib/libScreenReader.dylib
0x000000001f69d000 	/System/Library/Frameworks/Accelerate.framework/Versions/A/Accelerate
0x000000001f69d000 	/System/Library/Frameworks/IOSurface.framework/Versions/A/IOSurface
0x000000001f69d000 	/System/Library/Frameworks/AudioToolbox.framework/Versions/A/AudioToolbox
0x000000001f69d000 	/System/Library/Frameworks/AudioUnit.framework/Versions/A/AudioUnit
0x000000001f69d000 	/System/Library/PrivateFrameworks/DataDetectorsCore.framework/Versions/A/DataDetectorsCore
0x000000001f69d000 	/System/Library/Frameworks/Carbon.framework/Versions/A/Frameworks/HIToolbox.framework/Versions/A/HIToolbox
0x000000001f69d000 	/usr/lib/libicucore.A.dylib
0x000000001f69d000 	/System/Library/Frameworks/QuartzCore.framework/Versions/A/QuartzCore
0x000000001f69d000 	/System/Library/Frameworks/Carbon.framework/Versions/A/Frameworks/SpeechRecognition.framework/Versions/A/SpeechRecognition
0x000000001f69d000 	/usr/lib/libauto.dylib
0x000000001f69d000 	/usr/lib/libxml2.2.dylib
0x000000001f69d000 	/System/Library/PrivateFrameworks/CoreUI.framework/Versions/A/CoreUI
0x000000001f69d000 	/System/Library/Frameworks/CoreAudio.framework/Versions/A/CoreAudio
0x000000001f69d000 	/System/Library/Frameworks/DiskArbitration.framework/Versions/A/DiskArbitration
0x000000001f69d000 	/usr/lib/liblangid.dylib
0x000000001f69d000 	/System/Library/PrivateFrameworks/MultitouchSupport.framework/Versions/A/MultitouchSupport
0x000000001f69d000 	/System/Library/Frameworks/IOKit.framework/Versions/A/IOKit
0x000000001f69d000 	/usr/lib/libDiagnosticMessagesClient.dylib
0x000000001f69d000 	/System/Library/Frameworks/CoreServices.framework/Versions/A/CoreServices
0x000000001f69d000 	/System/Library/PrivateFrameworks/PerformanceAnalysis.framework/Versions/A/PerformanceAnalysis
0x000000001f69d000 	/System/Library/Frameworks/OpenGL.framework/Versions/A/OpenGL
0x000000001f69d000 	/System/Library/Frameworks/ColorSync.framework/Versions/A/ColorSync
0x000000001f69d000 	/System/Library/Frameworks/CoreImage.framework/Versions/A/CoreImage
0x000000001f69d000 	/System/Library/Frameworks/CoreText.framework/Versions/A/CoreText
0x000000001f69d000 	/System/Library/Frameworks/ImageIO.framework/Versions/A/ImageIO
0x000000001f69d000 	/System/Library/PrivateFrameworks/Backup.framework/Versions/A/Backup
0x000000001f69d000 	/usr/lib/libarchive.2.dylib
0x000000001f69d000 	/System/Library/Frameworks/CFNetwork.framework/Versions/A/CFNetwork
0x000000001f69d000 	/System/Library/Frameworks/SystemConfiguration.framework/Versions/A/SystemConfiguration
0x000000001f69d000 	/usr/lib/libCRFSuite.dylib
0x000000001f69d000 	/usr/lib/libc++.1.dylib
0x000000001f69d000 	/usr/lib/libc++abi.dylib
0x000000001f69d000 	/usr/lib/system/libcache.dylib
0x000000001f69d000 	/usr/lib/system/libcommonCrypto.dylib
0x000000001f69d000 	/usr/lib/system/libcompiler_rt.dylib
0x000000001f69d000 	/usr/lib/system/libcopyfile.dylib
0x000000001f69d000 	/usr/lib/system/libcorecrypto.dylib
0x000000001f69d000 	/usr/lib/system/libdispatch.dylib
0x000000001f69d000 	/usr/lib/system/libdyld.dylib
0x000000001f69d000 	/usr/lib/system/libkeymgr.dylib
0x000000001f69d000 	/usr/lib/system/liblaunch.dylib
0x000000001f69d000 	/usr/lib/system/libmacho.dylib
0x000000001f69d000 	/usr/lib/system/libquarantine.dylib
0x000000001f69d000 	/usr/lib/system/libremovefile.dylib
0x000000001f69d000 	/usr/lib/system/libsystem_asl.dylib
0x000000001f69d000 	/usr/lib/system/libsystem_blocks.dylib
0x000000001f69d000 	/usr/lib/system/libsystem_c.dylib
0x000000001f69d000 	/usr/lib/system/libsystem_configuration.dylib
0x000000001f69d000 	/usr/lib/system/libsystem_coreservices.dylib
0x000000001f69d000 	/usr/lib/system/libsystem_darwin.dylib
0x000000001f69d000 	/usr/lib/system/libsystem_dnssd.dylib
0x000000001f69d000 	/usr/lib/system/libsystem_info.dylib
0x000000001f69d000 	/usr/lib/system/libsystem_m.dylib
0x000000001f69d000 	/usr/lib/system/libsystem_malloc.dylib
0x000000001f69d000 	/usr/lib/system/libsystem_network.dylib
0x000000001f69d000 	/usr/lib/system/libsystem_networkextension.dylib
0x000000001f69d000 	/usr/lib/system/libsystem_notify.dylib
0x000000001f69d000 	/usr/lib/system/libsystem_sandbox.dylib
0x000000001f69d000 	/usr/lib/system/libsystem_secinit.dylib
0x000000001f69d000 	/usr/lib/system/libsystem_kernel.dylib
0x000000001f69d000 	/usr/lib/system/libsystem_platform.dylib
0x000000001f69d000 	/usr/lib/system/libsystem_pthread.dylib
0x000000001f69d000 	/usr/lib/system/libsystem_symptoms.dylib
0x000000001f69d000 	/usr/lib/system/libsystem_trace.dylib
0x000000001f69d000 	/usr/lib/system/libunwind.dylib
0x000000001f69d000 	/usr/lib/system/libxpc.dylib
0x000000001f69d000 	/usr/lib/closure/libclosured.dylib
0x000000001f69d000 	/usr/lib/libbsm.0.dylib
0x000000001f69d000 	/usr/lib/system/libkxld.dylib
0x000000001f69d000 	/usr/lib/libOpenScriptingUtil.dylib
0x000000001f69d000 	/usr/lib/libcoretls.dylib
0x000000001f69d000 	/usr/lib/libcoretls_cfhelpers.dylib
0x000000001f69d000 	/usr/lib/libpam.2.dylib
0x000000001f69d000 	/usr/lib/libsqlite3.dylib
0x000000001f69d000 	/usr/lib/libxar.1.dylib
0x000000001f69d000 	/usr/lib/libbz2.1.0.dylib
0x000000001f69d000 	/usr/lib/liblzma.5.dylib
0x000000001f69d000 	/usr/lib/libnetwork.dylib
0x000000001f69d000 	/usr/lib/libapple_nghttp2.dylib
0x000000001f69d000 	/usr/lib/libpcap.A.dylib
0x000000001f69d000 	/usr/lib/libboringssl.dylib
0x000000001f69d000 	/usr/lib/libusrtcp.dylib
0x000000001f69d000 	/usr/lib/libapple_crypto.dylib
0x000000001f69d000 	/System/Library/Frameworks/CoreServices.framework/Versions/A/Frameworks/FSEvents.framework/Versions/A/FSEvents
0x000000001f69d000 	/System/Library/Frameworks/CoreServices.framework/Versions/A/Frameworks/CarbonCore.framework/Versions/A/CarbonCore
0x000000001f69d000 	/System/Library/Frameworks/CoreServices.framework/Versions/A/Frameworks/Metadata.framework/Versions/A/Metadata
0x000000001f69d000 	/System/Library/Frameworks/CoreServices.framework/Versions/A/Frameworks/OSServices.framework/Versions/A/OSServices
0x000000001f69d000 	/System/Library/Frameworks/CoreServices.framework/Versions/A/Frameworks/SearchKit.framework/Versions/A/SearchKit
0x000000001f69d000 	/System/Library/Frameworks/CoreServices.framework/Versions/A/Frameworks/AE.framework/Versions/A/AE
0x000000001f69d000 	/System/Library/Frameworks/CoreServices.framework/Versions/A/Frameworks/LaunchServices.framework/Versions/A/LaunchServices
0x000000001f69d000 	/System/Library/Frameworks/CoreServices.framework/Versions/A/Frameworks/DictionaryServices.framework/Versions/A/DictionaryServices
0x000000001f69d000 	/System/Library/Frameworks/CoreServices.framework/Versions/A/Frameworks/SharedFileList.framework/Versions/A/SharedFileList
0x000000001f69d000 	/System/Library/Frameworks/NetFS.framework/Versions/A/NetFS
0x000000001f69d000 	/System/Library/PrivateFrameworks/NetAuth.framework/Versions/A/NetAuth
0x000000001f69d000 	/System/Library/PrivateFrameworks/login.framework/Versions/A/Frameworks/loginsupport.framework/Versions/A/loginsupport
0x000000001f69d000 	/System/Library/PrivateFrameworks/TCC.framework/Versions/A/TCC
0x000000001f69d000 	/usr/lib/libmecabra.dylib
0x000000001f69d000 	/System/Library/Frameworks/ApplicationServices.framework/Versions/A/Frameworks/ATS.framework/Versions/A/ATS
0x000000001f69d000 	/System/Library/Frameworks/ApplicationServices.framework/Versions/A/Frameworks/ColorSyncLegacy.framework/Versions/A/ColorSyncLegacy
0x000000001f69d000 	/System/Library/Frameworks/ApplicationServices.framework/Versions/A/Frameworks/HIServices.framework/Versions/A/HIServices
0x000000001f69d000 	/System/Library/Frameworks/ApplicationServices.framework/Versions/A/Frameworks/LangAnalysis.framework/Versions/A/LangAnalysis
0x000000001f69d000 	/System/Library/Frameworks/ApplicationServices.framework/Versions/A/Frameworks/PrintCore.framework/Versions/A/PrintCore
0x000000001f69d000 	/System/Library/Frameworks/ApplicationServices.framework/Versions/A/Frameworks/QD.framework/Versions/A/QD
0x000000001f69d000 	/System/Library/Frameworks/ApplicationServices.framework/Versions/A/Frameworks/SpeechSynthesis.framework/Versions/A/SpeechSynthesis
0x000000001f69d000 	/System/Library/Frameworks/CoreDisplay.framework/Versions/A/CoreDisplay
0x000000001f69d000 	/System/Library/Frameworks/Accelerate.framework/Versions/A/Frameworks/vImage.framework/Versions/A/vImage
0x000000001f69d000 	/System/Library/Frameworks/Accelerate.framework/Versions/A/Frameworks/vecLib.framework/Versions/A/vecLib
0x000000001f69d000 	/System/Library/Frameworks/Accelerate.framework/Versions/A/Frameworks/vecLib.framework/Versions/A/libvDSP.dylib
0x000000001f69d000 	/System/Library/Frameworks/Accelerate.framework/Versions/A/Frameworks/vecLib.framework/Versions/A/libBNNS.dylib
0x000000001f69d000 	/System/Library/Frameworks/Accelerate.framework/Versions/A/Frameworks/vecLib.framework/Versions/A/libQuadrature.dylib
0x000000001f69d000 	/System/Library/Frameworks/Accelerate.framework/Versions/A/Frameworks/vecLib.framework/Versions/A/libvMisc.dylib
0x000000001f69d000 	/System/Library/Frameworks/Accelerate.framework/Versions/A/Frameworks/vecLib.framework/Versions/A/libLAPACK.dylib
0x000000001f69d000 	/System/Library/Frameworks/Accelerate.framework/Versions/A/Frameworks/vecLib.framework/Versions/A/libBLAS.dylib
0x000000001f69d000 	/System/Library/Frameworks/Accelerate.framework/Versions/A/Frameworks/vecLib.framework/Versions/A/libLinearAlgebra.dylib
0x000000001f69d000 	/System/Library/Frameworks/Accelerate.framework/Versions/A/Frameworks/vecLib.framework/Versions/A/libSparse.dylib
0x000000001f69d000 	/System/Library/Frameworks/Accelerate.framework/Versions/A/Frameworks/vecLib.framework/Versions/A/libSparseBLAS.dylib
0x000000001f69d000 	/System/Library/PrivateFrameworks/IOAccelerator.framework/Versions/A/IOAccelerator
0x000000001f69d000 	/System/Library/PrivateFrameworks/IOPresentment.framework/Versions/A/IOPresentment
0x000000001f69d000 	/System/Library/PrivateFrameworks/DSExternalDisplay.framework/Versions/A/DSExternalDisplay
0x000000001f69d000 	/System/Library/Frameworks/OpenGL.framework/Versions/A/Libraries/libCoreFSCache.dylib
0x000000001f69d000 	/System/Library/Frameworks/CoreVideo.framework/Versions/A/CoreVideo
0x000000001f69d000 	/System/Library/PrivateFrameworks/GraphVisualizer.framework/Versions/A/GraphVisualizer
0x000000001f69d000 	/System/Library/Frameworks/MetalPerformanceShaders.framework/Versions/A/MetalPerformanceShaders
0x000000001f69d000 	/usr/lib/libFosl_dynamic.dylib
0x000000001f69d000 	/System/Library/PrivateFrameworks/FaceCore.framework/Versions/A/FaceCore
0x000000001f69d000 	/System/Library/Frameworks/OpenCL.framework/Versions/A/OpenCL
0x000000001f69d000 	/usr/lib/libcompression.dylib
0x000000001f69d000 	/System/Library/Frameworks/ApplicationServices.framework/Versions/A/Frameworks/ATS.framework/Versions/A/Resources/libFontParser.dylib
0x000000001f69d000 	/System/Library/Frameworks/ApplicationServices.framework/Versions/A/Frameworks/ATS.framework/Versions/A/Resources/libFontRegistry.dylib
0x000000001f69d000 	/System/Library/Frameworks/ImageIO.framework/Versions/A/Resources/libJPEG.dylib
0x000000001f69d000 	/System/Library/Frameworks/ImageIO.framework/Versions/A/Resources/libTIFF.dylib
0x000000001f69d000 	/System/Library/Frameworks/ImageIO.framework/Versions/A/Resources/libPng.dylib
0x000000001f69d000 	/System/Library/Frameworks/ImageIO.framework/Versions/A/Resources/libGIF.dylib
0x000000001f69d000 	/System/Library/Frameworks/ImageIO.framework/Versions/A/Resources/libJP2.dylib
0x000000001f69d000 	/System/Library/Frameworks/ImageIO.framework/Versions/A/Resources/libRadiance.dylib
0x000000001f69d000 	/System/Library/PrivateFrameworks/AppleJPEG.framework/Versions/A/AppleJPEG
0x000000001f69d000 	/System/Library/PrivateFrameworks/MetalTools.framework/Versions/A/MetalTools
0x000000001f69d000 	/System/Library/Frameworks/MetalPerformanceShaders.framework/Frameworks/MPSCore.framework/Versions/A/MPSCore
0x000000001f69d000 	/System/Library/Frameworks/MetalPerformanceShaders.framework/Frameworks/MPSImage.framework/Versions/A/MPSImage
0x000000001f69d000 	/System/Library/Frameworks/MetalPerformanceShaders.framework/Frameworks/MPSMatrix.framework/Versions/A/MPSMatrix
0x000000001f69d000 	/System/Library/Frameworks/MetalPerformanceShaders.framework/Frameworks/MPSNeuralNetwork.framework/Versions/A/MPSNeuralNetwork
0x000000001f69d000 	/System/Library/Frameworks/OpenGL.framework/Versions/A/Libraries/libGLU.dylib
0x000000001f69d000 	/System/Library/Frameworks/OpenGL.framework/Versions/A/Libraries/libGFXShared.dylib
0x000000001f69d000 	/System/Library/Frameworks/OpenGL.framework/Versions/A/Libraries/libGL.dylib
0x000000001f69d000 	/System/Library/Frameworks/OpenGL.framework/Versions/A/Libraries/libGLImage.dylib
0x000000001f69d000 	/System/Library/Frameworks/OpenGL.framework/Versions/A/Libraries/libCVMSPluginSupport.dylib
0x000000001f69d000 	/System/Library/Frameworks/OpenGL.framework/Versions/A/Libraries/libCoreVMClient.dylib
0x000000001f69d000 	/usr/lib/libcups.2.dylib
0x000000001f69d000 	/System/Library/Frameworks/Kerberos.framework/Versions/A/Kerberos
0x000000001f69d000 	/System/Library/Frameworks/GSS.framework/Versions/A/GSS
0x000000001f69d000 	/usr/lib/libresolv.9.dylib
0x000000001f69d000 	/usr/lib/libiconv.2.dylib
0x000000001f69d000 	/System/Library/PrivateFrameworks/Heimdal.framework/Versions/A/Heimdal
0x000000001f69d000 	/usr/lib/libheimdal-asn1.dylib
0x000000001f69d000 	/System/Library/Frameworks/OpenDirectory.framework/Versions/A/OpenDirectory
0x000000001f69d000 	/System/Library/PrivateFrameworks/CommonAuth.framework/Versions/A/CommonAuth
0x000000001f69d000 	/System/Library/Frameworks/OpenDirectory.framework/Versions/A/Frameworks/CFOpenDirectory.framework/Versions/A/CFOpenDirectory
0x000000001f69d000 	/System/Library/Frameworks/SecurityFoundation.framework/Versions/A/SecurityFoundation
0x000000001f69d000 	/System/Library/PrivateFrameworks/APFS.framework/Versions/A/APFS
0x000000001f69d000 	/usr/lib/libutil.dylib
0x000000001f69d000 	/System/Library/PrivateFrameworks/AppleSauce.framework/Versions/A/AppleSauce
0x000000001f69d000 	/System/Library/PrivateFrameworks/LinguisticData.framework/Versions/A/LinguisticData
0x000000001f69d000 	/usr/lib/libmarisa.dylib
0x000000001f69d000 	/System/Library/PrivateFrameworks/Lexicon.framework/Versions/A/Lexicon
0x000000001f69d000 	/usr/lib/libChineseTokenizer.dylib
0x000000001f69d000 	/usr/lib/libcmph.dylib
0x000000001f69d000 	/System/Library/PrivateFrameworks/LanguageModeling.framework/Versions/A/LanguageModeling
0x000000001f69d000 	/System/Library/PrivateFrameworks/CoreEmoji.framework/Versions/A/CoreEmoji
0x000000001f69d000 	/System/Library/Frameworks/ServiceManagement.framework/Versions/A/ServiceManagement
0x000000001f69d000 	/System/Library/PrivateFrameworks/BackgroundTaskManagement.framework/Versions/A/BackgroundTaskManagement
0x000000001f69d000 	/usr/lib/libxslt.1.dylib
0x000000001f69d000 	/System/Library/Frameworks/Carbon.framework/Versions/A/Frameworks/Ink.framework/Versions/A/Ink
0x000000001f69d000 	/System/Library/PrivateFrameworks/TextureIO.framework/Versions/A/TextureIO
0x000000001f69d000 	/usr/lib/libate.dylib
0x000000001f69d000 	/System/Library/PrivateFrameworks/CrashReporterSupport.framework/Versions/A/CrashReporterSupport
0x000000001f69d000 	/System/Library/PrivateFrameworks/Sharing.framework/Versions/A/Sharing
0x000000001f69d000 	/System/Library/PrivateFrameworks/IconServices.framework/Versions/A/IconServices
0x000000001f69d000 	/System/Library/PrivateFrameworks/ProtocolBuffer.framework/Versions/A/ProtocolBuffer
0x000000001f69d000 	/System/Library/PrivateFrameworks/Apple80211.framework/Versions/A/Apple80211
0x000000001f69d000 	/System/Library/Frameworks/CoreWLAN.framework/Versions/A/CoreWLAN
0x000000001f69d000 	/System/Library/PrivateFrameworks/CoreUtils.framework/Versions/A/CoreUtils
0x000000001f69d000 	/System/Library/Frameworks/IOBluetooth.framework/Versions/A/IOBluetooth
0x000000001f69d000 	/System/Library/PrivateFrameworks/CoreWiFi.framework/Versions/A/CoreWiFi
0x000000001f69d000 	/System/Library/Frameworks/CoreBluetooth.framework/Versions/A/CoreBluetooth
0x000000001f69d000 	/System/Library/PrivateFrameworks/SignpostNotification.framework/Versions/A/SignpostNotification
0x000000001f69d000 	/System/Library/PrivateFrameworks/DebugSymbols.framework/Versions/A/DebugSymbols
0x000000001f69d000 	/System/Library/PrivateFrameworks/CoreSymbolication.framework/Versions/A/CoreSymbolication
0x000000001f69d000 	/System/Library/PrivateFrameworks/Symbolication.framework/Versions/A/Symbolication
0x000000001f69d000 	/System/Library/PrivateFrameworks/AppleFSCompression.framework/Versions/A/AppleFSCompression
0x000000001f69d000 	/System/Library/PrivateFrameworks/SpeechRecognitionCore.framework/Versions/A/SpeechRecognitionCore
0x000000010c600000 	/Library/Java/JavaVirtualMachines/jdk1.8.0_66.jdk/Contents/Home/jre/lib/server/libjvm.dylib
0x000000001f69d000 	/usr/lib/libstdc++.6.0.9.dylib
0x000000010bd88000 	/Library/Java/JavaVirtualMachines/jdk1.8.0_66.jdk/Contents/Home/jre/lib/libverify.dylib
0x000000010bd96000 	/Library/Java/JavaVirtualMachines/jdk1.8.0_66.jdk/Contents/Home/jre/lib/libjava.dylib
0x000000010bdd5000 	/Library/Java/JavaVirtualMachines/jdk1.8.0_66.jdk/Contents/Home/jre/lib/libzip.dylib
0x000000001f69d000 	/System/Library/Frameworks/JavaVM.framework/Versions/A/Frameworks/JavaRuntimeSupport.framework/Versions/A/JavaRuntimeSupport
0x000000001f69d000 	/System/Library/Frameworks/JavaVM.framework/Versions/A/Frameworks/JavaNativeFoundation.framework/Versions/A/JavaNativeFoundation
0x000000001f69d000 	/System/Library/Frameworks/JavaVM.framework/Versions/A/JavaVM
0x000000001f69d000 	/System/Library/Frameworks/Carbon.framework/Versions/A/Carbon
0x000000001f69d000 	/System/Library/PrivateFrameworks/JavaLaunching.framework/Versions/A/JavaLaunching
0x000000001f69d000 	/System/Library/Frameworks/Carbon.framework/Versions/A/Frameworks/CommonPanels.framework/Versions/A/CommonPanels
0x000000001f69d000 	/System/Library/Frameworks/Carbon.framework/Versions/A/Frameworks/Help.framework/Versions/A/Help
0x000000001f69d000 	/System/Library/Frameworks/Carbon.framework/Versions/A/Frameworks/ImageCapture.framework/Versions/A/ImageCapture
0x000000001f69d000 	/System/Library/Frameworks/Carbon.framework/Versions/A/Frameworks/OpenScripting.framework/Versions/A/OpenScripting
0x000000001f69d000 	/System/Library/Frameworks/Carbon.framework/Versions/A/Frameworks/Print.framework/Versions/A/Print
0x000000001f69d000 	/System/Library/Frameworks/Carbon.framework/Versions/A/Frameworks/SecurityHI.framework/Versions/A/SecurityHI
0x0000000124a2c000 	/Library/Java/JavaVirtualMachines/jdk1.8.0_66.jdk/Contents/Home/jre/lib/libprism_es2.dylib
0x000000001f69d000 	/System/Library/PrivateFrameworks/CoreServicesInternal.framework/Versions/A/CoreServicesInternal
0x000000001f69d000 	/System/Library/Frameworks/OpenGL.framework/Versions/A/Resources/GLEngine.bundle/GLEngine
0x000000001f69d000 	/System/Library/Frameworks/OpenGL.framework/Versions/A/Libraries/libGLProgrammability.dylib
0x0000000124cd5000 	/System/Library/Extensions/AppleIntelHD5000GraphicsGLDriver.bundle/Contents/MacOS/AppleIntelHD5000GraphicsGLDriver
0x000000001f69d000 	/System/Library/PrivateFrameworks/GPUSupport.framework/Versions/A/Libraries/libGPUSupportMercury.dylib
0x000000001f69d000 	/System/Library/Frameworks/OpenGL.framework/Versions/A/Resources/GLRendererFloat.bundle/GLRendererFloat
0x000000001f69d000 	/System/Library/Frameworks/OpenCL.framework/Versions/A/Libraries/libcldcpuengine.dylib
0x000000001f69d000 	/usr/lib/libcrypto.35.dylib
0x000000001f69d000 	/System/Library/PrivateFrameworks/TrustEvaluationAgent.framework/Versions/A/TrustEvaluationAgent
0x000000012586a000 	/Library/Java/JavaVirtualMachines/jdk1.8.0_66.jdk/Contents/Home/jre/lib/libglass.dylib
0x000000001f69d000 	/System/Library/CoreServices/RawCamera.bundle/Contents/MacOS/RawCamera
0x000000001f69d000 	/System/Library/PrivateFrameworks/MobileAsset.framework/Versions/A/MobileAsset
0x000000001f69d000 	/System/Library/PrivateFrameworks/StreamingZip.framework/Versions/A/StreamingZip
0x000000001f69d000 	/System/Library/Frameworks/MediaToolbox.framework/Versions/A/MediaToolbox
0x000000001f69d000 	/System/Library/PrivateFrameworks/CoreAVCHD.framework/Versions/A/CoreAVCHD
0x000000001f69d000 	/System/Library/Frameworks/MediaAccessibility.framework/Versions/A/MediaAccessibility
0x000000001f69d000 	/System/Library/PrivateFrameworks/Mangrove.framework/Versions/A/Mangrove
0x000000001f69d000 	/System/Library/Frameworks/CoreMedia.framework/Versions/A/CoreMedia
0x000000001f69d000 	/System/Library/Frameworks/VideoToolbox.framework/Versions/A/VideoToolbox
0x000000001f69d000 	/System/Library/PrivateFrameworks/CoreAUC.framework/Versions/A/CoreAUC
0x000000001f69d000 	/usr/lib/libspindump.dylib
0x000000001f69d000 	/usr/lib/libdscsym.dylib
0x000000001f69d000 	/System/Library/PrivateFrameworks/AppleVA.framework/Versions/A/AppleVA
0x000000001f69d000 	/System/Library/Frameworks/Accelerate.framework/Versions/A/Frameworks/vImage.framework/Versions/A/Libraries/libCGInterfaces.dylib
0x000000001f69d000 	/System/Library/PrivateFrameworks/FamilyControls.framework/Versions/A/FamilyControls
0x000000001f69d000 	/System/Library/PrivateFrameworks/CommerceKit.framework/Versions/A/Frameworks/CommerceCore.framework/Versions/A/CommerceCore
0x000000001f69d000 	/System/Library/PrivateFrameworks/SystemAdministration.framework/Versions/A/SystemAdministration
0x000000001f69d000 	/System/Library/PrivateFrameworks/AppContainer.framework/Versions/A/AppContainer
0x000000001f69d000 	/System/Library/PrivateFrameworks/SecCodeWrapper.framework/Versions/A/SecCodeWrapper
0x000000001f69d000 	/System/Library/PrivateFrameworks/DiskManagement.framework/Versions/A/DiskManagement
0x000000001f69d000 	/System/Library/Frameworks/DirectoryService.framework/Versions/A/DirectoryService
0x000000001f69d000 	/System/Library/PrivateFrameworks/DiskImages.framework/Versions/A/DiskImages
0x000000001f69d000 	/System/Library/PrivateFrameworks/LoginUIKit.framework/Versions/A/Frameworks/LoginUICore.framework/Versions/A/LoginUICore
0x000000001f69d000 	/usr/lib/libCoreStorage.dylib
0x000000001f69d000 	/usr/lib/libcsfde.dylib
0x000000001f69d000 	/usr/lib/libodfde.dylib
0x000000001f69d000 	/System/Library/PrivateFrameworks/MediaKit.framework/Versions/A/MediaKit
0x000000001f69d000 	/System/Library/Frameworks/DiscRecording.framework/Versions/A/DiscRecording
0x000000001f69d000 	/System/Library/PrivateFrameworks/EFILogin.framework/Versions/A/EFILogin
0x000000001f69d000 	/System/Library/PrivateFrameworks/ProtectedCloudStorage.framework/Versions/A/ProtectedCloudStorage
0x000000001f69d000 	/usr/lib/libcurl.4.dylib
0x000000001f69d000 	/usr/lib/libssl.35.dylib
0x000000001f69d000 	/System/Library/Frameworks/LDAP.framework/Versions/A/LDAP
0x000000001f69d000 	/usr/lib/libsasl2.2.dylib
0x000000001f69d000 	/System/Library/PrivateFrameworks/CoreDaemon.framework/Versions/B/CoreDaemon
0x000000001f69d000 	/System/Library/PrivateFrameworks/AppleSRP.framework/Versions/A/AppleSRP
0x0000000127ab6000 	/Users/richard/Documents/Cellar/opencv/3.4.0_1/share/OpenCV/java/libopencv_java340.dylib
0x0000000127c17000 	/usr/local/Cellar/opencv/3.4.0_1/lib/libopencv_xphoto.3.4.dylib
0x0000000127caf000 	/usr/local/Cellar/opencv/3.4.0_1/lib/libopencv_img_hash.3.4.dylib
0x0000000127cc5000 	/usr/local/Cellar/opencv/3.4.0_1/lib/libopencv_bioinspired.3.4.dylib
0x0000000127d0e000 	/usr/local/Cellar/opencv/3.4.0_1/lib/libopencv_structured_light.3.4.dylib
0x0000000127d28000 	/usr/local/Cellar/opencv/3.4.0_1/lib/libopencv_xfeatures2d.3.4.dylib
0x0000000128017000 	/usr/local/Cellar/opencv/3.4.0_1/lib/libopencv_ximgproc.3.4.dylib
0x000000012824b000 	/usr/local/Cellar/opencv/3.4.0_1/lib/libopencv_aruco.3.4.dylib
0x00000001282a8000 	/usr/local/Cellar/opencv/3.4.0_1/lib/libopencv_face.3.4.dylib
0x0000000128355000 	/usr/local/opt/tbb/lib/libtbb.dylib
0x0000000125f91000 	/usr/local/Cellar/opencv/3.4.0_1/lib/libopencv_phase_unwrapping.3.4.dylib
0x000000012838f000 	/usr/local/Cellar/opencv/3.4.0_1/lib/libopencv_shape.3.4.dylib
0x00000001283c2000 	/usr/local/Cellar/opencv/3.4.0_1/lib/libopencv_calib3d.3.4.dylib
0x000000012856d000 	/usr/local/Cellar/opencv/3.4.0_1/lib/libopencv_objdetect.3.4.dylib
0x00000001285df000 	/usr/local/Cellar/opencv/3.4.0_1/lib/libopencv_photo.3.4.dylib
0x00000001286a9000 	/usr/local/Cellar/opencv/3.4.0_1/lib/libopencv_tracking.3.4.dylib
0x00000001288a3000 	/usr/local/Cellar/opencv/3.4.0_1/lib/libopencv_plot.3.4.dylib
0x00000001288ae000 	/usr/local/Cellar/opencv/3.4.0_1/lib/libopencv_video.3.4.dylib
0x000000012890c000 	/usr/local/Cellar/opencv/3.4.0_1/lib/libopencv_datasets.3.4.dylib
0x0000000128968000 	/usr/local/Cellar/opencv/3.4.0_1/lib/libopencv_text.3.4.dylib
0x0000000128aa9000 	/usr/local/Cellar/opencv/3.4.0_1/lib/libopencv_ml.3.4.dylib
0x0000000128b5d000 	/usr/local/Cellar/opencv/3.4.0_1/lib/libopencv_dnn.3.4.dylib
0x0000000128f0a000 	/usr/local/Cellar/opencv/3.4.0_1/lib/libopencv_features2d.3.4.dylib
0x0000000128fc9000 	/usr/local/Cellar/opencv/3.4.0_1/lib/libopencv_flann.3.4.dylib
0x0000000129029000 	/usr/local/Cellar/opencv/3.4.0_1/lib/libopencv_highgui.3.4.dylib
0x000000012903f000 	/usr/local/Cellar/opencv/3.4.0_1/lib/libopencv_videoio.3.4.dylib
0x000000012906e000 	/usr/local/Cellar/opencv/3.4.0_1/lib/libopencv_imgcodecs.3.4.dylib
0x0000000129134000 	/usr/local/Cellar/opencv/3.4.0_1/lib/libopencv_imgproc.3.4.dylib
0x000000012b704000 	/usr/local/Cellar/opencv/3.4.0_1/lib/libopencv_core.3.4.dylib
0x000000012c367000 	/usr/local/opt/ffmpeg/lib/libavcodec.57.dylib
0x000000012d5f7000 	/usr/local/opt/ffmpeg/lib/libavformat.57.dylib
0x000000012d7a9000 	/usr/local/opt/ffmpeg/lib/libavutil.55.dylib
0x000000012d812000 	/usr/local/opt/ffmpeg/lib/libswscale.4.dylib
0x000000012d891000 	/usr/local/opt/ffmpeg/lib/libavresample.3.dylib
0x000000001f69d000 	/System/Library/Frameworks/VideoDecodeAcceleration.framework/Versions/A/VideoDecodeAcceleration
0x000000001f69d000 	/System/Library/Frameworks/AVFoundation.framework/Versions/A/AVFoundation
0x000000012d8b2000 	/usr/local/opt/libpng/lib/libpng16.16.dylib
0x000000012d8de000 	/usr/local/opt/libtiff/lib/libtiff.5.dylib
0x000000012d947000 	/usr/local/opt/ilmbase/lib/libImath-2_2.12.dylib
0x000000012d955000 	/usr/local/opt/openexr/lib/libIlmImf-2_2.22.dylib
0x000000012dc35000 	/usr/local/opt/ilmbase/lib/libIex-2_2.12.dylib
0x000000012dc47000 	/usr/local/opt/ilmbase/lib/libHalf.12.dylib
0x000000012dc8b000 	/usr/local/opt/ilmbase/lib/libIlmThread-2_2.12.dylib
0x000000012dc93000 	/usr/local/opt/jpeg/lib/libjpeg.9.dylib
0x000000012dcc6000 	/usr/local/opt/ilmbase/lib/libIexMath-2_2.12.dylib
0x000000012dccb000 	/usr/local/Cellar/ffmpeg/3.4.2/lib/libswresample.2.dylib
0x000000012dceb000 	/usr/local/opt/x264/lib/libx264.152.dylib
0x000000012de61000 	/usr/local/opt/lame/lib/libmp3lame.0.dylib
0x000000001f69d000 	/System/Library/Frameworks/AVFoundation.framework/Versions/A/Frameworks/AVFAudio.framework/Versions/A/AVFAudio
0x000000001f69d000 	/System/Library/PrivateFrameworks/IntlPreferences.framework/Versions/A/IntlPreferences
0x000000001f69d000 	/System/Library/Frameworks/CoreMediaIO.framework/Versions/A/CoreMediaIO
0x000000001f69d000 	/System/Library/PrivateFrameworks/RemoteServiceDiscovery.framework/Versions/A/RemoteServiceDiscovery
0x000000001f69d000 	/System/Library/PrivateFrameworks/RemoteXPC.framework/Versions/A/RemoteXPC
0x000000001f69d000 	/System/Library/PrivateFrameworks/InternationalSupport.framework/Versions/A/InternationalSupport
0x000000012e0cf000 	/Library/Java/JavaVirtualMachines/jdk1.8.0_66.jdk/Contents/Home/jre/lib/libjavafx_font.dylib
0x000000001f69d000 	/System/Library/Frameworks/ApplicationServices.framework/Versions/A/Frameworks/ATS.framework/Versions/A/Resources/libTrueTypeScaler.dylib
0x000000001f69d000 	/System/Library/Extensions/AppleIntelHD5000GraphicsMTLDriver.bundle/Contents/MacOS/AppleIntelHD5000GraphicsMTLDriver
0x000000001f69d000 	/System/Library/PrivateFrameworks/GPUCompiler.framework/Versions/3802/Libraries/libmetal_timestamp.dylib
0x0000000126099000 	/Library/Java/JavaVirtualMachines/jdk1.8.0_66.jdk/Contents/Home/jre/lib/libprism_common.dylib
0x000000001f69d000 	/System/Library/PrivateFrameworks/ViewBridge.framework/Versions/A/ViewBridge
0x00000001261da000 	/System/Library/Extensions/AppleHDA.kext/Contents/PlugIns/AppleHDAHALPlugIn.bundle/Contents/MacOS/AppleHDAHALPlugIn
0x00000001362b2000 	/Library/CoreMediaIO/Plug-Ins/DAL/AppleCamera.plugin/Contents/MacOS/AppleCamera
0x00000001362dd000 	/System/Library/Frameworks/CoreMediaIO.framework/Resources/CMIOUnits.bundle/Contents/MacOS/CMIOUnits
0x000000001f69d000 	/System/Library/PrivateFrameworks/FWAVC.framework/Versions/A/FWAVC
0x000000001f69d000 	/System/Library/PrivateFrameworks/AppleGVA.framework/Versions/A/AppleGVA
0x0000000136470000 	/usr/local/opt/tbb/lib/libtbbmalloc.dylib
0x00000001364fc000 	/Library/Java/JavaVirtualMachines/jdk1.8.0_66.jdk/Contents/Home/jre/lib/libawt.dylib
0x0000000137aac000 	/Library/Java/JavaVirtualMachines/jdk1.8.0_66.jdk/Contents/Home/jre/lib/./libmlib_image.dylib
0x0000000137b78000 	/Library/Java/JavaVirtualMachines/jdk1.8.0_66.jdk/Contents/Home/jre/lib/libawt_lwawt.dylib
0x00000001261eb000 	/Library/Java/JavaVirtualMachines/jdk1.8.0_66.jdk/Contents/Home/jre/lib/./libosxapp.dylib
0x000000001f69d000 	/System/Library/Frameworks/ExceptionHandling.framework/Versions/A/ExceptionHandling

VM Arguments:
jvm_args: -Djava.library.path=/Users/richard/Documents/Cellar/opencv/3.4.0_1/share/OpenCV/java -Dfile.encoding=UTF-8 
java_command: it.polito.teaching.cv.ObjRecognition
java_class_path (initial): /Library/Java/JavaVirtualMachines/jdk1.8.0_66.jdk/Contents/Home/jre/lib/resources.jar:/Library/Java/JavaVirtualMachines/jdk1.8.0_66.jdk/Contents/Home/jre/lib/rt.jar:/Library/Java/JavaVirtualMachines/jdk1.8.0_66.jdk/Contents/Home/jre/lib/jsse.jar:/Library/Java/JavaVirtualMachines/jdk1.8.0_66.jdk/Contents/Home/jre/lib/jce.jar:/Library/Java/JavaVirtualMachines/jdk1.8.0_66.jdk/Contents/Home/jre/lib/charsets.jar:/Library/Java/JavaVirtualMachines/jdk1.8.0_66.jdk/Contents/Home/jre/lib/jfr.jar:/Library/Java/JavaVirtualMachines/jdk1.8.0_66.jdk/Contents/Home/jre/lib/ext/sunec.jar:/Library/Java/JavaVirtualMachines/jdk1.8.0_66.jdk/Contents/Home/jre/lib/ext/nashorn.jar:/Library/Java/JavaVirtualMachines/jdk1.8.0_66.jdk/Contents/Home/jre/lib/ext/cldrdata.jar:/Library/Java/JavaVirtualMachines/jdk1.8.0_66.jdk/Contents/Home/jre/lib/ext/jfxrt.jar:/Library/Java/JavaVirtualMachines/jdk1.8.0_66.jdk/Contents/Home/jre/lib/ext/dnsns.jar:/Library/Java/JavaVirtualMachines/jdk1.8.0_66.jdk/Contents/Home/jre/lib/ext/localedata.jar:/Library/Java/JavaVirtualMachines/jdk1.8.0_66.jdk/Contents/Home/jre/lib/ext/sunjce_provider.jar:/Library/Java/JavaVirtualMachines/jdk1.8.0_66.jdk/Contents/Home/jre/lib/ext/sunpkcs11.jar:/Library/Java/JavaVirtualMachines/jdk1.8.0_66.jdk/Contents/Home/jre/lib/ext/jaccess.jar:/Library/Java/JavaVirtualMachines/jdk1.8.0_66.jdk/Contents/Home/jre/lib/ext/zipfs.jar:/System/Library/Java/Extensions/MRJToolkit.jar:/Users/richard/git/object-detection/bin:/Users/richard/Documents/opencv-340.jar
Launcher Type: SUN_STANDARD

Environment Variables:
PATH=/usr/bin:/bin:/usr/sbin:/sbin
SHELL=/bin/bash
DISPLAY=/private/tmp/com.apple.launchd.RLgoyXPTTd/org.macosforge.xquartz:0

Signal Handlers:
SIGSEGV: [libjvm.dylib+0x5a65d5], sa_mask[0]=11111111011111110111111111111111, sa_flags=SA_ONSTACK|SA_RESTART|SA_SIGINFO
SIGBUS: [libjvm.dylib+0x5a65d5], sa_mask[0]=11111111011111110111111111111111, sa_flags=SA_RESTART|SA_SIGINFO
SIGFPE: [libjvm.dylib+0x4802e8], sa_mask[0]=11111111011111110111111111111111, sa_flags=SA_RESTART|SA_SIGINFO
SIGPIPE: [libjvm.dylib+0x4802e8], sa_mask[0]=11111111011111110111111111111111, sa_flags=SA_RESTART|SA_SIGINFO
SIGXFSZ: [libjvm.dylib+0x4802e8], sa_mask[0]=11111111011111110111111111111111, sa_flags=SA_RESTART|SA_SIGINFO
SIGILL: [libjvm.dylib+0x4802e8], sa_mask[0]=11111111011111110111111111111111, sa_flags=SA_RESTART|SA_SIGINFO
SIGUSR1: SIG_DFL, sa_mask[0]=00000000000000000000000000000000, sa_flags=none
SIGUSR2: [libjvm.dylib+0x47fe06], sa_mask[0]=00100000000000000000000000000000, sa_flags=SA_RESTART|SA_SIGINFO
SIGHUP: [libjvm.dylib+0x47e3dd], sa_mask[0]=11111111011111110111111111111111, sa_flags=SA_RESTART|SA_SIGINFO
SIGINT: [libjvm.dylib+0x47e3dd], sa_mask[0]=11111111011111110111111111111111, sa_flags=SA_RESTART|SA_SIGINFO
SIGTERM: [libjvm.dylib+0x47e3dd], sa_mask[0]=11111111011111110111111111111111, sa_flags=SA_RESTART|SA_SIGINFO
SIGQUIT: [libjvm.dylib+0x47e3dd], sa_mask[0]=11111111011111110111111111111111, sa_flags=SA_RESTART|SA_SIGINFO


---------------  S Y S T E M  ---------------

OS:Bsduname:Darwin 17.4.0 Darwin Kernel Version 17.4.0: Mon Dec 11 21:15:27 PST 2017; root:xnu-4570.40.9~4/RELEASE_X86_64 x86_64
rlimit: STACK 8192k, CORE 0k, NPROC 709, NOFILE 10240, AS infinity
load average:2.84 2.12 2.03

CPU:total 4 (2 cores per cpu, 2 threads per core) family 6 model 69 stepping 1, cmov, cx8, fxsr, mmx, sse, sse2, sse3, ssse3, sse4.1, sse4.2, popcnt, avx, avx2, aes, clmul, erms, lzcnt, ht, tsc, tscinvbit, bmi1, bmi2

Memory: 4k page, physical 8388608k(43308k free)

/proc/meminfo:


vm_info: Java HotSpot(TM) 64-Bit Server VM (25.66-b17) for bsd-amd64 JRE (1.8.0_66-b17), built on Oct  6 2015 16:09:13 by "java_re" with gcc 4.2.1 (Based on Apple Inc. build 5658) (LLVM build 2336.11.00)

time: Sun Feb 25 09:57:25 2018
elapsed time: 38 seconds (0d 0h 0m 38s)

