#
# A fatal error has been detected by the Java Runtime Environment:
#
#  SIGSEGV (0xb) at pc=0x00007fff6dd2fe97, pid=24141, tid=140291
#
# JRE version: Java(TM) SE Runtime Environment (8.0_66-b17) (build 1.8.0_66-b17)
# Java VM: Java HotSpot(TM) 64-Bit Server VM (25.66-b17 mixed mode bsd-amd64 compressed oops)
# Problematic frame:
# C  [libobjc.A.dylib+0x6e97]  objc_msgSend+0x17
#
# Failed to write core dump. Core dumps have been disabled. To enable core dumping, try "ulimit -c unlimited" before starting Java again
#
# If you would like to submit a bug report, please visit:
#   http://bugreport.java.com/bugreport/crash.jsp
# The crash happened outside the Java Virtual Machine in native code.
# See problematic frame for where to report the bug.
#

---------------  T H R E A D  ---------------

Current thread (0x00007fa5cc072800):  JavaThread "pool-2-thread-1" [_thread_in_native, id=140291, stack(0x00007000122a6000,0x00007000123a6000)]

siginfo: si_signo: 11 (SIGSEGV), si_code: 0 (unknown), si_addr: 0x0000000000000000

Registers:
RAX=0x0000000000000000, RBX=0x00007fa5ccfa5880, RCX=0x0000000000000000, RDX=0x0000000049196b1b
RSP=0x00007000123a52e8, RBP=0x00007000123a5310, RSI=0x00007fff4534253e, RDI=0x800007fa5ccfb48e
R8 =0x0000000000007f00, R9 =0x00007fa5ccfa5a48, R10=0x00007ffffffffff8, R11=0x00007fa5ccfa5a4c
R12=0x0000000000000010, R13=0x00007000123a5818, R14=0x0000000000000000, R15=0x0000000000000008
RIP=0x00007fff6dd2fe97, EFLAGS=0x0000000000010246, ERR=0x0000000000000000
  TRAPNO=0x000000000000000d

Top of Stack: (sp=0x00007000123a52e8)
0x00007000123a52e8:   000000012083cf83 00007fff6dd2fe80
0x00007000123a52f8:   0000000000000000 00007fa5ca745e10
0x00007000123a5308:   00007fa5cfc0bc30 00007000123a5340
0x00007000123a5318:   000000012083c6f1 3ff0000000000000
0x00007000123a5328:   00007fa5ca7d4580 00007000123a53b8
0x00007000123a5338:   00007fa5cc072800 00007000123a5370
0x00007000123a5348:   000000012082fa76 0000000000000000
0x00007000123a5358:   0000000000000000 0000700000000000
0x00007000123a5368:   00007fa5ca7d4580 00007000123a53a0
0x00007000123a5378:   000000012082fe0c 0000000000000000
0x00007000123a5388:   00007fa500000000 00007fa5cc0729f8
0x00007000123a5398:   00007000123a5420 00007000123a53e0
0x00007000123a53a8:   000000011f2fdd8b 00007000123a53d0
0x00007000123a53b8:   00007fff02010000 00007fa5ca573ac0
0x00007000123a53c8:   0000000000000000 00000001284a3770
0x00007000123a53d8:   00007000123a5420 00007000123a5430
0x00007000123a53e8:   000000010f08c9b6 0000000796014c28
0x00007000123a53f8:   0000000040200021 00007000123a5430
0x00007000123a5408:   00007000123a5430 00000001284b5f60
0x00007000123a5418:   00000007c00bd428 0000000740383718
0x00007000123a5428:   0000000796014c28 000000074047e1d0
0x00007000123a5438:   000000010f6ce7ec 0000000000000000
0x00007000123a5448:   000002d000000500 000000079afd8140
0x00007000123a5458:   0000000300000000 0000000000000f00
0x00007000123a5468:   0000000000000000 0000000000000000
0x00007000123a5478:   0000000000000000 0000000000000000
0x00007000123a5488:   0000000000000000 00007000123a5500
0x00007000123a5498:   0000000100000001 000000079afd8140
0x00007000123a54a8:   0000000000000000 0000000000000000
0x00007000123a54b8:   0000000000000000 00000007960148f0
0x00007000123a54c8:   000000079afd8130 00007fa5cc0729f8
0x00007000123a54d8:   00000000e809111e 00007000123a5590 

Instructions: (pc=0x00007fff6dd2fe97)
0x00007fff6dd2fe77:   84 00 00 00 00 00 0f 1f 00 48 85 ff 2e 74 62 40
0x00007fff6dd2fe87:   f6 c7 01 2e 75 66 49 ba f8 ff ff ff ff 7f 00 00
0x00007fff6dd2fe97:   4c 23 17 49 89 f3 45 23 5a 18 49 c1 e3 04 4d 03
0x00007fff6dd2fea7:   5a 10 49 3b 33 75 04 41 ff 63 08 49 83 3b 01 76 

Register to memory mapping:

RAX=0x0000000000000000 is an unknown value
RBX=0x00007fa5ccfa5880 is an unknown value
RCX=0x0000000000000000 is an unknown value
RDX=0x0000000049196b1b is an unknown value
RSP=0x00007000123a52e8 is pointing into the stack for thread: 0x00007fa5cc072800
RBP=0x00007000123a5310 is pointing into the stack for thread: 0x00007fa5cc072800
RSI=0x00007fff4534253e: .str.41.llvm.DCC1D518+0x417c8 in /System/Library/Frameworks/AppKit.framework/Versions/C/AppKit at 0x00007fff4466b000
RDI=0x800007fa5ccfb48e is an unknown value
R8 =0x0000000000007f00 is an unknown value
R9 =0x00007fa5ccfa5a48 is an unknown value
R10=0x00007ffffffffff8 is an unknown value
R11=0x00007fa5ccfa5a4c is an unknown value
R12=0x0000000000000010 is an unknown value
R13=0x00007000123a5818 is pointing into the stack for thread: 0x00007fa5cc072800
R14=0x0000000000000000 is an unknown value
R15=0x0000000000000008 is an unknown value


Stack: [0x00007000122a6000,0x00007000123a6000],  sp=0x00007000123a52e8,  free space=1020k
Native frames: (J=compiled Java code, j=interpreted, Vv=VM code, C=native code)
C  [libobjc.A.dylib+0x6e97]  objc_msgSend+0x17
C  [libopencv_videoio.3.4.dylib+0x166f1]  _ZN12CvCaptureCAM9grabFrameEd+0x5d
C  [libopencv_videoio.3.4.dylib+0x9a76]  _ZN2cv12VideoCapture4grabEv+0x3e
C  [libopencv_videoio.3.4.dylib+0x9e0c]  _ZN2cv12VideoCapture4readERKNS_12_OutputArrayE+0x2a
C  [libopencv_java340.dylib+0x60d8b]  Java_org_opencv_videoio_VideoCapture_read_10+0x30
J 3289  org.opencv.videoio.VideoCapture.read_0(JJ)Z (0 bytes) @ 0x000000010f08c9b6 [0x000000010f08c900+0xb6]
J 3287 C1 it.polito.teaching.cv.ObjRecognitionController.grabFrame()Lorg/opencv/core/Mat; (398 bytes) @ 0x000000010f6ce7ec [0x000000010f6ce520+0x2cc]
J 4077 C2 java.util.concurrent.FutureTask.runAndReset()Z (128 bytes) @ 0x000000010f8ce458 [0x000000010f8ce360+0xf8]
J 3255 C1 java.util.concurrent.ScheduledThreadPoolExecutor$ScheduledFutureTask.run()V (59 bytes) @ 0x000000010efd5d8c [0x000000010efd5860+0x52c]
j  java.util.concurrent.ThreadPoolExecutor.runWorker(Ljava/util/concurrent/ThreadPoolExecutor$Worker;)V+95
j  java.util.concurrent.ThreadPoolExecutor$Worker.run()V+5
j  java.lang.Thread.run()V+11
v  ~StubRoutines::call_stub
V  [libjvm.dylib+0x2ea35e]
V  [libjvm.dylib+0x2eaaec]
V  [libjvm.dylib+0x2eac98]
V  [libjvm.dylib+0x345215]
V  [libjvm.dylib+0x560b83]
V  [libjvm.dylib+0x56227e]
V  [libjvm.dylib+0x482cd6]
C  [libsystem_pthread.dylib+0x36c1]  _pthread_body+0x154
C  [libsystem_pthread.dylib+0x356d]  _pthread_body+0x0
C  [libsystem_pthread.dylib+0x2c5d]  thread_start+0xd
C  0x0000000000000000

Java frames: (J=compiled Java code, j=interpreted, Vv=VM code)
J 3289  org.opencv.videoio.VideoCapture.read_0(JJ)Z (0 bytes) @ 0x000000010f08c944 [0x000000010f08c900+0x44]
J 3287 C1 it.polito.teaching.cv.ObjRecognitionController.grabFrame()Lorg/opencv/core/Mat; (398 bytes) @ 0x000000010f6ce7ec [0x000000010f6ce520+0x2cc]
J 4077 C2 java.util.concurrent.FutureTask.runAndReset()Z (128 bytes) @ 0x000000010f8ce458 [0x000000010f8ce360+0xf8]
J 3255 C1 java.util.concurrent.ScheduledThreadPoolExecutor$ScheduledFutureTask.run()V (59 bytes) @ 0x000000010efd5d8c [0x000000010efd5860+0x52c]
j  java.util.concurrent.ThreadPoolExecutor.runWorker(Ljava/util/concurrent/ThreadPoolExecutor$Worker;)V+95
j  java.util.concurrent.ThreadPoolExecutor$Worker.run()V+5
j  java.lang.Thread.run()V+11
v  ~StubRoutines::call_stub

---------------  P R O C E S S  ---------------

Java Threads: ( => current thread )
  0x00007fa5cb000000 JavaThread "DestroyJavaVM" [_thread_blocked, id=6403, stack(0x000070001004f000,0x000070001014f000)]
  0x00007fa5cb8d9000 JavaThread "Java2D Disposer" daemon [_thread_blocked, id=141335, stack(0x00007000124ac000,0x00007000125ac000)]
  0x00007fa5ca852800 JavaThread "Java2D Queue Flusher" daemon [_thread_blocked, id=160011, stack(0x00007000123a9000,0x00007000124a9000)]
=>0x00007fa5cc072800 JavaThread "pool-2-thread-1" [_thread_in_native, id=140291, stack(0x00007000122a6000,0x00007000123a6000)]
  0x00007fa5cba2f000 JavaThread "Prism Font Disposer" daemon [_thread_blocked, id=52527, stack(0x000070001138e000,0x000070001148e000)]
  0x00007fa5ca8c3800 JavaThread "Thread-3" daemon [_thread_in_native, id=35587, stack(0x0000700011102000,0x0000700011182000)]
  0x00007fa5cc289000 JavaThread "Thread-1" daemon [_thread_blocked, id=41739, stack(0x0000700010fff000,0x00007000110ff000)]
  0x00007fa5cc058800 JavaThread "Service Thread" daemon [_thread_blocked, id=17155, stack(0x0000700010cf6000,0x0000700010df6000)]
  0x00007fa5cb036000 JavaThread "C1 CompilerThread2" daemon [_thread_blocked, id=17411, stack(0x0000700010bf3000,0x0000700010cf3000)]
  0x00007fa5ca814800 JavaThread "C2 CompilerThread1" daemon [_thread_blocked, id=13571, stack(0x0000700010af0000,0x0000700010bf0000)]
  0x00007fa5cc000800 JavaThread "C2 CompilerThread0" daemon [_thread_blocked, id=13315, stack(0x00007000109ed000,0x0000700010aed000)]
  0x00007fa5ca813000 JavaThread "Signal Dispatcher" daemon [_thread_blocked, id=18443, stack(0x00007000108ea000,0x00007000109ea000)]
  0x00007fa5cb017000 JavaThread "Finalizer" daemon [_thread_blocked, id=11523, stack(0x0000700010764000,0x0000700010864000)]
  0x00007fa5cc043000 JavaThread "Reference Handler" daemon [_thread_blocked, id=20739, stack(0x0000700010661000,0x0000700010761000)]

Other Threads:
  0x00007fa5cb014800 VMThread [stack: 0x000070001055e000,0x000070001065e000] [id=11267]
  0x00007fa5cb810000 WatcherThread [stack: 0x0000700010df9000,0x0000700010ef9000] [id=14083]

VM state:not at safepoint (normal execution)

VM Mutex/Monitor currently owned by a thread: None

Heap:
 PSYoungGen      total 459264K, used 125999K [0x0000000795580000, 0x00000007b9700000, 0x00000007c0000000)
  eden space 441856K, 24% used [0x0000000795580000,0x000000079bfa8be8,0x00000007b0500000)
  from space 17408K, 99% used [0x00000007b8600000,0x00000007b96e3050,0x00000007b9700000)
  to   space 28672K, 0% used [0x00000007b5f00000,0x00000007b5f00000,0x00000007b7b00000)
 ParOldGen       total 148992K, used 34290K [0x0000000740000000, 0x0000000749180000, 0x0000000795580000)
  object space 148992K, 23% used [0x0000000740000000,0x000000074217c970,0x0000000749180000)
 Metaspace       used 18909K, capacity 19688K, committed 19712K, reserved 1067008K
  class space    used 2355K, capacity 2547K, committed 2560K, reserved 1048576K

Card table byte_map: [0x00000001051c0000,0x00000001055c1000] byte_map_base: 0x00000001017c0000

Marking Bits: (ParMarkBitMap*) 0x0000000103e4ee20
 Begin Bits: [0x000000010586c000, 0x000000010786c000)
 End Bits:   [0x000000010786c000, 0x000000010986c000)

Polling page: 0x000000010453a000

CodeCache: size=245760Kb used=11193Kb max_used=11616Kb free=234566Kb
 bounds [0x000000010ed5d000, 0x000000010f90d000, 0x000000011dd5d000]
 total_blobs=4499 nmethods=3607 adapters=803
 compilation: enabled

Compilation events (10 events):
Event: 314.092 Thread 0x00007fa5cb036000 nmethod 4278 0x000000010f459290 code [0x000000010f459420, 0x000000010f459988]
Event: 314.093 Thread 0x00007fa5ca814800 nmethod 4277 0x000000010f474810 code [0x000000010f474980, 0x000000010f474b08]
Event: 314.154 Thread 0x00007fa5cb036000 4279       3       java.lang.invoke.DirectMethodHandle::preparedLambdaForm (242 bytes)
Event: 314.156 Thread 0x00007fa5cb036000 nmethod 4279 0x000000010f0f63d0 code [0x000000010f0f6640, 0x000000010f0f7678]
Event: 314.156 Thread 0x00007fa5cb036000 4280       3       java.lang.invoke.DirectMethodHandle::<init> (132 bytes)
Event: 314.157 Thread 0x00007fa5cc000800 4282       4       java.util.concurrent.CountDownLatch::<init> (31 bytes)
Event: 314.158 Thread 0x00007fa5cc000800 nmethod 4282 0x000000010ee8a590 code [0x000000010ee8a6e0, 0x000000010ee8a7f8]
Event: 314.158 Thread 0x00007fa5cb036000 nmethod 4280 0x000000010f433a50 code [0x000000010f433d00, 0x000000010f435518]
Event: 314.158 Thread 0x00007fa5cb036000 4281       3       jdk.internal.org.objectweb.asm.ClassWriter::newFieldItem (77 bytes)
Event: 314.159 Thread 0x00007fa5cb036000 nmethod 4281 0x000000010f443990 code [0x000000010f443b80, 0x000000010f444178]

GC Heap History (10 events):
Event: 308.080 GC heap before
{Heap before GC invocations=216 (full 22):
 PSYoungGen      total 558080K, used 557313K [0x0000000795580000, 0x00000007bc880000, 0x00000007c0000000)
  eden space 542208K, 99% used [0x0000000795580000,0x00000007b66a73c8,0x00000007b6700000)
  from space 15872K, 97% used [0x00000007b9f80000,0x00000007bae99050,0x00000007baf00000)
  to   space 26112K, 0% used [0x00000007baf00000,0x00000007baf00000,0x00000007bc880000)
 ParOldGen       total 148992K, used 30690K [0x0000000740000000, 0x0000000749180000, 0x0000000795580000)
  object space 148992K, 20% used [0x0000000740000000,0x0000000741df8960,0x0000000749180000)
 Metaspace       used 18873K, capacity 19626K, committed 19712K, reserved 1067008K
  class space    used 2345K, capacity 2534K, committed 2560K, reserved 1048576K
Event: 308.086 GC heap after
Heap after GC invocations=216 (full 22):
 PSYoungGen      total 531456K, used 10960K [0x0000000795580000, 0x00000007bba00000, 0x00000007c0000000)
  eden space 520192K, 0% used [0x0000000795580000,0x0000000795580000,0x00000007b5180000)
  from space 11264K, 97% used [0x00000007baf00000,0x00000007bb9b4030,0x00000007bba00000)
  to   space 27136K, 0% used [0x00000007b8500000,0x00000007b8500000,0x00000007b9f80000)
 ParOldGen       total 148992K, used 30690K [0x0000000740000000, 0x0000000749180000, 0x0000000795580000)
  object space 148992K, 20% used [0x0000000740000000,0x0000000741df8960,0x0000000749180000)
 Metaspace       used 18873K, capacity 19626K, committed 19712K, reserved 1067008K
  class space    used 2345K, capacity 2534K, committed 2560K, reserved 1048576K
}
Event: 309.415 GC heap before
{Heap before GC invocations=217 (full 22):
 PSYoungGen      total 531456K, used 528100K [0x0000000795580000, 0x00000007bba00000, 0x00000007c0000000)
  eden space 520192K, 99% used [0x0000000795580000,0x00000007b4e85348,0x00000007b5180000)
  from space 11264K, 97% used [0x00000007baf00000,0x00000007bb9b4030,0x00000007bba00000)
  to   space 27136K, 0% used [0x00000007b8500000,0x00000007b8500000,0x00000007b9f80000)
 ParOldGen       total 148992K, used 30690K [0x0000000740000000, 0x0000000749180000, 0x0000000795580000)
  object space 148992K, 20% used [0x0000000740000000,0x0000000741df8960,0x0000000749180000)
 Metaspace       used 18873K, capacity 19626K, committed 19712K, reserved 1067008K
  class space    used 2345K, capacity 2534K, committed 2560K, reserved 1048576K
Event: 309.421 GC heap after
Heap after GC invocations=217 (full 22):
 PSYoungGen      total 524800K, used 25360K [0x0000000795580000, 0x00000007baf80000, 0x00000007c0000000)
  eden space 499200K, 0% used [0x0000000795580000,0x0000000795580000,0x00000007b3d00000)
  from space 25600K, 99% used [0x00000007b8500000,0x00000007b9dc4070,0x00000007b9e00000)
  to   space 17920K, 0% used [0x00000007b9e00000,0x00000007b9e00000,0x00000007baf80000)
 ParOldGen       total 148992K, used 34290K [0x0000000740000000, 0x0000000749180000, 0x0000000795580000)
  object space 148992K, 23% used [0x0000000740000000,0x000000074217c970,0x0000000749180000)
 Metaspace       used 18873K, capacity 19626K, committed 19712K, reserved 1067008K
  class space    used 2345K, capacity 2534K, committed 2560K, reserved 1048576K
}
Event: 310.817 GC heap before
{Heap before GC invocations=218 (full 22):
 PSYoungGen      total 524800K, used 522704K [0x0000000795580000, 0x00000007baf80000, 0x00000007c0000000)
  eden space 499200K, 99% used [0x0000000795580000,0x00000007b3b30370,0x00000007b3d00000)
  from space 25600K, 99% used [0x00000007b8500000,0x00000007b9dc4070,0x00000007b9e00000)
  to   space 17920K, 0% used [0x00000007b9e00000,0x00000007b9e00000,0x00000007baf80000)
 ParOldGen       total 148992K, used 34290K [0x0000000740000000, 0x0000000749180000, 0x0000000795580000)
  object space 148992K, 23% used [0x0000000740000000,0x000000074217c970,0x0000000749180000)
 Metaspace       used 18873K, capacity 19626K, committed 19712K, reserved 1067008K
  class space    used 2345K, capacity 2534K, committed 2560K, reserved 1048576K
Event: 310.820 GC heap after
Heap after GC invocations=218 (full 22):
 PSYoungGen      total 492032K, used 12760K [0x0000000795580000, 0x00000007baa80000, 0x00000007c0000000)
  eden space 479232K, 0% used [0x0000000795580000,0x0000000795580000,0x00000007b2980000)
  from space 12800K, 99% used [0x00000007b9e00000,0x00000007baa76050,0x00000007baa80000)
  to   space 29184K, 0% used [0x00000007b7180000,0x00000007b7180000,0x00000007b8e00000)
 ParOldGen       total 148992K, used 34290K [0x0000000740000000, 0x0000000749180000, 0x0000000795580000)
  object space 148992K, 23% used [0x0000000740000000,0x000000074217c970,0x0000000749180000)
 Metaspace       used 18873K, capacity 19626K, committed 19712K, reserved 1067008K
  class space    used 2345K, capacity 2534K, committed 2560K, reserved 1048576K
}
Event: 312.081 GC heap before
{Heap before GC invocations=219 (full 22):
 PSYoungGen      total 492032K, used 491286K [0x0000000795580000, 0x00000007baa80000, 0x00000007c0000000)
  eden space 479232K, 99% used [0x0000000795580000,0x00000007b28cfa48,0x00000007b2980000)
  from space 12800K, 99% used [0x00000007b9e00000,0x00000007baa76050,0x00000007baa80000)
  to   space 29184K, 0% used [0x00000007b7180000,0x00000007b7180000,0x00000007b8e00000)
 ParOldGen       total 148992K, used 34290K [0x0000000740000000, 0x0000000749180000, 0x0000000795580000)
  object space 148992K, 23% used [0x0000000740000000,0x000000074217c970,0x0000000749180000)
 Metaspace       used 18873K, capacity 19626K, committed 19712K, reserved 1067008K
  class space    used 2345K, capacity 2534K, committed 2560K, reserved 1048576K
Event: 312.085 GC heap after
Heap after GC invocations=219 (full 22):
 PSYoungGen      total 481280K, used 20860K [0x0000000795580000, 0x00000007b9e80000, 0x00000007c0000000)
  eden space 460288K, 0% used [0x0000000795580000,0x0000000795580000,0x00000007b1700000)
  from space 20992K, 99% used [0x00000007b7180000,0x00000007b85df060,0x00000007b8600000)
  to   space 25088K, 0% used [0x00000007b8600000,0x00000007b8600000,0x00000007b9e80000)
 ParOldGen       total 148992K, used 34290K [0x0000000740000000, 0x0000000749180000, 0x0000000795580000)
  object space 148992K, 23% used [0x0000000740000000,0x000000074217c970,0x0000000749180000)
 Metaspace       used 18873K, capacity 19626K, committed 19712K, reserved 1067008K
  class space    used 2345K, capacity 2534K, committed 2560K, reserved 1048576K
}
Event: 313.331 GC heap before
{Heap before GC invocations=220 (full 22):
 PSYoungGen      total 481280K, used 481039K [0x0000000795580000, 0x00000007b9e80000, 0x00000007c0000000)
  eden space 460288K, 99% used [0x0000000795580000,0x00000007b16e4c60,0x00000007b1700000)
  from space 20992K, 99% used [0x00000007b7180000,0x00000007b85df060,0x00000007b8600000)
  to   space 25088K, 0% used [0x00000007b8600000,0x00000007b8600000,0x00000007b9e80000)
 ParOldGen       total 148992K, used 34290K [0x0000000740000000, 0x0000000749180000, 0x0000000795580000)
  object space 148992K, 23% used [0x0000000740000000,0x000000074217c970,0x0000000749180000)
 Metaspace       used 18878K, capacity 19632K, committed 19712K, reserved 1067008K
  class space    used 2347K, capacity 2535K, committed 2560K, reserved 1048576K
Event: 313.334 GC heap after
Heap after GC invocations=220 (full 22):
 PSYoungGen      total 459264K, used 17292K [0x0000000795580000, 0x00000007b9700000, 0x00000007c0000000)
  eden space 441856K, 0% used [0x0000000795580000,0x0000000795580000,0x00000007b0500000)
  from space 17408K, 99% used [0x00000007b8600000,0x00000007b96e3050,0x00000007b9700000)
  to   space 28672K, 0% used [0x00000007b5f00000,0x00000007b5f00000,0x00000007b7b00000)
 ParOldGen       total 148992K, used 34290K [0x0000000740000000, 0x0000000749180000, 0x0000000795580000)
  object space 148992K, 23% used [0x0000000740000000,0x000000074217c970,0x0000000749180000)
 Metaspace       used 18878K, capacity 19632K, committed 19712K, reserved 1067008K
  class space    used 2347K, capacity 2535K, committed 2560K, reserved 1048576K
}

Deoptimization events (10 events):
Event: 314.090 Thread 0x00007fa5cb023800 Uncommon trap: reason=unstable_if action=reinterpret pc=0x000000010f3589d0 method=com.sun.javafx.tk.RenderJob.run()V @ 83
Event: 314.131 Thread 0x00007fa5cc0d1000 Uncommon trap: reason=unstable_if action=reinterpret pc=0x000000010f758580 method=com.sun.javafx.application.PlatformImpl.checkIdle()V @ 40
Event: 314.155 Thread 0x00007fa5cc0d1000 Uncommon trap: reason=unstable_if action=reinterpret pc=0x000000010f0ce8ac method=java.security.AccessControlContext.optimize()Ljava/security/AccessControlContext; @ 83
Event: 314.155 Thread 0x00007fa5cc0d1000 Uncommon trap: reason=bimorphic action=maybe_recompile pc=0x000000010f220480 method=com.sun.javafx.application.PlatformImpl.lambda$null$173(Ljava/lang/Runnable;)Ljava/lang/Void; @ 1
Event: 314.158 Thread 0x00007fa5cc0d1000 Uncommon trap: reason=bimorphic action=maybe_recompile pc=0x000000010f220480 method=com.sun.javafx.application.PlatformImpl.lambda$null$173(Ljava/lang/Runnable;)Ljava/lang/Void; @ 1
Event: 314.159 Thread 0x00007fa5cc0d1000 Uncommon trap: reason=bimorphic action=maybe_recompile pc=0x000000010f220480 method=com.sun.javafx.application.PlatformImpl.lambda$null$173(Ljava/lang/Runnable;)Ljava/lang/Void; @ 1
Event: 314.159 Thread 0x00007fa5cc0d1000 Uncommon trap: reason=bimorphic action=maybe_recompile pc=0x000000010f220480 method=com.sun.javafx.application.PlatformImpl.lambda$null$173(Ljava/lang/Runnable;)Ljava/lang/Void; @ 1
Event: 314.162 Thread 0x00007fa5cb023800 Uncommon trap: reason=unstable_if action=reinterpret pc=0x000000010f6ecd18 method=java.util.concurrent.locks.AbstractQueuedSynchronizer$ConditionObject.checkInterruptWhileWaiting(Ljava/util/concurrent/locks/AbstractQueuedSynchronizer$Node;)I @ 3
Event: 314.162 Thread 0x00007fa5cb023800 Uncommon trap: reason=unstable_if action=reinterpret pc=0x000000010f873ac0 method=java.util.concurrent.ThreadPoolExecutor.getTask()Ljava/lang/Runnable; @ 16
Event: 314.163 Thread 0x00007fa5cb000000 Uncommon trap: reason=unstable_if action=reinterpret pc=0x000000010f829eb4 method=java.security.AccessControlContext.optimize()Ljava/security/AccessControlContext; @ 49

Internal exceptions (10 events):
Event: 2.042 Thread 0x00007fa5cc0d1000 Implicit null exception at 0x000000010f023275 to 0x000000010f0234b1
Event: 2.271 Thread 0x00007fa5cc0d1000 Exception <a 'java/io/FileNotFoundException'> (0x0000000796fbe9e8) thrown at [/HUDSON3/workspace/8-2-build-macosx-x86_64/jdk8u66/4988/hotspot/src/share/vm/prims/jni.cpp, line 709]
Event: 6.393 Thread 0x00007fa5cc072800 Exception <a 'java/io/FileNotFoundException'> (0x0000000795cebbb0) thrown at [/HUDSON3/workspace/8-2-build-macosx-x86_64/jdk8u66/4988/hotspot/src/share/vm/prims/jni.cpp, line 709]
Event: 6.393 Thread 0x00007fa5cc072800 Exception <a 'java/io/FileNotFoundException'> (0x0000000795cec6d0) thrown at [/HUDSON3/workspace/8-2-build-macosx-x86_64/jdk8u66/4988/hotspot/src/share/vm/prims/jni.cpp, line 709]
Event: 64.296 Thread 0x00007fa5cb023800 Implicit null exception at 0x000000010ef9ed00 to 0x000000010ef9eecd
Event: 314.083 Thread 0x00007fa5cc0d1000 Implicit null exception at 0x000000010f180b50 to 0x000000010f180e39
Event: 314.086 Thread 0x00007fa5cc0d1000 Implicit null exception at 0x000000010f44ef45 to 0x000000010f44ff19
Event: 314.090 Thread 0x00007fa5cb023800 Implicit null exception at 0x000000010f3582c3 to 0x000000010f3589c1
Event: 314.155 Thread 0x00007fa5cc0d1000 Implicit null exception at 0x000000010f0cde38 to 0x000000010f0ce899
Event: 314.163 Thread 0x00007fa5cb000000 Implicit null exception at 0x000000010f829a05 to 0x000000010f829e9d

Events (10 events):
Event: 314.162 Thread 0x00007fa5cb023800 DEOPT PACKING pc=0x000000010f873ac0 sp=0x0000700010ffb760
Event: 314.162 Thread 0x00007fa5cb023800 DEOPT UNPACKING pc=0x000000010ed62229 sp=0x0000700010ffb718 mode 2
Event: 314.162 Thread 0x00007fa5cb023800 Thread exited: 0x00007fa5cb023800
Event: 314.163 Thread 0x00007fa5cc0d1000 Thread exited: 0x00007fa5cc0d1000
Event: 314.163 Thread 0x00007fa5cb06f800 Thread exited: 0x00007fa5cb06f800
Event: 314.163 Thread 0x00007fa5cb000000 Thread exited: 0x00007fa5cb000000
Event: 314.163 Thread 0x00007fa5cb000000 Thread added: 0x00007fa5cb000000
Event: 314.163 Thread 0x00007fa5cb000000 Uncommon trap: trap_request=0xffffff65 fr.pc=0x000000010f829eb4
Event: 314.163 Thread 0x00007fa5cb000000 DEOPT PACKING pc=0x000000010f829eb4 sp=0x000070001014e6f0
Event: 314.163 Thread 0x00007fa5cb000000 DEOPT UNPACKING pc=0x000000010ed62229 sp=0x000070001014e6b8 mode 2


Dynamic libraries:
0x000000001f69d000 	/System/Library/Frameworks/Cocoa.framework/Versions/A/Cocoa
0x000000001f69d000 	/System/Library/Frameworks/Security.framework/Versions/A/Security
0x000000001f69d000 	/System/Library/Frameworks/ApplicationServices.framework/Versions/A/ApplicationServices
0x000000001f69d000 	/usr/lib/libz.1.dylib
0x000000001f69d000 	/usr/lib/libSystem.B.dylib
0x000000001f69d000 	/usr/lib/libobjc.A.dylib
0x000000001f69d000 	/System/Library/Frameworks/CoreFoundation.framework/Versions/A/CoreFoundation
0x000000001f69d000 	/System/Library/Frameworks/Foundation.framework/Versions/C/Foundation
0x000000001f69d000 	/System/Library/Frameworks/AppKit.framework/Versions/C/AppKit
0x000000001f69d000 	/System/Library/Frameworks/CoreData.framework/Versions/A/CoreData
0x000000001f69d000 	/System/Library/PrivateFrameworks/RemoteViewServices.framework/Versions/A/RemoteViewServices
0x000000001f69d000 	/System/Library/PrivateFrameworks/UIFoundation.framework/Versions/A/UIFoundation
0x000000001f69d000 	/System/Library/PrivateFrameworks/DFRFoundation.framework/Versions/A/DFRFoundation
0x000000001f69d000 	/System/Library/Frameworks/Metal.framework/Versions/A/Metal
0x000000001f69d000 	/System/Library/PrivateFrameworks/DesktopServicesPriv.framework/Versions/A/DesktopServicesPriv
0x000000001f69d000 	/usr/lib/libenergytrace.dylib
0x000000001f69d000 	/System/Library/PrivateFrameworks/SkyLight.framework/Versions/A/SkyLight
0x000000001f69d000 	/System/Library/Frameworks/CoreGraphics.framework/Versions/A/CoreGraphics
0x000000001f69d000 	/usr/lib/libScreenReader.dylib
0x000000001f69d000 	/System/Library/Frameworks/Accelerate.framework/Versions/A/Accelerate
0x000000001f69d000 	/System/Library/Frameworks/IOSurface.framework/Versions/A/IOSurface
0x000000001f69d000 	/System/Library/Frameworks/AudioToolbox.framework/Versions/A/AudioToolbox
0x000000001f69d000 	/System/Library/Frameworks/AudioUnit.framework/Versions/A/AudioUnit
0x000000001f69d000 	/System/Library/PrivateFrameworks/DataDetectorsCore.framework/Versions/A/DataDetectorsCore
0x000000001f69d000 	/System/Library/Frameworks/Carbon.framework/Versions/A/Frameworks/HIToolbox.framework/Versions/A/HIToolbox
0x000000001f69d000 	/usr/lib/libicucore.A.dylib
0x000000001f69d000 	/System/Library/Frameworks/QuartzCore.framework/Versions/A/QuartzCore
0x000000001f69d000 	/System/Library/Frameworks/Carbon.framework/Versions/A/Frameworks/SpeechRecognition.framework/Versions/A/SpeechRecognition
0x000000001f69d000 	/usr/lib/libauto.dylib
0x000000001f69d000 	/usr/lib/libxml2.2.dylib
0x000000001f69d000 	/System/Library/PrivateFrameworks/CoreUI.framework/Versions/A/CoreUI
0x000000001f69d000 	/System/Library/Frameworks/CoreAudio.framework/Versions/A/CoreAudio
0x000000001f69d000 	/System/Library/Frameworks/DiskArbitration.framework/Versions/A/DiskArbitration
0x000000001f69d000 	/usr/lib/liblangid.dylib
0x000000001f69d000 	/System/Library/PrivateFrameworks/MultitouchSupport.framework/Versions/A/MultitouchSupport
0x000000001f69d000 	/System/Library/Frameworks/IOKit.framework/Versions/A/IOKit
0x000000001f69d000 	/usr/lib/libDiagnosticMessagesClient.dylib
0x000000001f69d000 	/System/Library/Frameworks/CoreServices.framework/Versions/A/CoreServices
0x000000001f69d000 	/System/Library/PrivateFrameworks/PerformanceAnalysis.framework/Versions/A/PerformanceAnalysis
0x000000001f69d000 	/System/Library/Frameworks/OpenGL.framework/Versions/A/OpenGL
0x000000001f69d000 	/System/Library/Frameworks/ColorSync.framework/Versions/A/ColorSync
0x000000001f69d000 	/System/Library/Frameworks/CoreImage.framework/Versions/A/CoreImage
0x000000001f69d000 	/System/Library/Frameworks/CoreText.framework/Versions/A/CoreText
0x000000001f69d000 	/System/Library/Frameworks/ImageIO.framework/Versions/A/ImageIO
0x000000001f69d000 	/System/Library/PrivateFrameworks/Backup.framework/Versions/A/Backup
0x000000001f69d000 	/usr/lib/libarchive.2.dylib
0x000000001f69d000 	/System/Library/Frameworks/CFNetwork.framework/Versions/A/CFNetwork
0x000000001f69d000 	/System/Library/Frameworks/SystemConfiguration.framework/Versions/A/SystemConfiguration
0x000000001f69d000 	/usr/lib/libCRFSuite.dylib
0x000000001f69d000 	/usr/lib/libc++.1.dylib
0x000000001f69d000 	/usr/lib/libc++abi.dylib
0x000000001f69d000 	/usr/lib/system/libcache.dylib
0x000000001f69d000 	/usr/lib/system/libcommonCrypto.dylib
0x000000001f69d000 	/usr/lib/system/libcompiler_rt.dylib
0x000000001f69d000 	/usr/lib/system/libcopyfile.dylib
0x000000001f69d000 	/usr/lib/system/libcorecrypto.dylib
0x000000001f69d000 	/usr/lib/system/libdispatch.dylib
0x000000001f69d000 	/usr/lib/system/libdyld.dylib
0x000000001f69d000 	/usr/lib/system/libkeymgr.dylib
0x000000001f69d000 	/usr/lib/system/liblaunch.dylib
0x000000001f69d000 	/usr/lib/system/libmacho.dylib
0x000000001f69d000 	/usr/lib/system/libquarantine.dylib
0x000000001f69d000 	/usr/lib/system/libremovefile.dylib
0x000000001f69d000 	/usr/lib/system/libsystem_asl.dylib
0x000000001f69d000 	/usr/lib/system/libsystem_blocks.dylib
0x000000001f69d000 	/usr/lib/system/libsystem_c.dylib
0x000000001f69d000 	/usr/lib/system/libsystem_configuration.dylib
0x000000001f69d000 	/usr/lib/system/libsystem_coreservices.dylib
0x000000001f69d000 	/usr/lib/system/libsystem_darwin.dylib
0x000000001f69d000 	/usr/lib/system/libsystem_dnssd.dylib
0x000000001f69d000 	/usr/lib/system/libsystem_info.dylib
0x000000001f69d000 	/usr/lib/system/libsystem_m.dylib
0x000000001f69d000 	/usr/lib/system/libsystem_malloc.dylib
0x000000001f69d000 	/usr/lib/system/libsystem_network.dylib
0x000000001f69d000 	/usr/lib/system/libsystem_networkextension.dylib
0x000000001f69d000 	/usr/lib/system/libsystem_notify.dylib
0x000000001f69d000 	/usr/lib/system/libsystem_sandbox.dylib
0x000000001f69d000 	/usr/lib/system/libsystem_secinit.dylib
0x000000001f69d000 	/usr/lib/system/libsystem_kernel.dylib
0x000000001f69d000 	/usr/lib/system/libsystem_platform.dylib
0x000000001f69d000 	/usr/lib/system/libsystem_pthread.dylib
0x000000001f69d000 	/usr/lib/system/libsystem_symptoms.dylib
0x000000001f69d000 	/usr/lib/system/libsystem_trace.dylib
0x000000001f69d000 	/usr/lib/system/libunwind.dylib
0x000000001f69d000 	/usr/lib/system/libxpc.dylib
0x000000001f69d000 	/usr/lib/closure/libclosured.dylib
0x000000001f69d000 	/usr/lib/libbsm.0.dylib
0x000000001f69d000 	/usr/lib/system/libkxld.dylib
0x000000001f69d000 	/usr/lib/libOpenScriptingUtil.dylib
0x000000001f69d000 	/usr/lib/libcoretls.dylib
0x000000001f69d000 	/usr/lib/libcoretls_cfhelpers.dylib
0x000000001f69d000 	/usr/lib/libpam.2.dylib
0x000000001f69d000 	/usr/lib/libsqlite3.dylib
0x000000001f69d000 	/usr/lib/libxar.1.dylib
0x000000001f69d000 	/usr/lib/libbz2.1.0.dylib
0x000000001f69d000 	/usr/lib/liblzma.5.dylib
0x000000001f69d000 	/usr/lib/libnetwork.dylib
0x000000001f69d000 	/usr/lib/libapple_nghttp2.dylib
0x000000001f69d000 	/usr/lib/libpcap.A.dylib
0x000000001f69d000 	/usr/lib/libboringssl.dylib
0x000000001f69d000 	/usr/lib/libusrtcp.dylib
0x000000001f69d000 	/usr/lib/libapple_crypto.dylib
0x000000001f69d000 	/System/Library/Frameworks/CoreServices.framework/Versions/A/Frameworks/FSEvents.framework/Versions/A/FSEvents
0x000000001f69d000 	/System/Library/Frameworks/CoreServices.framework/Versions/A/Frameworks/CarbonCore.framework/Versions/A/CarbonCore
0x000000001f69d000 	/System/Library/Frameworks/CoreServices.framework/Versions/A/Frameworks/Metadata.framework/Versions/A/Metadata
0x000000001f69d000 	/System/Library/Frameworks/CoreServices.framework/Versions/A/Frameworks/OSServices.framework/Versions/A/OSServices
0x000000001f69d000 	/System/Library/Frameworks/CoreServices.framework/Versions/A/Frameworks/SearchKit.framework/Versions/A/SearchKit
0x000000001f69d000 	/System/Library/Frameworks/CoreServices.framework/Versions/A/Frameworks/AE.framework/Versions/A/AE
0x000000001f69d000 	/System/Library/Frameworks/CoreServices.framework/Versions/A/Frameworks/LaunchServices.framework/Versions/A/LaunchServices
0x000000001f69d000 	/System/Library/Frameworks/CoreServices.framework/Versions/A/Frameworks/DictionaryServices.framework/Versions/A/DictionaryServices
0x000000001f69d000 	/System/Library/Frameworks/CoreServices.framework/Versions/A/Frameworks/SharedFileList.framework/Versions/A/SharedFileList
0x000000001f69d000 	/System/Library/Frameworks/NetFS.framework/Versions/A/NetFS
0x000000001f69d000 	/System/Library/PrivateFrameworks/NetAuth.framework/Versions/A/NetAuth
0x000000001f69d000 	/System/Library/PrivateFrameworks/login.framework/Versions/A/Frameworks/loginsupport.framework/Versions/A/loginsupport
0x000000001f69d000 	/System/Library/PrivateFrameworks/TCC.framework/Versions/A/TCC
0x000000001f69d000 	/usr/lib/libmecabra.dylib
0x000000001f69d000 	/System/Library/Frameworks/ApplicationServices.framework/Versions/A/Frameworks/ATS.framework/Versions/A/ATS
0x000000001f69d000 	/System/Library/Frameworks/ApplicationServices.framework/Versions/A/Frameworks/ColorSyncLegacy.framework/Versions/A/ColorSyncLegacy
0x000000001f69d000 	/System/Library/Frameworks/ApplicationServices.framework/Versions/A/Frameworks/HIServices.framework/Versions/A/HIServices
0x000000001f69d000 	/System/Library/Frameworks/ApplicationServices.framework/Versions/A/Frameworks/LangAnalysis.framework/Versions/A/LangAnalysis
0x000000001f69d000 	/System/Library/Frameworks/ApplicationServices.framework/Versions/A/Frameworks/PrintCore.framework/Versions/A/PrintCore
0x000000001f69d000 	/System/Library/Frameworks/ApplicationServices.framework/Versions/A/Frameworks/QD.framework/Versions/A/QD
0x000000001f69d000 	/System/Library/Frameworks/ApplicationServices.framework/Versions/A/Frameworks/SpeechSynthesis.framework/Versions/A/SpeechSynthesis
0x000000001f69d000 	/System/Library/Frameworks/CoreDisplay.framework/Versions/A/CoreDisplay
0x000000001f69d000 	/System/Library/Frameworks/Accelerate.framework/Versions/A/Frameworks/vImage.framework/Versions/A/vImage
0x000000001f69d000 	/System/Library/Frameworks/Accelerate.framework/Versions/A/Frameworks/vecLib.framework/Versions/A/vecLib
0x000000001f69d000 	/System/Library/Frameworks/Accelerate.framework/Versions/A/Frameworks/vecLib.framework/Versions/A/libvDSP.dylib
0x000000001f69d000 	/System/Library/Frameworks/Accelerate.framework/Versions/A/Frameworks/vecLib.framework/Versions/A/libBNNS.dylib
0x000000001f69d000 	/System/Library/Frameworks/Accelerate.framework/Versions/A/Frameworks/vecLib.framework/Versions/A/libQuadrature.dylib
0x000000001f69d000 	/System/Library/Frameworks/Accelerate.framework/Versions/A/Frameworks/vecLib.framework/Versions/A/libvMisc.dylib
0x000000001f69d000 	/System/Library/Frameworks/Accelerate.framework/Versions/A/Frameworks/vecLib.framework/Versions/A/libLAPACK.dylib
0x000000001f69d000 	/System/Library/Frameworks/Accelerate.framework/Versions/A/Frameworks/vecLib.framework/Versions/A/libBLAS.dylib
0x000000001f69d000 	/System/Library/Frameworks/Accelerate.framework/Versions/A/Frameworks/vecLib.framework/Versions/A/libLinearAlgebra.dylib
0x000000001f69d000 	/System/Library/Frameworks/Accelerate.framework/Versions/A/Frameworks/vecLib.framework/Versions/A/libSparse.dylib
0x000000001f69d000 	/System/Library/Frameworks/Accelerate.framework/Versions/A/Frameworks/vecLib.framework/Versions/A/libSparseBLAS.dylib
0x000000001f69d000 	/System/Library/PrivateFrameworks/IOAccelerator.framework/Versions/A/IOAccelerator
0x000000001f69d000 	/System/Library/PrivateFrameworks/IOPresentment.framework/Versions/A/IOPresentment
0x000000001f69d000 	/System/Library/PrivateFrameworks/DSExternalDisplay.framework/Versions/A/DSExternalDisplay
0x000000001f69d000 	/System/Library/Frameworks/OpenGL.framework/Versions/A/Libraries/libCoreFSCache.dylib
0x000000001f69d000 	/System/Library/Frameworks/CoreVideo.framework/Versions/A/CoreVideo
0x000000001f69d000 	/System/Library/PrivateFrameworks/GraphVisualizer.framework/Versions/A/GraphVisualizer
0x000000001f69d000 	/System/Library/Frameworks/MetalPerformanceShaders.framework/Versions/A/MetalPerformanceShaders
0x000000001f69d000 	/usr/lib/libFosl_dynamic.dylib
0x000000001f69d000 	/System/Library/PrivateFrameworks/FaceCore.framework/Versions/A/FaceCore
0x000000001f69d000 	/System/Library/Frameworks/OpenCL.framework/Versions/A/OpenCL
0x000000001f69d000 	/usr/lib/libcompression.dylib
0x000000001f69d000 	/System/Library/Frameworks/ApplicationServices.framework/Versions/A/Frameworks/ATS.framework/Versions/A/Resources/libFontParser.dylib
0x000000001f69d000 	/System/Library/Frameworks/ApplicationServices.framework/Versions/A/Frameworks/ATS.framework/Versions/A/Resources/libFontRegistry.dylib
0x000000001f69d000 	/System/Library/Frameworks/ImageIO.framework/Versions/A/Resources/libJPEG.dylib
0x000000001f69d000 	/System/Library/Frameworks/ImageIO.framework/Versions/A/Resources/libTIFF.dylib
0x000000001f69d000 	/System/Library/Frameworks/ImageIO.framework/Versions/A/Resources/libPng.dylib
0x000000001f69d000 	/System/Library/Frameworks/ImageIO.framework/Versions/A/Resources/libGIF.dylib
0x000000001f69d000 	/System/Library/Frameworks/ImageIO.framework/Versions/A/Resources/libJP2.dylib
0x000000001f69d000 	/System/Library/Frameworks/ImageIO.framework/Versions/A/Resources/libRadiance.dylib
0x000000001f69d000 	/System/Library/PrivateFrameworks/AppleJPEG.framework/Versions/A/AppleJPEG
0x000000001f69d000 	/System/Library/PrivateFrameworks/MetalTools.framework/Versions/A/MetalTools
0x000000001f69d000 	/System/Library/Frameworks/MetalPerformanceShaders.framework/Frameworks/MPSCore.framework/Versions/A/MPSCore
0x000000001f69d000 	/System/Library/Frameworks/MetalPerformanceShaders.framework/Frameworks/MPSImage.framework/Versions/A/MPSImage
0x000000001f69d000 	/System/Library/Frameworks/MetalPerformanceShaders.framework/Frameworks/MPSMatrix.framework/Versions/A/MPSMatrix
0x000000001f69d000 	/System/Library/Frameworks/MetalPerformanceShaders.framework/Frameworks/MPSNeuralNetwork.framework/Versions/A/MPSNeuralNetwork
0x000000001f69d000 	/System/Library/Frameworks/OpenGL.framework/Versions/A/Libraries/libGLU.dylib
0x000000001f69d000 	/System/Library/Frameworks/OpenGL.framework/Versions/A/Libraries/libGFXShared.dylib
0x000000001f69d000 	/System/Library/Frameworks/OpenGL.framework/Versions/A/Libraries/libGL.dylib
0x000000001f69d000 	/System/Library/Frameworks/OpenGL.framework/Versions/A/Libraries/libGLImage.dylib
0x000000001f69d000 	/System/Library/Frameworks/OpenGL.framework/Versions/A/Libraries/libCVMSPluginSupport.dylib
0x000000001f69d000 	/System/Library/Frameworks/OpenGL.framework/Versions/A/Libraries/libCoreVMClient.dylib
0x000000001f69d000 	/usr/lib/libcups.2.dylib
0x000000001f69d000 	/System/Library/Frameworks/Kerberos.framework/Versions/A/Kerberos
0x000000001f69d000 	/System/Library/Frameworks/GSS.framework/Versions/A/GSS
0x000000001f69d000 	/usr/lib/libresolv.9.dylib
0x000000001f69d000 	/usr/lib/libiconv.2.dylib
0x000000001f69d000 	/System/Library/PrivateFrameworks/Heimdal.framework/Versions/A/Heimdal
0x000000001f69d000 	/usr/lib/libheimdal-asn1.dylib
0x000000001f69d000 	/System/Library/Frameworks/OpenDirectory.framework/Versions/A/OpenDirectory
0x000000001f69d000 	/System/Library/PrivateFrameworks/CommonAuth.framework/Versions/A/CommonAuth
0x000000001f69d000 	/System/Library/Frameworks/OpenDirectory.framework/Versions/A/Frameworks/CFOpenDirectory.framework/Versions/A/CFOpenDirectory
0x000000001f69d000 	/System/Library/Frameworks/SecurityFoundation.framework/Versions/A/SecurityFoundation
0x000000001f69d000 	/System/Library/PrivateFrameworks/APFS.framework/Versions/A/APFS
0x000000001f69d000 	/usr/lib/libutil.dylib
0x000000001f69d000 	/System/Library/PrivateFrameworks/AppleSauce.framework/Versions/A/AppleSauce
0x000000001f69d000 	/System/Library/PrivateFrameworks/LinguisticData.framework/Versions/A/LinguisticData
0x000000001f69d000 	/usr/lib/libmarisa.dylib
0x000000001f69d000 	/System/Library/PrivateFrameworks/Lexicon.framework/Versions/A/Lexicon
0x000000001f69d000 	/usr/lib/libChineseTokenizer.dylib
0x000000001f69d000 	/usr/lib/libcmph.dylib
0x000000001f69d000 	/System/Library/PrivateFrameworks/LanguageModeling.framework/Versions/A/LanguageModeling
0x000000001f69d000 	/System/Library/PrivateFrameworks/CoreEmoji.framework/Versions/A/CoreEmoji
0x000000001f69d000 	/System/Library/Frameworks/ServiceManagement.framework/Versions/A/ServiceManagement
0x000000001f69d000 	/System/Library/PrivateFrameworks/BackgroundTaskManagement.framework/Versions/A/BackgroundTaskManagement
0x000000001f69d000 	/usr/lib/libxslt.1.dylib
0x000000001f69d000 	/System/Library/Frameworks/Carbon.framework/Versions/A/Frameworks/Ink.framework/Versions/A/Ink
0x000000001f69d000 	/System/Library/PrivateFrameworks/TextureIO.framework/Versions/A/TextureIO
0x000000001f69d000 	/usr/lib/libate.dylib
0x000000001f69d000 	/System/Library/PrivateFrameworks/CrashReporterSupport.framework/Versions/A/CrashReporterSupport
0x000000001f69d000 	/System/Library/PrivateFrameworks/Sharing.framework/Versions/A/Sharing
0x000000001f69d000 	/System/Library/PrivateFrameworks/IconServices.framework/Versions/A/IconServices
0x000000001f69d000 	/System/Library/PrivateFrameworks/ProtocolBuffer.framework/Versions/A/ProtocolBuffer
0x000000001f69d000 	/System/Library/PrivateFrameworks/Apple80211.framework/Versions/A/Apple80211
0x000000001f69d000 	/System/Library/Frameworks/CoreWLAN.framework/Versions/A/CoreWLAN
0x000000001f69d000 	/System/Library/PrivateFrameworks/CoreUtils.framework/Versions/A/CoreUtils
0x000000001f69d000 	/System/Library/Frameworks/IOBluetooth.framework/Versions/A/IOBluetooth
0x000000001f69d000 	/System/Library/PrivateFrameworks/CoreWiFi.framework/Versions/A/CoreWiFi
0x000000001f69d000 	/System/Library/Frameworks/CoreBluetooth.framework/Versions/A/CoreBluetooth
0x000000001f69d000 	/System/Library/PrivateFrameworks/SignpostNotification.framework/Versions/A/SignpostNotification
0x000000001f69d000 	/System/Library/PrivateFrameworks/DebugSymbols.framework/Versions/A/DebugSymbols
0x000000001f69d000 	/System/Library/PrivateFrameworks/CoreSymbolication.framework/Versions/A/CoreSymbolication
0x000000001f69d000 	/System/Library/PrivateFrameworks/Symbolication.framework/Versions/A/Symbolication
0x000000001f69d000 	/System/Library/PrivateFrameworks/AppleFSCompression.framework/Versions/A/AppleFSCompression
0x000000001f69d000 	/System/Library/PrivateFrameworks/SpeechRecognitionCore.framework/Versions/A/SpeechRecognitionCore
0x0000000103571000 	/Library/Java/JavaVirtualMachines/jdk1.8.0_66.jdk/Contents/Home/jre/lib/server/libjvm.dylib
0x000000001f69d000 	/usr/lib/libstdc++.6.0.9.dylib
0x00000001044f7000 	/Library/Java/JavaVirtualMachines/jdk1.8.0_66.jdk/Contents/Home/jre/lib/libverify.dylib
0x0000000104505000 	/Library/Java/JavaVirtualMachines/jdk1.8.0_66.jdk/Contents/Home/jre/lib/libjava.dylib
0x0000000104584000 	/Library/Java/JavaVirtualMachines/jdk1.8.0_66.jdk/Contents/Home/jre/lib/libzip.dylib
0x000000001f69d000 	/System/Library/Frameworks/JavaVM.framework/Versions/A/Frameworks/JavaRuntimeSupport.framework/Versions/A/JavaRuntimeSupport
0x000000001f69d000 	/System/Library/Frameworks/JavaVM.framework/Versions/A/Frameworks/JavaNativeFoundation.framework/Versions/A/JavaNativeFoundation
0x000000001f69d000 	/System/Library/Frameworks/JavaVM.framework/Versions/A/JavaVM
0x000000001f69d000 	/System/Library/Frameworks/Carbon.framework/Versions/A/Carbon
0x000000001f69d000 	/System/Library/PrivateFrameworks/JavaLaunching.framework/Versions/A/JavaLaunching
0x000000001f69d000 	/System/Library/Frameworks/Carbon.framework/Versions/A/Frameworks/CommonPanels.framework/Versions/A/CommonPanels
0x000000001f69d000 	/System/Library/Frameworks/Carbon.framework/Versions/A/Frameworks/Help.framework/Versions/A/Help
0x000000001f69d000 	/System/Library/Frameworks/Carbon.framework/Versions/A/Frameworks/ImageCapture.framework/Versions/A/ImageCapture
0x000000001f69d000 	/System/Library/Frameworks/Carbon.framework/Versions/A/Frameworks/OpenScripting.framework/Versions/A/OpenScripting
0x000000001f69d000 	/System/Library/Frameworks/Carbon.framework/Versions/A/Frameworks/Print.framework/Versions/A/Print
0x000000001f69d000 	/System/Library/Frameworks/Carbon.framework/Versions/A/Frameworks/SecurityHI.framework/Versions/A/SecurityHI
0x000000010d176000 	/Library/Java/JavaVirtualMachines/jdk1.8.0_66.jdk/Contents/Home/jre/lib/libprism_es2.dylib
0x000000001f69d000 	/System/Library/PrivateFrameworks/CoreServicesInternal.framework/Versions/A/CoreServicesInternal
0x000000001f69d000 	/System/Library/Frameworks/OpenGL.framework/Versions/A/Resources/GLEngine.bundle/GLEngine
0x000000001f69d000 	/System/Library/Frameworks/OpenGL.framework/Versions/A/Libraries/libGLProgrammability.dylib
0x000000010d420000 	/System/Library/Extensions/AppleIntelHD5000GraphicsGLDriver.bundle/Contents/MacOS/AppleIntelHD5000GraphicsGLDriver
0x000000001f69d000 	/System/Library/PrivateFrameworks/GPUSupport.framework/Versions/A/Libraries/libGPUSupportMercury.dylib
0x000000001f69d000 	/System/Library/Frameworks/OpenGL.framework/Versions/A/Resources/GLRendererFloat.bundle/GLRendererFloat
0x000000001f69d000 	/System/Library/Frameworks/OpenCL.framework/Versions/A/Libraries/libcldcpuengine.dylib
0x000000001f69d000 	/usr/lib/libcrypto.35.dylib
0x000000001f69d000 	/System/Library/PrivateFrameworks/TrustEvaluationAgent.framework/Versions/A/TrustEvaluationAgent
0x000000010dfb5000 	/Library/Java/JavaVirtualMachines/jdk1.8.0_66.jdk/Contents/Home/jre/lib/libglass.dylib
0x000000001f69d000 	/System/Library/CoreServices/RawCamera.bundle/Contents/MacOS/RawCamera
0x000000001f69d000 	/System/Library/PrivateFrameworks/MobileAsset.framework/Versions/A/MobileAsset
0x000000001f69d000 	/System/Library/PrivateFrameworks/StreamingZip.framework/Versions/A/StreamingZip
0x000000001f69d000 	/System/Library/Frameworks/MediaToolbox.framework/Versions/A/MediaToolbox
0x000000001f69d000 	/System/Library/PrivateFrameworks/CoreAVCHD.framework/Versions/A/CoreAVCHD
0x000000001f69d000 	/System/Library/Frameworks/MediaAccessibility.framework/Versions/A/MediaAccessibility
0x000000001f69d000 	/System/Library/PrivateFrameworks/Mangrove.framework/Versions/A/Mangrove
0x000000001f69d000 	/System/Library/Frameworks/CoreMedia.framework/Versions/A/CoreMedia
0x000000001f69d000 	/System/Library/Frameworks/VideoToolbox.framework/Versions/A/VideoToolbox
0x000000001f69d000 	/System/Library/PrivateFrameworks/CoreAUC.framework/Versions/A/CoreAUC
0x000000001f69d000 	/usr/lib/libspindump.dylib
0x000000001f69d000 	/usr/lib/libdscsym.dylib
0x000000001f69d000 	/System/Library/PrivateFrameworks/AppleVA.framework/Versions/A/AppleVA
0x000000001f69d000 	/System/Library/Frameworks/Accelerate.framework/Versions/A/Frameworks/vImage.framework/Versions/A/Libraries/libCGInterfaces.dylib
0x000000001f69d000 	/System/Library/PrivateFrameworks/FamilyControls.framework/Versions/A/FamilyControls
0x000000001f69d000 	/System/Library/PrivateFrameworks/CommerceKit.framework/Versions/A/Frameworks/CommerceCore.framework/Versions/A/CommerceCore
0x000000001f69d000 	/System/Library/PrivateFrameworks/SystemAdministration.framework/Versions/A/SystemAdministration
0x000000001f69d000 	/System/Library/PrivateFrameworks/AppContainer.framework/Versions/A/AppContainer
0x000000001f69d000 	/System/Library/PrivateFrameworks/SecCodeWrapper.framework/Versions/A/SecCodeWrapper
0x000000001f69d000 	/System/Library/PrivateFrameworks/DiskManagement.framework/Versions/A/DiskManagement
0x000000001f69d000 	/System/Library/Frameworks/DirectoryService.framework/Versions/A/DirectoryService
0x000000001f69d000 	/System/Library/PrivateFrameworks/DiskImages.framework/Versions/A/DiskImages
0x000000001f69d000 	/System/Library/PrivateFrameworks/LoginUIKit.framework/Versions/A/Frameworks/LoginUICore.framework/Versions/A/LoginUICore
0x000000001f69d000 	/usr/lib/libCoreStorage.dylib
0x000000001f69d000 	/usr/lib/libcsfde.dylib
0x000000001f69d000 	/usr/lib/libodfde.dylib
0x000000001f69d000 	/System/Library/PrivateFrameworks/MediaKit.framework/Versions/A/MediaKit
0x000000001f69d000 	/System/Library/Frameworks/DiscRecording.framework/Versions/A/DiscRecording
0x000000001f69d000 	/System/Library/PrivateFrameworks/EFILogin.framework/Versions/A/EFILogin
0x000000001f69d000 	/System/Library/PrivateFrameworks/ProtectedCloudStorage.framework/Versions/A/ProtectedCloudStorage
0x000000001f69d000 	/usr/lib/libcurl.4.dylib
0x000000001f69d000 	/usr/lib/libssl.35.dylib
0x000000001f69d000 	/System/Library/Frameworks/LDAP.framework/Versions/A/LDAP
0x000000001f69d000 	/usr/lib/libsasl2.2.dylib
0x000000001f69d000 	/System/Library/PrivateFrameworks/CoreDaemon.framework/Versions/B/CoreDaemon
0x000000001f69d000 	/System/Library/PrivateFrameworks/AppleSRP.framework/Versions/A/AppleSRP
0x000000011f29d000 	/Users/richard/Documents/Cellar/opencv/3.4.0_1/share/OpenCV/java/libopencv_java340.dylib
0x000000011f3fe000 	/usr/local/Cellar/opencv/3.4.0_1/lib/libopencv_xphoto.3.4.dylib
0x000000011f496000 	/usr/local/Cellar/opencv/3.4.0_1/lib/libopencv_img_hash.3.4.dylib
0x000000011f4ac000 	/usr/local/Cellar/opencv/3.4.0_1/lib/libopencv_bioinspired.3.4.dylib
0x000000011f4f5000 	/usr/local/Cellar/opencv/3.4.0_1/lib/libopencv_structured_light.3.4.dylib
0x000000011f50f000 	/usr/local/Cellar/opencv/3.4.0_1/lib/libopencv_xfeatures2d.3.4.dylib
0x000000011f7fe000 	/usr/local/Cellar/opencv/3.4.0_1/lib/libopencv_ximgproc.3.4.dylib
0x000000011fa32000 	/usr/local/Cellar/opencv/3.4.0_1/lib/libopencv_aruco.3.4.dylib
0x000000011fa8f000 	/usr/local/Cellar/opencv/3.4.0_1/lib/libopencv_face.3.4.dylib
0x000000011fb3c000 	/usr/local/opt/tbb/lib/libtbb.dylib
0x000000010e5dc000 	/usr/local/Cellar/opencv/3.4.0_1/lib/libopencv_phase_unwrapping.3.4.dylib
0x000000011fb76000 	/usr/local/Cellar/opencv/3.4.0_1/lib/libopencv_shape.3.4.dylib
0x000000011fba9000 	/usr/local/Cellar/opencv/3.4.0_1/lib/libopencv_calib3d.3.4.dylib
0x000000011fd54000 	/usr/local/Cellar/opencv/3.4.0_1/lib/libopencv_objdetect.3.4.dylib
0x000000011fdc6000 	/usr/local/Cellar/opencv/3.4.0_1/lib/libopencv_photo.3.4.dylib
0x000000011fe90000 	/usr/local/Cellar/opencv/3.4.0_1/lib/libopencv_tracking.3.4.dylib
0x000000012008a000 	/usr/local/Cellar/opencv/3.4.0_1/lib/libopencv_plot.3.4.dylib
0x0000000120095000 	/usr/local/Cellar/opencv/3.4.0_1/lib/libopencv_video.3.4.dylib
0x00000001200f3000 	/usr/local/Cellar/opencv/3.4.0_1/lib/libopencv_datasets.3.4.dylib
0x000000012014f000 	/usr/local/Cellar/opencv/3.4.0_1/lib/libopencv_text.3.4.dylib
0x0000000120290000 	/usr/local/Cellar/opencv/3.4.0_1/lib/libopencv_ml.3.4.dylib
0x0000000120344000 	/usr/local/Cellar/opencv/3.4.0_1/lib/libopencv_dnn.3.4.dylib
0x00000001206f1000 	/usr/local/Cellar/opencv/3.4.0_1/lib/libopencv_features2d.3.4.dylib
0x00000001207b0000 	/usr/local/Cellar/opencv/3.4.0_1/lib/libopencv_flann.3.4.dylib
0x0000000120810000 	/usr/local/Cellar/opencv/3.4.0_1/lib/libopencv_highgui.3.4.dylib
0x0000000120826000 	/usr/local/Cellar/opencv/3.4.0_1/lib/libopencv_videoio.3.4.dylib
0x0000000120855000 	/usr/local/Cellar/opencv/3.4.0_1/lib/libopencv_imgcodecs.3.4.dylib
0x000000012091b000 	/usr/local/Cellar/opencv/3.4.0_1/lib/libopencv_imgproc.3.4.dylib
0x0000000122eeb000 	/usr/local/Cellar/opencv/3.4.0_1/lib/libopencv_core.3.4.dylib
0x0000000123b4e000 	/usr/local/opt/ffmpeg/lib/libavcodec.57.dylib
0x0000000124dde000 	/usr/local/opt/ffmpeg/lib/libavformat.57.dylib
0x0000000124f90000 	/usr/local/opt/ffmpeg/lib/libavutil.55.dylib
0x0000000124ff9000 	/usr/local/opt/ffmpeg/lib/libswscale.4.dylib
0x0000000125078000 	/usr/local/opt/ffmpeg/lib/libavresample.3.dylib
0x000000001f69d000 	/System/Library/Frameworks/VideoDecodeAcceleration.framework/Versions/A/VideoDecodeAcceleration
0x000000001f69d000 	/System/Library/Frameworks/AVFoundation.framework/Versions/A/AVFoundation
0x0000000125099000 	/usr/local/opt/libpng/lib/libpng16.16.dylib
0x00000001250c5000 	/usr/local/opt/libtiff/lib/libtiff.5.dylib
0x000000012512e000 	/usr/local/opt/ilmbase/lib/libImath-2_2.12.dylib
0x000000012513c000 	/usr/local/opt/openexr/lib/libIlmImf-2_2.22.dylib
0x000000012541c000 	/usr/local/opt/ilmbase/lib/libIex-2_2.12.dylib
0x000000012542e000 	/usr/local/opt/ilmbase/lib/libHalf.12.dylib
0x000000010ecb6000 	/usr/local/opt/ilmbase/lib/libIlmThread-2_2.12.dylib
0x0000000125472000 	/usr/local/opt/jpeg/lib/libjpeg.9.dylib
0x00000001254a5000 	/usr/local/opt/ilmbase/lib/libIexMath-2_2.12.dylib
0x00000001254aa000 	/usr/local/Cellar/ffmpeg/3.4.2/lib/libswresample.2.dylib
0x00000001254ca000 	/usr/local/opt/x264/lib/libx264.152.dylib
0x0000000125640000 	/usr/local/opt/lame/lib/libmp3lame.0.dylib
0x000000001f69d000 	/System/Library/Frameworks/AVFoundation.framework/Versions/A/Frameworks/AVFAudio.framework/Versions/A/AVFAudio
0x000000001f69d000 	/System/Library/PrivateFrameworks/IntlPreferences.framework/Versions/A/IntlPreferences
0x000000001f69d000 	/System/Library/Frameworks/CoreMediaIO.framework/Versions/A/CoreMediaIO
0x000000001f69d000 	/System/Library/PrivateFrameworks/RemoteServiceDiscovery.framework/Versions/A/RemoteServiceDiscovery
0x000000001f69d000 	/System/Library/PrivateFrameworks/RemoteXPC.framework/Versions/A/RemoteXPC
0x000000001f69d000 	/System/Library/PrivateFrameworks/InternationalSupport.framework/Versions/A/InternationalSupport
0x000000001f69d000 	/System/Library/Frameworks/ApplicationServices.framework/Versions/A/Frameworks/ATS.framework/Versions/A/Resources/libTrueTypeScaler.dylib
0x000000001f69d000 	/System/Library/Extensions/AppleIntelHD5000GraphicsMTLDriver.bundle/Contents/MacOS/AppleIntelHD5000GraphicsMTLDriver
0x000000001f69d000 	/System/Library/PrivateFrameworks/GPUCompiler.framework/Versions/3802/Libraries/libmetal_timestamp.dylib
0x00000001264ee000 	/Library/Java/JavaVirtualMachines/jdk1.8.0_66.jdk/Contents/Home/jre/lib/libjavafx_font.dylib
0x000000001f69d000 	/System/Library/PrivateFrameworks/ViewBridge.framework/Versions/A/ViewBridge
0x00000001266fd000 	/Library/Java/JavaVirtualMachines/jdk1.8.0_66.jdk/Contents/Home/jre/lib/libprism_common.dylib
0x0000000127253000 	/System/Library/Extensions/AppleHDA.kext/Contents/PlugIns/AppleHDAHALPlugIn.bundle/Contents/MacOS/AppleHDAHALPlugIn
0x000000012c0cb000 	/Library/CoreMediaIO/Plug-Ins/DAL/AppleCamera.plugin/Contents/MacOS/AppleCamera
0x000000012c0f6000 	/System/Library/Frameworks/CoreMediaIO.framework/Resources/CMIOUnits.bundle/Contents/MacOS/CMIOUnits
0x000000001f69d000 	/System/Library/PrivateFrameworks/FWAVC.framework/Versions/A/FWAVC
0x000000001f69d000 	/System/Library/PrivateFrameworks/AppleGVA.framework/Versions/A/AppleGVA
0x000000012c761000 	/usr/local/opt/tbb/lib/libtbbmalloc.dylib
0x000000012e0d5000 	/Library/Java/JavaVirtualMachines/jdk1.8.0_66.jdk/Contents/Home/jre/lib/libawt.dylib
0x000000012e17d000 	/Library/Java/JavaVirtualMachines/jdk1.8.0_66.jdk/Contents/Home/jre/lib/./libmlib_image.dylib
0x000000012e249000 	/Library/Java/JavaVirtualMachines/jdk1.8.0_66.jdk/Contents/Home/jre/lib/libawt_lwawt.dylib
0x000000012c36a000 	/Library/Java/JavaVirtualMachines/jdk1.8.0_66.jdk/Contents/Home/jre/lib/./libosxapp.dylib
0x000000001f69d000 	/System/Library/Frameworks/ExceptionHandling.framework/Versions/A/ExceptionHandling
0x000000001f69d000 	/System/Library/PrivateFrameworks/login.framework/Versions/A/login

VM Arguments:
jvm_args: -Djava.library.path=/Users/richard/Documents/Cellar/opencv/3.4.0_1/share/OpenCV/java -Dfile.encoding=UTF-8 
java_command: it.polito.teaching.cv.ObjRecognition
java_class_path (initial): /Library/Java/JavaVirtualMachines/jdk1.8.0_66.jdk/Contents/Home/jre/lib/resources.jar:/Library/Java/JavaVirtualMachines/jdk1.8.0_66.jdk/Contents/Home/jre/lib/rt.jar:/Library/Java/JavaVirtualMachines/jdk1.8.0_66.jdk/Contents/Home/jre/lib/jsse.jar:/Library/Java/JavaVirtualMachines/jdk1.8.0_66.jdk/Contents/Home/jre/lib/jce.jar:/Library/Java/JavaVirtualMachines/jdk1.8.0_66.jdk/Contents/Home/jre/lib/charsets.jar:/Library/Java/JavaVirtualMachines/jdk1.8.0_66.jdk/Contents/Home/jre/lib/jfr.jar:/Library/Java/JavaVirtualMachines/jdk1.8.0_66.jdk/Contents/Home/jre/lib/ext/sunec.jar:/Library/Java/JavaVirtualMachines/jdk1.8.0_66.jdk/Contents/Home/jre/lib/ext/nashorn.jar:/Library/Java/JavaVirtualMachines/jdk1.8.0_66.jdk/Contents/Home/jre/lib/ext/cldrdata.jar:/Library/Java/JavaVirtualMachines/jdk1.8.0_66.jdk/Contents/Home/jre/lib/ext/jfxrt.jar:/Library/Java/JavaVirtualMachines/jdk1.8.0_66.jdk/Contents/Home/jre/lib/ext/dnsns.jar:/Library/Java/JavaVirtualMachines/jdk1.8.0_66.jdk/Contents/Home/jre/lib/ext/localedata.jar:/Library/Java/JavaVirtualMachines/jdk1.8.0_66.jdk/Contents/Home/jre/lib/ext/sunjce_provider.jar:/Library/Java/JavaVirtualMachines/jdk1.8.0_66.jdk/Contents/Home/jre/lib/ext/sunpkcs11.jar:/Library/Java/JavaVirtualMachines/jdk1.8.0_66.jdk/Contents/Home/jre/lib/ext/jaccess.jar:/Library/Java/JavaVirtualMachines/jdk1.8.0_66.jdk/Contents/Home/jre/lib/ext/zipfs.jar:/System/Library/Java/Extensions/MRJToolkit.jar:/Users/richard/git/object-detection/bin:/Users/richard/Documents/opencv-340.jar
Launcher Type: SUN_STANDARD

Environment Variables:
PATH=/usr/bin:/bin:/usr/sbin:/sbin
SHELL=/bin/bash
DISPLAY=/private/tmp/com.apple.launchd.RLgoyXPTTd/org.macosforge.xquartz:0

Signal Handlers:
SIGSEGV: [libjvm.dylib+0x5a65d5], sa_mask[0]=11111111011111110111111111111111, sa_flags=SA_ONSTACK|SA_RESTART|SA_SIGINFO
SIGBUS: [libjvm.dylib+0x5a65d5], sa_mask[0]=11111111011111110111111111111111, sa_flags=SA_RESTART|SA_SIGINFO
SIGFPE: [libjvm.dylib+0x4802e8], sa_mask[0]=11111111011111110111111111111111, sa_flags=SA_RESTART|SA_SIGINFO
SIGPIPE: [libjvm.dylib+0x4802e8], sa_mask[0]=11111111011111110111111111111111, sa_flags=SA_RESTART|SA_SIGINFO
SIGXFSZ: [libjvm.dylib+0x4802e8], sa_mask[0]=11111111011111110111111111111111, sa_flags=SA_RESTART|SA_SIGINFO
SIGILL: [libjvm.dylib+0x4802e8], sa_mask[0]=11111111011111110111111111111111, sa_flags=SA_RESTART|SA_SIGINFO
SIGUSR1: SIG_DFL, sa_mask[0]=00000000000000000000000000000000, sa_flags=none
SIGUSR2: [libjvm.dylib+0x47fe06], sa_mask[0]=00100000000000000000000000000000, sa_flags=SA_RESTART|SA_SIGINFO
SIGHUP: [libjvm.dylib+0x47e3dd], sa_mask[0]=11111111011111110111111111111111, sa_flags=SA_RESTART|SA_SIGINFO
SIGINT: [libjvm.dylib+0x47e3dd], sa_mask[0]=11111111011111110111111111111111, sa_flags=SA_RESTART|SA_SIGINFO
SIGTERM: [libjvm.dylib+0x47e3dd], sa_mask[0]=11111111011111110111111111111111, sa_flags=SA_RESTART|SA_SIGINFO
SIGQUIT: [libjvm.dylib+0x47e3dd], sa_mask[0]=11111111011111110111111111111111, sa_flags=SA_RESTART|SA_SIGINFO


---------------  S Y S T E M  ---------------

OS:Bsduname:Darwin 17.4.0 Darwin Kernel Version 17.4.0: Mon Dec 11 21:15:27 PST 2017; root:xnu-4570.40.9~4/RELEASE_X86_64 x86_64
rlimit: STACK 8192k, CORE 0k, NPROC 709, NOFILE 10240, AS infinity
load average:3.13 3.51 2.97

CPU:total 4 (2 cores per cpu, 2 threads per core) family 6 model 69 stepping 1, cmov, cx8, fxsr, mmx, sse, sse2, sse3, ssse3, sse4.1, sse4.2, popcnt, avx, avx2, aes, clmul, erms, lzcnt, ht, tsc, tscinvbit, bmi1, bmi2

Memory: 4k page, physical 8388608k(491524k free)

/proc/meminfo:


vm_info: Java HotSpot(TM) 64-Bit Server VM (25.66-b17) for bsd-amd64 JRE (1.8.0_66-b17), built on Oct  6 2015 16:09:13 by "java_re" with gcc 4.2.1 (Based on Apple Inc. build 5658) (LLVM build 2336.11.00)

time: Fri Feb 23 21:40:01 2018
elapsed time: 314 seconds (0d 0h 5m 14s)

