#
# A fatal error has been detected by the Java Runtime Environment:
#
#  SIGSEGV (0xb) at pc=0x00007fff6dd2fe9d, pid=22515, tid=164099
#
# JRE version: Java(TM) SE Runtime Environment (8.0_66-b17) (build 1.8.0_66-b17)
# Java VM: Java HotSpot(TM) 64-Bit Server VM (25.66-b17 mixed mode bsd-amd64 compressed oops)
# Problematic frame:
# C  [libobjc.A.dylib+0x6e9d]  objc_msgSend+0x1d
#
# Failed to write core dump. Core dumps have been disabled. To enable core dumping, try "ulimit -c unlimited" before starting Java again
#
# If you would like to submit a bug report, please visit:
#   http://bugreport.java.com/bugreport/crash.jsp
# The crash happened outside the Java Virtual Machine in native code.
# See problematic frame for where to report the bug.
#

---------------  T H R E A D  ---------------

Current thread (0x00007fc60b3d9800):  JavaThread "pool-2-thread-1" [_thread_in_native, id=164099, stack(0x000070000cb0a000,0x000070000cc0a000)]

siginfo: si_signo: 11 (SIGSEGV), si_code: 1 (SEGV_MAPERR), si_addr: 0x0000000000000018

Registers:
RAX=0x0000000000000000, RBX=0x00007fc60a6be700, RCX=0x0000000000000000, RDX=0x0000000000000002
RSP=0x000070000cc09318, RBP=0x000070000cc09340, RSI=0x00007fff4534253e, RDI=0x600007fc60a6a105
R8 =0x0000000077303000, R9 =0x00007fc60a6be8c8, R10=0x0000000000000000, R11=0x00007fff4534253e
R12=0x0000000000000010, R13=0x0000000109edd730, R14=0x0000000000000000, R15=0x0000000000000008
RIP=0x00007fff6dd2fe9d, EFLAGS=0x0000000000010297, ERR=0x0000000000000004
  TRAPNO=0x000000000000000e

Top of Stack: (sp=0x000070000cc09318)
0x000070000cc09318:   0000000124414f83 00007fff6dd2fe80
0x000070000cc09328:   0000000000000000 00007fc60a74ff10
0x000070000cc09338:   00007fc60a4fa7c0 000070000cc09370
0x000070000cc09348:   00000001244146f1 3ff0000000000000
0x000070000cc09358:   00007fc60a574be0 000070000cc093e8
0x000070000cc09368:   00007fc60b3d9800 000070000cc093a0
0x000070000cc09378:   0000000124407a76 0000000000000000
0x000070000cc09388:   0000000000000000 0000700000000000
0x000070000cc09398:   00007fc60a574be0 000070000cc093d0
0x000070000cc093a8:   0000000124407e0c 0000000000000000
0x000070000cc093b8:   0000000000000000 00007fc60b3d99f8
0x000070000cc093c8:   000070000cc094b8 000070000cc09410
0x000070000cc093d8:   0000000122ed5d8b 000070000cc09410
0x000070000cc093e8:   00007fff02010000 00007fc60f0e51a0
0x000070000cc093f8:   0000000000000000 0000000109edd730
0x000070000cc09408:   000070000cc094b8 000070000cc09480
0x000070000cc09418:   000000010b50f954 0000000000000001
0x000070000cc09428:   000070000cc094c0 0000000000000000
0x000070000cc09438:   000000010b50fe49 000070000cc09440
0x000070000cc09448:   0000000000000000 000070000cc094b8
0x000070000cc09458:   0000000109eddb28 0000000000000000
0x000070000cc09468:   0000000109edd730 0000000000000000
0x000070000cc09478:   000070000cc094a0 000070000cc09500
0x000070000cc09488:   000000010b501420 00000007406360a8
0x000070000cc09498:   000000010b509560 00007fc60f0e51a0
0x000070000cc094a8:   00000007406360a8 00007fc60a574be0
0x000070000cc094b8:   00007fc60a574be0 000070000cc094c0
0x000070000cc094c8:   0000000109edcc08 000070000cc09520
0x000070000cc094d8:   0000000109eddb28 0000000000000000
0x000070000cc094e8:   0000000109edcc40 000070000cc094a0
0x000070000cc094f8:   000070000cc09518 000070000cc09568
0x000070000cc09508:   000000010b501420 0000000000000000 

Instructions: (pc=0x00007fff6dd2fe9d)
0x00007fff6dd2fe7d:   0f 1f 00 48 85 ff 2e 74 62 40 f6 c7 01 2e 75 66
0x00007fff6dd2fe8d:   49 ba f8 ff ff ff ff 7f 00 00 4c 23 17 49 89 f3
0x00007fff6dd2fe9d:   45 23 5a 18 49 c1 e3 04 4d 03 5a 10 49 3b 33 75
0x00007fff6dd2fead:   04 41 ff 63 08 49 83 3b 01 76 0d 49 83 c3 10 49 

Register to memory mapping:

RAX=0x0000000000000000 is an unknown value
RBX=0x00007fc60a6be700 is an unknown value
RCX=0x0000000000000000 is an unknown value
RDX=0x0000000000000002 is an unknown value
RSP=0x000070000cc09318 is pointing into the stack for thread: 0x00007fc60b3d9800
RBP=0x000070000cc09340 is pointing into the stack for thread: 0x00007fc60b3d9800
RSI=0x00007fff4534253e: .str.41.llvm.DCC1D518+0x417c8 in /System/Library/Frameworks/AppKit.framework/Versions/C/AppKit at 0x00007fff4466b000
RDI=0x600007fc60a6a105 is an unknown value
R8 =0x0000000077303000 is an unknown value
R9 =0x00007fc60a6be8c8 is an unknown value
R10=0x0000000000000000 is an unknown value
R11=0x00007fff4534253e: .str.41.llvm.DCC1D518+0x417c8 in /System/Library/Frameworks/AppKit.framework/Versions/C/AppKit at 0x00007fff4466b000
R12=0x0000000000000010 is an unknown value
R13={method} {0x0000000109edd730} 'read_0' '(JJ)Z' in 'org/opencv/videoio/VideoCapture'
R14=0x0000000000000000 is an unknown value
R15=0x0000000000000008 is an unknown value


Stack: [0x000070000cb0a000,0x000070000cc0a000],  sp=0x000070000cc09318,  free space=1020k
Native frames: (J=compiled Java code, j=interpreted, Vv=VM code, C=native code)
C  [libobjc.A.dylib+0x6e9d]  objc_msgSend+0x1d
C  [libopencv_videoio.3.4.dylib+0x166f1]  _ZN12CvCaptureCAM9grabFrameEd+0x5d
C  [libopencv_videoio.3.4.dylib+0x9a76]  _ZN2cv12VideoCapture4grabEv+0x3e
C  [libopencv_videoio.3.4.dylib+0x9e0c]  _ZN2cv12VideoCapture4readERKNS_12_OutputArrayE+0x2a
C  [libopencv_java340.dylib+0x60d8b]  Java_org_opencv_videoio_VideoCapture_read_10+0x30
j  org.opencv.videoio.VideoCapture.read_0(JJ)Z+0
j  org.opencv.videoio.VideoCapture.read(Lorg/opencv/core/Mat;)Z+8
j  it.polito.teaching.cv.ObjRecognitionController.grabFrame()Lorg/opencv/core/Mat;+23
j  it.polito.teaching.cv.ObjRecognitionController.access$0(Lit/polito/teaching/cv/ObjRecognitionController;)Lorg/opencv/core/Mat;+1
j  it.polito.teaching.cv.ObjRecognitionController$1.run()V+4
J 2481 C1 java.util.concurrent.Executors$RunnableAdapter.call()Ljava/lang/Object; (14 bytes) @ 0x000000010bbf7bd4 [0x000000010bbf7ac0+0x114]
J 2366 C1 java.util.concurrent.FutureTask.runAndReset()Z (128 bytes) @ 0x000000010bbc062c [0x000000010bbc03c0+0x26c]
j  java.util.concurrent.ScheduledThreadPoolExecutor$ScheduledFutureTask.access$301(Ljava/util/concurrent/ScheduledThreadPoolExecutor$ScheduledFutureTask;)Z+1
j  java.util.concurrent.ScheduledThreadPoolExecutor$ScheduledFutureTask.run()V+37
j  java.util.concurrent.ThreadPoolExecutor.runWorker(Ljava/util/concurrent/ThreadPoolExecutor$Worker;)V+95
j  java.util.concurrent.ThreadPoolExecutor$Worker.run()V+5
j  java.lang.Thread.run()V+11
v  ~StubRoutines::call_stub
V  [libjvm.dylib+0x2ea35e]
V  [libjvm.dylib+0x2eaaec]
V  [libjvm.dylib+0x2eac98]
V  [libjvm.dylib+0x345215]
V  [libjvm.dylib+0x560b83]
V  [libjvm.dylib+0x56227e]
V  [libjvm.dylib+0x482cd6]
C  [libsystem_pthread.dylib+0x36c1]  _pthread_body+0x154
C  [libsystem_pthread.dylib+0x356d]  _pthread_body+0x0
C  [libsystem_pthread.dylib+0x2c5d]  thread_start+0xd
C  0x0000000000000000

Java frames: (J=compiled Java code, j=interpreted, Vv=VM code)
j  org.opencv.videoio.VideoCapture.read_0(JJ)Z+0
j  org.opencv.videoio.VideoCapture.read(Lorg/opencv/core/Mat;)Z+8
j  it.polito.teaching.cv.ObjRecognitionController.grabFrame()Lorg/opencv/core/Mat;+23
j  it.polito.teaching.cv.ObjRecognitionController.access$0(Lit/polito/teaching/cv/ObjRecognitionController;)Lorg/opencv/core/Mat;+1
j  it.polito.teaching.cv.ObjRecognitionController$1.run()V+4
J 2481 C1 java.util.concurrent.Executors$RunnableAdapter.call()Ljava/lang/Object; (14 bytes) @ 0x000000010bbf7bd4 [0x000000010bbf7ac0+0x114]
J 2366 C1 java.util.concurrent.FutureTask.runAndReset()Z (128 bytes) @ 0x000000010bbc062c [0x000000010bbc03c0+0x26c]
j  java.util.concurrent.ScheduledThreadPoolExecutor$ScheduledFutureTask.access$301(Ljava/util/concurrent/ScheduledThreadPoolExecutor$ScheduledFutureTask;)Z+1
j  java.util.concurrent.ScheduledThreadPoolExecutor$ScheduledFutureTask.run()V+37
j  java.util.concurrent.ThreadPoolExecutor.runWorker(Ljava/util/concurrent/ThreadPoolExecutor$Worker;)V+95
j  java.util.concurrent.ThreadPoolExecutor$Worker.run()V+5
j  java.lang.Thread.run()V+11
v  ~StubRoutines::call_stub

---------------  P R O C E S S  ---------------

Java Threads: ( => current thread )
  0x00007fc60b440800 JavaThread "Java2D Disposer" daemon [_thread_blocked, id=141075, stack(0x000070000cd10000,0x000070000ce10000)]
  0x00007fc60b3df000 JavaThread "Java2D Queue Flusher" daemon [_thread_blocked, id=163083, stack(0x000070000cc0d000,0x000070000cd0d000)]
=>0x00007fc60b3d9800 JavaThread "pool-2-thread-1" [_thread_in_native, id=164099, stack(0x000070000cb0a000,0x000070000cc0a000)]
  0x00007fc60a9d8000 JavaThread "Prism Font Disposer" daemon [_thread_blocked, id=79627, stack(0x000070000bbf2000,0x000070000bcf2000)]
  0x00007fc60c176800 JavaThread "JavaFX-Launcher" [_thread_blocked, id=82691, stack(0x000070000baef000,0x000070000bbef000)]
  0x00007fc60c1d5800 JavaThread "Thread-3" daemon [_thread_in_native, id=29187, stack(0x000070000b966000,0x000070000b9e6000)]
  0x00007fc60b22b800 JavaThread "JavaFX Application Thread" [_thread_in_native, id=775, stack(0x00007ffee823a000,0x00007ffee8a3a000)]
  0x00007fc60b8a6000 JavaThread "Thread-1" daemon [_thread_blocked, id=41739, stack(0x000070000b863000,0x000070000b963000)]
  0x00007fc60a87d800 JavaThread "QuantumRenderer-0" daemon [_thread_blocked, id=16131, stack(0x000070000b760000,0x000070000b860000)]
  0x00007fc60b07d000 JavaThread "Service Thread" daemon [_thread_blocked, id=15619, stack(0x000070000b55a000,0x000070000b65a000)]
  0x00007fc60b82e800 JavaThread "C1 CompilerThread2" daemon [_thread_blocked, id=15363, stack(0x000070000b457000,0x000070000b557000)]
  0x00007fc60c00b000 JavaThread "C2 CompilerThread1" daemon [_thread_blocked, id=14851, stack(0x000070000b354000,0x000070000b454000)]
  0x00007fc60b06a800 JavaThread "C2 CompilerThread0" daemon [_thread_blocked, id=14339, stack(0x000070000b251000,0x000070000b351000)]
  0x00007fc60c000800 JavaThread "Signal Dispatcher" daemon [_thread_blocked, id=14087, stack(0x000070000b14e000,0x000070000b24e000)]
  0x00007fc60b059000 JavaThread "Finalizer" daemon [_thread_blocked, id=20483, stack(0x000070000b04b000,0x000070000b14b000)]
  0x00007fc60b058000 JavaThread "Reference Handler" daemon [_thread_blocked, id=20739, stack(0x000070000af48000,0x000070000b048000)]
  0x00007fc60c001800 JavaThread "main" [_thread_blocked, id=9731, stack(0x000070000a936000,0x000070000aa36000)]

Other Threads:
  0x00007fc60b055800 VMThread [stack: 0x000070000ae45000,0x000070000af45000] [id=20995]
  0x00007fc60b05c000 WatcherThread [stack: 0x000070000b65d000,0x000070000b75d000] [id=18691]

VM state:not at safepoint (normal execution)

VM Mutex/Monitor currently owned by a thread: None

Heap:
 PSYoungGen      total 667136K, used 188813K [0x0000000795580000, 0x00000007bff00000, 0x00000007c0000000)
  eden space 637440K, 26% used [0x0000000795580000,0x000000079f984630,0x00000007bc400000)
  from space 29696K, 70% used [0x00000007be200000,0x00000007bf65f060,0x00000007bff00000)
  to   space 30208K, 0% used [0x00000007bc400000,0x00000007bc400000,0x00000007be180000)
 ParOldGen       total 118784K, used 22183K [0x0000000740000000, 0x0000000747400000, 0x0000000795580000)
  object space 118784K, 18% used [0x0000000740000000,0x00000007415a9e90,0x0000000747400000)
 Metaspace       used 18175K, capacity 18844K, committed 18944K, reserved 1064960K
  class space    used 2351K, capacity 2555K, committed 2560K, reserved 1048576K

Card table byte_map: [0x0000000108e00000,0x0000000109201000] byte_map_base: 0x0000000105400000

Marking Bits: (ParMarkBitMap*) 0x0000000107ae0e20
 Begin Bits: [0x000000011a4fa000, 0x000000011c4fa000)
 End Bits:   [0x000000011c4fa000, 0x000000011e4fa000)

Polling page: 0x00000001081cc000

CodeCache: size=245760Kb used=7946Kb max_used=7957Kb free=237813Kb
 bounds [0x000000010b4fa000, 0x000000010bcca000, 0x000000011a4fa000]
 total_blobs=3538 nmethods=2652 adapters=798
 compilation: enabled

Compilation events (10 events):
Event: 29.668 Thread 0x00007fc60b82e800 2684       3       javafx.scene.layout.Region::snappedLeftInset (5 bytes)
Event: 29.668 Thread 0x00007fc60b82e800 nmethod 2684 0x000000010bcbd790 code [0x000000010bcbd8e0, 0x000000010bcbda30]
Event: 29.668 Thread 0x00007fc60b82e800 2679       3       javafx.scene.control.SkinBase::snapSize (19 bytes)
Event: 29.669 Thread 0x00007fc60b06a800 2685       4       com.sun.prism.impl.VertexBuffer::putColor (53 bytes)
Event: 29.670 Thread 0x00007fc60b82e800 nmethod 2679 0x000000010bcbdad0 code [0x000000010bcbdc80, 0x000000010bcbdfc8]
Event: 29.670 Thread 0x00007fc60b82e800 2678       3       javafx.beans.binding.BooleanExpression::getValue (8 bytes)
Event: 29.671 Thread 0x00007fc60b82e800 nmethod 2678 0x000000010bcbe110 code [0x000000010bcbe2a0, 0x000000010bcbe568]
Event: 29.671 Thread 0x00007fc60b82e800 2680       3       sun.util.logging.PlatformLogger$DefaultLoggerProxy::isLoggable (29 bytes)
Event: 29.672 Thread 0x00007fc60b82e800 nmethod 2680 0x000000010bcbe610 code [0x000000010bcbe7a0, 0x000000010bcbecd0]
Event: 29.673 Thread 0x00007fc60b06a800 nmethod 2685 0x000000010bcc1b90 code [0x000000010bcc1ce0, 0x000000010bcc1df8]

GC Heap History (10 events):
Event: 18.128 GC heap before
{Heap before GC invocations=18 (full 3):
 PSYoungGen      total 664064K, used 13692K [0x0000000795580000, 0x00000007bff80000, 0x00000007c0000000)
  eden space 630784K, 0% used [0x0000000795580000,0x0000000795580000,0x00000007bbd80000)
  from space 33280K, 41% used [0x00000007bbd80000,0x00000007bcadf040,0x00000007bde00000)
  to   space 32256K, 0% used [0x00000007be000000,0x00000007be000000,0x00000007bff80000)
 ParOldGen       total 87040K, used 72575K [0x0000000740000000, 0x0000000745500000, 0x0000000795580000)
  object space 87040K, 83% used [0x0000000740000000,0x00000007446dfc08,0x0000000745500000)
 Metaspace       used 17876K, capacity 18534K, committed 18688K, reserved 1064960K
  class space    used 2333K, capacity 2522K, committed 2560K, reserved 1048576K
Event: 18.183 GC heap after
Heap after GC invocations=18 (full 3):
 PSYoungGen      total 664064K, used 0K [0x0000000795580000, 0x00000007bff80000, 0x00000007c0000000)
  eden space 630784K, 0% used [0x0000000795580000,0x0000000795580000,0x00000007bbd80000)
  from space 33280K, 0% used [0x00000007bbd80000,0x00000007bbd80000,0x00000007bde00000)
  to   space 32256K, 0% used [0x00000007be000000,0x00000007be000000,0x00000007bff80000)
 ParOldGen       total 101376K, used 21170K [0x0000000740000000, 0x0000000746300000, 0x0000000795580000)
  object space 101376K, 20% used [0x0000000740000000,0x00000007414aca30,0x0000000746300000)
 Metaspace       used 17876K, capacity 18534K, committed 18688K, reserved 1064960K
  class space    used 2333K, capacity 2522K, committed 2560K, reserved 1048576K
}
Event: 20.764 GC heap before
{Heap before GC invocations=19 (full 3):
 PSYoungGen      total 664064K, used 630754K [0x0000000795580000, 0x00000007bff80000, 0x00000007c0000000)
  eden space 630784K, 99% used [0x0000000795580000,0x00000007bbd78a88,0x00000007bbd80000)
  from space 33280K, 0% used [0x00000007bbd80000,0x00000007bbd80000,0x00000007bde00000)
  to   space 32256K, 0% used [0x00000007be000000,0x00000007be000000,0x00000007bff80000)
 ParOldGen       total 101376K, used 25670K [0x0000000740000000, 0x0000000746300000, 0x0000000795580000)
  object space 101376K, 25% used [0x0000000740000000,0x0000000741911a50,0x0000000746300000)
 Metaspace       used 17957K, capacity 18598K, committed 18688K, reserved 1064960K
  class space    used 2333K, capacity 2522K, committed 2560K, reserved 1048576K
Event: 20.779 GC heap after
Heap after GC invocations=19 (full 3):
 PSYoungGen      total 663040K, used 18160K [0x0000000795580000, 0x00000007bfd00000, 0x00000007c0000000)
  eden space 633344K, 0% used [0x0000000795580000,0x0000000795580000,0x00000007bc000000)
  from space 29696K, 61% used [0x00000007be000000,0x00000007bf1bc050,0x00000007bfd00000)
  to   space 31232K, 0% used [0x00000007bc000000,0x00000007bc000000,0x00000007bde80000)
 ParOldGen       total 101376K, used 25678K [0x0000000740000000, 0x0000000746300000, 0x0000000795580000)
  object space 101376K, 25% used [0x0000000740000000,0x0000000741913a50,0x0000000746300000)
 Metaspace       used 17957K, capacity 18598K, committed 18688K, reserved 1064960K
  class space    used 2333K, capacity 2522K, committed 2560K, reserved 1048576K
}
Event: 24.154 GC heap before
{Heap before GC invocations=20 (full 4):
 PSYoungGen      total 663040K, used 651451K [0x0000000795580000, 0x00000007bfd00000, 0x00000007c0000000)
  eden space 633344K, 99% used [0x0000000795580000,0x00000007bbff2d00,0x00000007bc000000)
  from space 29696K, 61% used [0x00000007be000000,0x00000007bf1bc050,0x00000007bfd00000)
  to   space 31232K, 0% used [0x00000007bc000000,0x00000007bc000000,0x00000007bde80000)
 ParOldGen       total 190464K, used 189479K [0x0000000740000000, 0x000000074ba00000, 0x0000000795580000)
  object space 190464K, 99% used [0x0000000740000000,0x000000074b909e40,0x000000074ba00000)
 Metaspace       used 17977K, capacity 18662K, committed 18944K, reserved 1064960K
  class space    used 2333K, capacity 2522K, committed 2560K, reserved 1048576K
Event: 24.240 GC heap after
Heap after GC invocations=20 (full 4):
 PSYoungGen      total 663040K, used 0K [0x0000000795580000, 0x00000007bfd00000, 0x00000007c0000000)
  eden space 633344K, 0% used [0x0000000795580000,0x0000000795580000,0x00000007bc000000)
  from space 29696K, 0% used [0x00000007be000000,0x00000007be000000,0x00000007bfd00000)
  to   space 31232K, 0% used [0x00000007bc000000,0x00000007bc000000,0x00000007bde80000)
 ParOldGen       total 118784K, used 22175K [0x0000000740000000, 0x0000000747400000, 0x0000000795580000)
  object space 118784K, 18% used [0x0000000740000000,0x00000007415a7e90,0x0000000747400000)
 Metaspace       used 17977K, capacity 18662K, committed 18944K, reserved 1064960K
  class space    used 2333K, capacity 2522K, committed 2560K, reserved 1048576K
}
Event: 26.272 GC heap before
{Heap before GC invocations=21 (full 4):
 PSYoungGen      total 663040K, used 631328K [0x0000000795580000, 0x00000007bfd00000, 0x00000007c0000000)
  eden space 633344K, 99% used [0x0000000795580000,0x00000007bbe08008,0x00000007bc000000)
  from space 29696K, 0% used [0x00000007be000000,0x00000007be000000,0x00000007bfd00000)
  to   space 31232K, 0% used [0x00000007bc000000,0x00000007bc000000,0x00000007bde80000)
 ParOldGen       total 118784K, used 22175K [0x0000000740000000, 0x0000000747400000, 0x0000000795580000)
  object space 118784K, 18% used [0x0000000740000000,0x00000007415a7e90,0x0000000747400000)
 Metaspace       used 18045K, capacity 18726K, committed 18944K, reserved 1064960K
  class space    used 2333K, capacity 2522K, committed 2560K, reserved 1048576K
Event: 26.280 GC heap after
Heap after GC invocations=21 (full 4):
 PSYoungGen      total 664576K, used 15460K [0x0000000795580000, 0x00000007bff80000, 0x00000007c0000000)
  eden space 633344K, 0% used [0x0000000795580000,0x0000000795580000,0x00000007bc000000)
  from space 31232K, 49% used [0x00000007bc000000,0x00000007bcf19050,0x00000007bde80000)
  to   space 30208K, 0% used [0x00000007be200000,0x00000007be200000,0x00000007bff80000)
 ParOldGen       total 118784K, used 22183K [0x0000000740000000, 0x0000000747400000, 0x0000000795580000)
  object space 118784K, 18% used [0x0000000740000000,0x00000007415a9e90,0x0000000747400000)
 Metaspace       used 18045K, capacity 18726K, committed 18944K, reserved 1064960K
  class space    used 2333K, capacity 2522K, committed 2560K, reserved 1048576K
}
Event: 28.145 GC heap before
{Heap before GC invocations=22 (full 4):
 PSYoungGen      total 664576K, used 647664K [0x0000000795580000, 0x00000007bff80000, 0x00000007c0000000)
  eden space 633344K, 99% used [0x0000000795580000,0x00000007bbee3300,0x00000007bc000000)
  from space 31232K, 49% used [0x00000007bc000000,0x00000007bcf19050,0x00000007bde80000)
  to   space 30208K, 0% used [0x00000007be200000,0x00000007be200000,0x00000007bff80000)
 ParOldGen       total 118784K, used 22183K [0x0000000740000000, 0x0000000747400000, 0x0000000795580000)
  object space 118784K, 18% used [0x0000000740000000,0x00000007415a9e90,0x0000000747400000)
 Metaspace       used 18054K, capacity 18740K, committed 18944K, reserved 1064960K
  class space    used 2334K, capacity 2523K, committed 2560K, reserved 1048576K
Event: 28.155 GC heap after
Heap after GC invocations=22 (full 4):
 PSYoungGen      total 667136K, used 20860K [0x0000000795580000, 0x00000007bff00000, 0x00000007c0000000)
  eden space 637440K, 0% used [0x0000000795580000,0x0000000795580000,0x00000007bc400000)
  from space 29696K, 70% used [0x00000007be200000,0x00000007bf65f060,0x00000007bff00000)
  to   space 30208K, 0% used [0x00000007bc400000,0x00000007bc400000,0x00000007be180000)
 ParOldGen       total 118784K, used 22183K [0x0000000740000000, 0x0000000747400000, 0x0000000795580000)
  object space 118784K, 18% used [0x0000000740000000,0x00000007415a9e90,0x0000000747400000)
 Metaspace       used 18054K, capacity 18740K, committed 18944K, reserved 1064960K
  class space    used 2334K, capacity 2523K, committed 2560K, reserved 1048576K
}

Deoptimization events (10 events):
Event: 1.628 Thread 0x00007fc60b22b800 Uncommon trap: reason=class_check action=maybe_recompile pc=0x000000010b618b9c method=java.lang.String.equals(Ljava/lang/Object;)Z @ 8
Event: 1.930 Thread 0x00007fc60a87d800 Uncommon trap: reason=unstable_if action=reinterpret pc=0x000000010b7ce9bc method=sun.net.www.ParseUtil.encodePath(Ljava/lang/String;Z)Ljava/lang/String; @ 109
Event: 3.610 Thread 0x00007fc60b22b800 Uncommon trap: reason=unstable_if action=reinterpret pc=0x000000010b894ffc method=jdk.internal.org.objectweb.asm.Type.getArgumentsAndReturnSizes(Ljava/lang/String;)I @ 47
Event: 4.490 Thread 0x00007fc60b3d9800 Uncommon trap: reason=unstable_if action=reinterpret pc=0x000000010b989ef4 method=com.sun.javafx.image.impl.IntTo4ByteSameConverter.doConvert([III[BIIII)V @ 29
Event: 28.692 Thread 0x00007fc60b22b800 Uncommon trap: reason=unstable_if action=reinterpret pc=0x000000010bc5a8f0 method=java.util.concurrent.locks.ReentrantLock$NonfairSync.lock()V @ 6
Event: 28.692 Thread 0x00007fc60b22b800 Uncommon trap: reason=unstable_if action=reinterpret pc=0x000000010b673024 method=java.util.concurrent.locks.ReentrantLock$Sync.tryRelease(I)Z @ 28
Event: 29.194 Thread 0x00007fc60b22b800 Uncommon trap: reason=unstable_if action=reinterpret pc=0x000000010baa7c28 method=javafx.scene.Node.updateBounds()V @ 116
Event: 29.194 Thread 0x00007fc60b22b800 Uncommon trap: reason=unstable_if action=reinterpret pc=0x000000010bafc114 method=javafx.scene.Node.updateBounds()V @ 106
Event: 29.194 Thread 0x00007fc60b22b800 Uncommon trap: reason=unstable_if action=reinterpret pc=0x000000010bafc158 method=javafx.scene.Node.updateBounds()V @ 116
Event: 29.194 Thread 0x00007fc60b22b800 Uncommon trap: reason=unstable_if action=reinterpret pc=0x000000010bafc158 method=javafx.scene.Node.updateBounds()V @ 116

Internal exceptions (10 events):
Event: 0.777 Thread 0x00007fc60b22b800 Exception <a 'java/lang/NullPointerException'> (0x00000007963e1108) thrown at [/HUDSON3/workspace/8-2-build-macosx-x86_64/jdk8u66/4988/hotspot/src/share/vm/interpreter/linkResolver.cpp, line 1178]
Event: 0.777 Thread 0x00007fc60b22b800 Exception <a 'java/lang/NullPointerException'> (0x00000007963e1108) thrown at [/HUDSON3/workspace/8-2-build-macosx-x86_64/jdk8u66/4988/hotspot/src/share/vm/prims/jvm.cpp, line 1390]
Event: 0.917 Thread 0x00007fc60b22b800 Exception <a 'java/lang/ArrayIndexOutOfBoundsException'> (0x00000007968971a8) thrown at [/HUDSON3/workspace/8-2-build-macosx-x86_64/jdk8u66/4988/hotspot/src/share/vm/runtime/sharedRuntime.cpp, line 605]
Event: 0.918 Thread 0x00007fc60b22b800 Exception <a 'java/lang/ArrayIndexOutOfBoundsException'> (0x0000000796897cc0) thrown at [/HUDSON3/workspace/8-2-build-macosx-x86_64/jdk8u66/4988/hotspot/src/share/vm/runtime/sharedRuntime.cpp, line 605]
Event: 0.918 Thread 0x00007fc60b22b800 Exception <a 'java/lang/ArrayIndexOutOfBoundsException'> (0x0000000796899068) thrown at [/HUDSON3/workspace/8-2-build-macosx-x86_64/jdk8u66/4988/hotspot/src/share/vm/runtime/sharedRuntime.cpp, line 605]
Event: 1.051 Thread 0x00007fc60b22b800 Implicit null exception at 0x000000010b7c99b5 to 0x000000010b7c9bf1
Event: 1.053 Thread 0x00007fc60b22b800 Implicit null exception at 0x000000010b77306f to 0x000000010b7730d9
Event: 1.189 Thread 0x00007fc60b22b800 Exception <a 'java/io/FileNotFoundException'> (0x0000000796fbe7f0) thrown at [/HUDSON3/workspace/8-2-build-macosx-x86_64/jdk8u66/4988/hotspot/src/share/vm/prims/jni.cpp, line 709]
Event: 4.331 Thread 0x00007fc60b3d9800 Exception <a 'java/io/FileNotFoundException'> (0x0000000795cf0988) thrown at [/HUDSON3/workspace/8-2-build-macosx-x86_64/jdk8u66/4988/hotspot/src/share/vm/prims/jni.cpp, line 709]
Event: 4.331 Thread 0x00007fc60b3d9800 Exception <a 'java/io/FileNotFoundException'> (0x0000000795cf14a8) thrown at [/HUDSON3/workspace/8-2-build-macosx-x86_64/jdk8u66/4988/hotspot/src/share/vm/prims/jni.cpp, line 709]

Events (10 events):
Event: 29.655 loading class com/apple/eawt/OpenFilesHandler done
Event: 29.655 loading class com/apple/eawt/PrintFilesHandler
Event: 29.655 loading class com/apple/eawt/PrintFilesHandler done
Event: 29.655 loading class com/apple/eawt/QuitHandler
Event: 29.655 loading class com/apple/eawt/QuitHandler done
Event: 29.655 loading class com/apple/eawt/_AppEventLegacyHandler done
Event: 29.655 loading class com/apple/eawt/QuitStrategy
Event: 29.655 loading class com/apple/eawt/QuitStrategy done
Event: 29.655 loading class com/apple/eawt/_AppEventHandler$_NativeEvent
Event: 29.655 loading class com/apple/eawt/_AppEventHandler$_NativeEvent done


Dynamic libraries:
0x000000001f69d000 	/System/Library/Frameworks/Cocoa.framework/Versions/A/Cocoa
0x000000001f69d000 	/System/Library/Frameworks/Security.framework/Versions/A/Security
0x000000001f69d000 	/System/Library/Frameworks/ApplicationServices.framework/Versions/A/ApplicationServices
0x000000001f69d000 	/usr/lib/libz.1.dylib
0x000000001f69d000 	/usr/lib/libSystem.B.dylib
0x000000001f69d000 	/usr/lib/libobjc.A.dylib
0x000000001f69d000 	/System/Library/Frameworks/CoreFoundation.framework/Versions/A/CoreFoundation
0x000000001f69d000 	/System/Library/Frameworks/Foundation.framework/Versions/C/Foundation
0x000000001f69d000 	/System/Library/Frameworks/AppKit.framework/Versions/C/AppKit
0x000000001f69d000 	/System/Library/Frameworks/CoreData.framework/Versions/A/CoreData
0x000000001f69d000 	/System/Library/PrivateFrameworks/RemoteViewServices.framework/Versions/A/RemoteViewServices
0x000000001f69d000 	/System/Library/PrivateFrameworks/UIFoundation.framework/Versions/A/UIFoundation
0x000000001f69d000 	/System/Library/PrivateFrameworks/DFRFoundation.framework/Versions/A/DFRFoundation
0x000000001f69d000 	/System/Library/Frameworks/Metal.framework/Versions/A/Metal
0x000000001f69d000 	/System/Library/PrivateFrameworks/DesktopServicesPriv.framework/Versions/A/DesktopServicesPriv
0x000000001f69d000 	/usr/lib/libenergytrace.dylib
0x000000001f69d000 	/System/Library/PrivateFrameworks/SkyLight.framework/Versions/A/SkyLight
0x000000001f69d000 	/System/Library/Frameworks/CoreGraphics.framework/Versions/A/CoreGraphics
0x000000001f69d000 	/usr/lib/libScreenReader.dylib
0x000000001f69d000 	/System/Library/Frameworks/Accelerate.framework/Versions/A/Accelerate
0x000000001f69d000 	/System/Library/Frameworks/IOSurface.framework/Versions/A/IOSurface
0x000000001f69d000 	/System/Library/Frameworks/AudioToolbox.framework/Versions/A/AudioToolbox
0x000000001f69d000 	/System/Library/Frameworks/AudioUnit.framework/Versions/A/AudioUnit
0x000000001f69d000 	/System/Library/PrivateFrameworks/DataDetectorsCore.framework/Versions/A/DataDetectorsCore
0x000000001f69d000 	/System/Library/Frameworks/Carbon.framework/Versions/A/Frameworks/HIToolbox.framework/Versions/A/HIToolbox
0x000000001f69d000 	/usr/lib/libicucore.A.dylib
0x000000001f69d000 	/System/Library/Frameworks/QuartzCore.framework/Versions/A/QuartzCore
0x000000001f69d000 	/System/Library/Frameworks/Carbon.framework/Versions/A/Frameworks/SpeechRecognition.framework/Versions/A/SpeechRecognition
0x000000001f69d000 	/usr/lib/libauto.dylib
0x000000001f69d000 	/usr/lib/libxml2.2.dylib
0x000000001f69d000 	/System/Library/PrivateFrameworks/CoreUI.framework/Versions/A/CoreUI
0x000000001f69d000 	/System/Library/Frameworks/CoreAudio.framework/Versions/A/CoreAudio
0x000000001f69d000 	/System/Library/Frameworks/DiskArbitration.framework/Versions/A/DiskArbitration
0x000000001f69d000 	/usr/lib/liblangid.dylib
0x000000001f69d000 	/System/Library/PrivateFrameworks/MultitouchSupport.framework/Versions/A/MultitouchSupport
0x000000001f69d000 	/System/Library/Frameworks/IOKit.framework/Versions/A/IOKit
0x000000001f69d000 	/usr/lib/libDiagnosticMessagesClient.dylib
0x000000001f69d000 	/System/Library/Frameworks/CoreServices.framework/Versions/A/CoreServices
0x000000001f69d000 	/System/Library/PrivateFrameworks/PerformanceAnalysis.framework/Versions/A/PerformanceAnalysis
0x000000001f69d000 	/System/Library/Frameworks/OpenGL.framework/Versions/A/OpenGL
0x000000001f69d000 	/System/Library/Frameworks/ColorSync.framework/Versions/A/ColorSync
0x000000001f69d000 	/System/Library/Frameworks/CoreImage.framework/Versions/A/CoreImage
0x000000001f69d000 	/System/Library/Frameworks/CoreText.framework/Versions/A/CoreText
0x000000001f69d000 	/System/Library/Frameworks/ImageIO.framework/Versions/A/ImageIO
0x000000001f69d000 	/System/Library/PrivateFrameworks/Backup.framework/Versions/A/Backup
0x000000001f69d000 	/usr/lib/libarchive.2.dylib
0x000000001f69d000 	/System/Library/Frameworks/CFNetwork.framework/Versions/A/CFNetwork
0x000000001f69d000 	/System/Library/Frameworks/SystemConfiguration.framework/Versions/A/SystemConfiguration
0x000000001f69d000 	/usr/lib/libCRFSuite.dylib
0x000000001f69d000 	/usr/lib/libc++.1.dylib
0x000000001f69d000 	/usr/lib/libc++abi.dylib
0x000000001f69d000 	/usr/lib/system/libcache.dylib
0x000000001f69d000 	/usr/lib/system/libcommonCrypto.dylib
0x000000001f69d000 	/usr/lib/system/libcompiler_rt.dylib
0x000000001f69d000 	/usr/lib/system/libcopyfile.dylib
0x000000001f69d000 	/usr/lib/system/libcorecrypto.dylib
0x000000001f69d000 	/usr/lib/system/libdispatch.dylib
0x000000001f69d000 	/usr/lib/system/libdyld.dylib
0x000000001f69d000 	/usr/lib/system/libkeymgr.dylib
0x000000001f69d000 	/usr/lib/system/liblaunch.dylib
0x000000001f69d000 	/usr/lib/system/libmacho.dylib
0x000000001f69d000 	/usr/lib/system/libquarantine.dylib
0x000000001f69d000 	/usr/lib/system/libremovefile.dylib
0x000000001f69d000 	/usr/lib/system/libsystem_asl.dylib
0x000000001f69d000 	/usr/lib/system/libsystem_blocks.dylib
0x000000001f69d000 	/usr/lib/system/libsystem_c.dylib
0x000000001f69d000 	/usr/lib/system/libsystem_configuration.dylib
0x000000001f69d000 	/usr/lib/system/libsystem_coreservices.dylib
0x000000001f69d000 	/usr/lib/system/libsystem_darwin.dylib
0x000000001f69d000 	/usr/lib/system/libsystem_dnssd.dylib
0x000000001f69d000 	/usr/lib/system/libsystem_info.dylib
0x000000001f69d000 	/usr/lib/system/libsystem_m.dylib
0x000000001f69d000 	/usr/lib/system/libsystem_malloc.dylib
0x000000001f69d000 	/usr/lib/system/libsystem_network.dylib
0x000000001f69d000 	/usr/lib/system/libsystem_networkextension.dylib
0x000000001f69d000 	/usr/lib/system/libsystem_notify.dylib
0x000000001f69d000 	/usr/lib/system/libsystem_sandbox.dylib
0x000000001f69d000 	/usr/lib/system/libsystem_secinit.dylib
0x000000001f69d000 	/usr/lib/system/libsystem_kernel.dylib
0x000000001f69d000 	/usr/lib/system/libsystem_platform.dylib
0x000000001f69d000 	/usr/lib/system/libsystem_pthread.dylib
0x000000001f69d000 	/usr/lib/system/libsystem_symptoms.dylib
0x000000001f69d000 	/usr/lib/system/libsystem_trace.dylib
0x000000001f69d000 	/usr/lib/system/libunwind.dylib
0x000000001f69d000 	/usr/lib/system/libxpc.dylib
0x000000001f69d000 	/usr/lib/closure/libclosured.dylib
0x000000001f69d000 	/usr/lib/libbsm.0.dylib
0x000000001f69d000 	/usr/lib/system/libkxld.dylib
0x000000001f69d000 	/usr/lib/libOpenScriptingUtil.dylib
0x000000001f69d000 	/usr/lib/libcoretls.dylib
0x000000001f69d000 	/usr/lib/libcoretls_cfhelpers.dylib
0x000000001f69d000 	/usr/lib/libpam.2.dylib
0x000000001f69d000 	/usr/lib/libsqlite3.dylib
0x000000001f69d000 	/usr/lib/libxar.1.dylib
0x000000001f69d000 	/usr/lib/libbz2.1.0.dylib
0x000000001f69d000 	/usr/lib/liblzma.5.dylib
0x000000001f69d000 	/usr/lib/libnetwork.dylib
0x000000001f69d000 	/usr/lib/libapple_nghttp2.dylib
0x000000001f69d000 	/usr/lib/libpcap.A.dylib
0x000000001f69d000 	/usr/lib/libboringssl.dylib
0x000000001f69d000 	/usr/lib/libusrtcp.dylib
0x000000001f69d000 	/usr/lib/libapple_crypto.dylib
0x000000001f69d000 	/System/Library/Frameworks/CoreServices.framework/Versions/A/Frameworks/FSEvents.framework/Versions/A/FSEvents
0x000000001f69d000 	/System/Library/Frameworks/CoreServices.framework/Versions/A/Frameworks/CarbonCore.framework/Versions/A/CarbonCore
0x000000001f69d000 	/System/Library/Frameworks/CoreServices.framework/Versions/A/Frameworks/Metadata.framework/Versions/A/Metadata
0x000000001f69d000 	/System/Library/Frameworks/CoreServices.framework/Versions/A/Frameworks/OSServices.framework/Versions/A/OSServices
0x000000001f69d000 	/System/Library/Frameworks/CoreServices.framework/Versions/A/Frameworks/SearchKit.framework/Versions/A/SearchKit
0x000000001f69d000 	/System/Library/Frameworks/CoreServices.framework/Versions/A/Frameworks/AE.framework/Versions/A/AE
0x000000001f69d000 	/System/Library/Frameworks/CoreServices.framework/Versions/A/Frameworks/LaunchServices.framework/Versions/A/LaunchServices
0x000000001f69d000 	/System/Library/Frameworks/CoreServices.framework/Versions/A/Frameworks/DictionaryServices.framework/Versions/A/DictionaryServices
0x000000001f69d000 	/System/Library/Frameworks/CoreServices.framework/Versions/A/Frameworks/SharedFileList.framework/Versions/A/SharedFileList
0x000000001f69d000 	/System/Library/Frameworks/NetFS.framework/Versions/A/NetFS
0x000000001f69d000 	/System/Library/PrivateFrameworks/NetAuth.framework/Versions/A/NetAuth
0x000000001f69d000 	/System/Library/PrivateFrameworks/login.framework/Versions/A/Frameworks/loginsupport.framework/Versions/A/loginsupport
0x000000001f69d000 	/System/Library/PrivateFrameworks/TCC.framework/Versions/A/TCC
0x000000001f69d000 	/usr/lib/libmecabra.dylib
0x000000001f69d000 	/System/Library/Frameworks/ApplicationServices.framework/Versions/A/Frameworks/ATS.framework/Versions/A/ATS
0x000000001f69d000 	/System/Library/Frameworks/ApplicationServices.framework/Versions/A/Frameworks/ColorSyncLegacy.framework/Versions/A/ColorSyncLegacy
0x000000001f69d000 	/System/Library/Frameworks/ApplicationServices.framework/Versions/A/Frameworks/HIServices.framework/Versions/A/HIServices
0x000000001f69d000 	/System/Library/Frameworks/ApplicationServices.framework/Versions/A/Frameworks/LangAnalysis.framework/Versions/A/LangAnalysis
0x000000001f69d000 	/System/Library/Frameworks/ApplicationServices.framework/Versions/A/Frameworks/PrintCore.framework/Versions/A/PrintCore
0x000000001f69d000 	/System/Library/Frameworks/ApplicationServices.framework/Versions/A/Frameworks/QD.framework/Versions/A/QD
0x000000001f69d000 	/System/Library/Frameworks/ApplicationServices.framework/Versions/A/Frameworks/SpeechSynthesis.framework/Versions/A/SpeechSynthesis
0x000000001f69d000 	/System/Library/Frameworks/CoreDisplay.framework/Versions/A/CoreDisplay
0x000000001f69d000 	/System/Library/Frameworks/Accelerate.framework/Versions/A/Frameworks/vImage.framework/Versions/A/vImage
0x000000001f69d000 	/System/Library/Frameworks/Accelerate.framework/Versions/A/Frameworks/vecLib.framework/Versions/A/vecLib
0x000000001f69d000 	/System/Library/Frameworks/Accelerate.framework/Versions/A/Frameworks/vecLib.framework/Versions/A/libvDSP.dylib
0x000000001f69d000 	/System/Library/Frameworks/Accelerate.framework/Versions/A/Frameworks/vecLib.framework/Versions/A/libBNNS.dylib
0x000000001f69d000 	/System/Library/Frameworks/Accelerate.framework/Versions/A/Frameworks/vecLib.framework/Versions/A/libQuadrature.dylib
0x000000001f69d000 	/System/Library/Frameworks/Accelerate.framework/Versions/A/Frameworks/vecLib.framework/Versions/A/libvMisc.dylib
0x000000001f69d000 	/System/Library/Frameworks/Accelerate.framework/Versions/A/Frameworks/vecLib.framework/Versions/A/libLAPACK.dylib
0x000000001f69d000 	/System/Library/Frameworks/Accelerate.framework/Versions/A/Frameworks/vecLib.framework/Versions/A/libBLAS.dylib
0x000000001f69d000 	/System/Library/Frameworks/Accelerate.framework/Versions/A/Frameworks/vecLib.framework/Versions/A/libLinearAlgebra.dylib
0x000000001f69d000 	/System/Library/Frameworks/Accelerate.framework/Versions/A/Frameworks/vecLib.framework/Versions/A/libSparse.dylib
0x000000001f69d000 	/System/Library/Frameworks/Accelerate.framework/Versions/A/Frameworks/vecLib.framework/Versions/A/libSparseBLAS.dylib
0x000000001f69d000 	/System/Library/PrivateFrameworks/IOAccelerator.framework/Versions/A/IOAccelerator
0x000000001f69d000 	/System/Library/PrivateFrameworks/IOPresentment.framework/Versions/A/IOPresentment
0x000000001f69d000 	/System/Library/PrivateFrameworks/DSExternalDisplay.framework/Versions/A/DSExternalDisplay
0x000000001f69d000 	/System/Library/Frameworks/OpenGL.framework/Versions/A/Libraries/libCoreFSCache.dylib
0x000000001f69d000 	/System/Library/Frameworks/CoreVideo.framework/Versions/A/CoreVideo
0x000000001f69d000 	/System/Library/PrivateFrameworks/GraphVisualizer.framework/Versions/A/GraphVisualizer
0x000000001f69d000 	/System/Library/Frameworks/MetalPerformanceShaders.framework/Versions/A/MetalPerformanceShaders
0x000000001f69d000 	/usr/lib/libFosl_dynamic.dylib
0x000000001f69d000 	/System/Library/PrivateFrameworks/FaceCore.framework/Versions/A/FaceCore
0x000000001f69d000 	/System/Library/Frameworks/OpenCL.framework/Versions/A/OpenCL
0x000000001f69d000 	/usr/lib/libcompression.dylib
0x000000001f69d000 	/System/Library/Frameworks/ApplicationServices.framework/Versions/A/Frameworks/ATS.framework/Versions/A/Resources/libFontParser.dylib
0x000000001f69d000 	/System/Library/Frameworks/ApplicationServices.framework/Versions/A/Frameworks/ATS.framework/Versions/A/Resources/libFontRegistry.dylib
0x000000001f69d000 	/System/Library/Frameworks/ImageIO.framework/Versions/A/Resources/libJPEG.dylib
0x000000001f69d000 	/System/Library/Frameworks/ImageIO.framework/Versions/A/Resources/libTIFF.dylib
0x000000001f69d000 	/System/Library/Frameworks/ImageIO.framework/Versions/A/Resources/libPng.dylib
0x000000001f69d000 	/System/Library/Frameworks/ImageIO.framework/Versions/A/Resources/libGIF.dylib
0x000000001f69d000 	/System/Library/Frameworks/ImageIO.framework/Versions/A/Resources/libJP2.dylib
0x000000001f69d000 	/System/Library/Frameworks/ImageIO.framework/Versions/A/Resources/libRadiance.dylib
0x000000001f69d000 	/System/Library/PrivateFrameworks/AppleJPEG.framework/Versions/A/AppleJPEG
0x000000001f69d000 	/System/Library/PrivateFrameworks/MetalTools.framework/Versions/A/MetalTools
0x000000001f69d000 	/System/Library/Frameworks/MetalPerformanceShaders.framework/Frameworks/MPSCore.framework/Versions/A/MPSCore
0x000000001f69d000 	/System/Library/Frameworks/MetalPerformanceShaders.framework/Frameworks/MPSImage.framework/Versions/A/MPSImage
0x000000001f69d000 	/System/Library/Frameworks/MetalPerformanceShaders.framework/Frameworks/MPSMatrix.framework/Versions/A/MPSMatrix
0x000000001f69d000 	/System/Library/Frameworks/MetalPerformanceShaders.framework/Frameworks/MPSNeuralNetwork.framework/Versions/A/MPSNeuralNetwork
0x000000001f69d000 	/System/Library/Frameworks/OpenGL.framework/Versions/A/Libraries/libGLU.dylib
0x000000001f69d000 	/System/Library/Frameworks/OpenGL.framework/Versions/A/Libraries/libGFXShared.dylib
0x000000001f69d000 	/System/Library/Frameworks/OpenGL.framework/Versions/A/Libraries/libGL.dylib
0x000000001f69d000 	/System/Library/Frameworks/OpenGL.framework/Versions/A/Libraries/libGLImage.dylib
0x000000001f69d000 	/System/Library/Frameworks/OpenGL.framework/Versions/A/Libraries/libCVMSPluginSupport.dylib
0x000000001f69d000 	/System/Library/Frameworks/OpenGL.framework/Versions/A/Libraries/libCoreVMClient.dylib
0x000000001f69d000 	/usr/lib/libcups.2.dylib
0x000000001f69d000 	/System/Library/Frameworks/Kerberos.framework/Versions/A/Kerberos
0x000000001f69d000 	/System/Library/Frameworks/GSS.framework/Versions/A/GSS
0x000000001f69d000 	/usr/lib/libresolv.9.dylib
0x000000001f69d000 	/usr/lib/libiconv.2.dylib
0x000000001f69d000 	/System/Library/PrivateFrameworks/Heimdal.framework/Versions/A/Heimdal
0x000000001f69d000 	/usr/lib/libheimdal-asn1.dylib
0x000000001f69d000 	/System/Library/Frameworks/OpenDirectory.framework/Versions/A/OpenDirectory
0x000000001f69d000 	/System/Library/PrivateFrameworks/CommonAuth.framework/Versions/A/CommonAuth
0x000000001f69d000 	/System/Library/Frameworks/OpenDirectory.framework/Versions/A/Frameworks/CFOpenDirectory.framework/Versions/A/CFOpenDirectory
0x000000001f69d000 	/System/Library/Frameworks/SecurityFoundation.framework/Versions/A/SecurityFoundation
0x000000001f69d000 	/System/Library/PrivateFrameworks/APFS.framework/Versions/A/APFS
0x000000001f69d000 	/usr/lib/libutil.dylib
0x000000001f69d000 	/System/Library/PrivateFrameworks/AppleSauce.framework/Versions/A/AppleSauce
0x000000001f69d000 	/System/Library/PrivateFrameworks/LinguisticData.framework/Versions/A/LinguisticData
0x000000001f69d000 	/usr/lib/libmarisa.dylib
0x000000001f69d000 	/System/Library/PrivateFrameworks/Lexicon.framework/Versions/A/Lexicon
0x000000001f69d000 	/usr/lib/libChineseTokenizer.dylib
0x000000001f69d000 	/usr/lib/libcmph.dylib
0x000000001f69d000 	/System/Library/PrivateFrameworks/LanguageModeling.framework/Versions/A/LanguageModeling
0x000000001f69d000 	/System/Library/PrivateFrameworks/CoreEmoji.framework/Versions/A/CoreEmoji
0x000000001f69d000 	/System/Library/Frameworks/ServiceManagement.framework/Versions/A/ServiceManagement
0x000000001f69d000 	/System/Library/PrivateFrameworks/BackgroundTaskManagement.framework/Versions/A/BackgroundTaskManagement
0x000000001f69d000 	/usr/lib/libxslt.1.dylib
0x000000001f69d000 	/System/Library/Frameworks/Carbon.framework/Versions/A/Frameworks/Ink.framework/Versions/A/Ink
0x000000001f69d000 	/System/Library/PrivateFrameworks/TextureIO.framework/Versions/A/TextureIO
0x000000001f69d000 	/usr/lib/libate.dylib
0x000000001f69d000 	/System/Library/PrivateFrameworks/CrashReporterSupport.framework/Versions/A/CrashReporterSupport
0x000000001f69d000 	/System/Library/PrivateFrameworks/Sharing.framework/Versions/A/Sharing
0x000000001f69d000 	/System/Library/PrivateFrameworks/IconServices.framework/Versions/A/IconServices
0x000000001f69d000 	/System/Library/PrivateFrameworks/ProtocolBuffer.framework/Versions/A/ProtocolBuffer
0x000000001f69d000 	/System/Library/PrivateFrameworks/Apple80211.framework/Versions/A/Apple80211
0x000000001f69d000 	/System/Library/Frameworks/CoreWLAN.framework/Versions/A/CoreWLAN
0x000000001f69d000 	/System/Library/PrivateFrameworks/CoreUtils.framework/Versions/A/CoreUtils
0x000000001f69d000 	/System/Library/Frameworks/IOBluetooth.framework/Versions/A/IOBluetooth
0x000000001f69d000 	/System/Library/PrivateFrameworks/CoreWiFi.framework/Versions/A/CoreWiFi
0x000000001f69d000 	/System/Library/Frameworks/CoreBluetooth.framework/Versions/A/CoreBluetooth
0x000000001f69d000 	/System/Library/PrivateFrameworks/SignpostNotification.framework/Versions/A/SignpostNotification
0x000000001f69d000 	/System/Library/PrivateFrameworks/DebugSymbols.framework/Versions/A/DebugSymbols
0x000000001f69d000 	/System/Library/PrivateFrameworks/CoreSymbolication.framework/Versions/A/CoreSymbolication
0x000000001f69d000 	/System/Library/PrivateFrameworks/Symbolication.framework/Versions/A/Symbolication
0x000000001f69d000 	/System/Library/PrivateFrameworks/AppleFSCompression.framework/Versions/A/AppleFSCompression
0x000000001f69d000 	/System/Library/PrivateFrameworks/SpeechRecognitionCore.framework/Versions/A/SpeechRecognitionCore
0x0000000107203000 	/Library/Java/JavaVirtualMachines/jdk1.8.0_66.jdk/Contents/Home/jre/lib/server/libjvm.dylib
0x000000001f69d000 	/usr/lib/libstdc++.6.0.9.dylib
0x0000000108189000 	/Library/Java/JavaVirtualMachines/jdk1.8.0_66.jdk/Contents/Home/jre/lib/libverify.dylib
0x0000000108197000 	/Library/Java/JavaVirtualMachines/jdk1.8.0_66.jdk/Contents/Home/jre/lib/libjava.dylib
0x00000001081d6000 	/Library/Java/JavaVirtualMachines/jdk1.8.0_66.jdk/Contents/Home/jre/lib/libzip.dylib
0x000000001f69d000 	/System/Library/Frameworks/JavaVM.framework/Versions/A/Frameworks/JavaRuntimeSupport.framework/Versions/A/JavaRuntimeSupport
0x000000001f69d000 	/System/Library/Frameworks/JavaVM.framework/Versions/A/Frameworks/JavaNativeFoundation.framework/Versions/A/JavaNativeFoundation
0x000000001f69d000 	/System/Library/Frameworks/JavaVM.framework/Versions/A/JavaVM
0x000000001f69d000 	/System/Library/Frameworks/Carbon.framework/Versions/A/Carbon
0x000000001f69d000 	/System/Library/PrivateFrameworks/JavaLaunching.framework/Versions/A/JavaLaunching
0x000000001f69d000 	/System/Library/Frameworks/Carbon.framework/Versions/A/Frameworks/CommonPanels.framework/Versions/A/CommonPanels
0x000000001f69d000 	/System/Library/Frameworks/Carbon.framework/Versions/A/Frameworks/Help.framework/Versions/A/Help
0x000000001f69d000 	/System/Library/Frameworks/Carbon.framework/Versions/A/Frameworks/ImageCapture.framework/Versions/A/ImageCapture
0x000000001f69d000 	/System/Library/Frameworks/Carbon.framework/Versions/A/Frameworks/OpenScripting.framework/Versions/A/OpenScripting
0x000000001f69d000 	/System/Library/Frameworks/Carbon.framework/Versions/A/Frameworks/Print.framework/Versions/A/Print
0x000000001f69d000 	/System/Library/Frameworks/Carbon.framework/Versions/A/Frameworks/SecurityHI.framework/Versions/A/SecurityHI
0x000000010b3eb000 	/Library/Java/JavaVirtualMachines/jdk1.8.0_66.jdk/Contents/Home/jre/lib/libprism_es2.dylib
0x000000001f69d000 	/System/Library/PrivateFrameworks/CoreServicesInternal.framework/Versions/A/CoreServicesInternal
0x000000001f69d000 	/System/Library/Frameworks/OpenGL.framework/Versions/A/Resources/GLEngine.bundle/GLEngine
0x000000001f69d000 	/System/Library/Frameworks/OpenGL.framework/Versions/A/Libraries/libGLProgrammability.dylib
0x0000000120197000 	/System/Library/Extensions/AppleIntelHD5000GraphicsGLDriver.bundle/Contents/MacOS/AppleIntelHD5000GraphicsGLDriver
0x000000001f69d000 	/System/Library/PrivateFrameworks/GPUSupport.framework/Versions/A/Libraries/libGPUSupportMercury.dylib
0x000000001f69d000 	/System/Library/Frameworks/OpenGL.framework/Versions/A/Resources/GLRendererFloat.bundle/GLRendererFloat
0x000000001f69d000 	/System/Library/Frameworks/OpenCL.framework/Versions/A/Libraries/libcldcpuengine.dylib
0x000000001f69d000 	/usr/lib/libcrypto.35.dylib
0x000000001f69d000 	/System/Library/PrivateFrameworks/TrustEvaluationAgent.framework/Versions/A/TrustEvaluationAgent
0x0000000120cf8000 	/Library/Java/JavaVirtualMachines/jdk1.8.0_66.jdk/Contents/Home/jre/lib/libglass.dylib
0x000000001f69d000 	/System/Library/CoreServices/RawCamera.bundle/Contents/MacOS/RawCamera
0x000000001f69d000 	/System/Library/PrivateFrameworks/MobileAsset.framework/Versions/A/MobileAsset
0x000000001f69d000 	/System/Library/PrivateFrameworks/StreamingZip.framework/Versions/A/StreamingZip
0x000000001f69d000 	/System/Library/Frameworks/MediaToolbox.framework/Versions/A/MediaToolbox
0x000000001f69d000 	/System/Library/PrivateFrameworks/CoreAVCHD.framework/Versions/A/CoreAVCHD
0x000000001f69d000 	/System/Library/Frameworks/MediaAccessibility.framework/Versions/A/MediaAccessibility
0x000000001f69d000 	/System/Library/PrivateFrameworks/Mangrove.framework/Versions/A/Mangrove
0x000000001f69d000 	/System/Library/Frameworks/CoreMedia.framework/Versions/A/CoreMedia
0x000000001f69d000 	/System/Library/Frameworks/VideoToolbox.framework/Versions/A/VideoToolbox
0x000000001f69d000 	/System/Library/PrivateFrameworks/CoreAUC.framework/Versions/A/CoreAUC
0x000000001f69d000 	/usr/lib/libspindump.dylib
0x000000001f69d000 	/usr/lib/libdscsym.dylib
0x000000001f69d000 	/System/Library/PrivateFrameworks/AppleVA.framework/Versions/A/AppleVA
0x000000001f69d000 	/System/Library/Frameworks/Accelerate.framework/Versions/A/Frameworks/vImage.framework/Versions/A/Libraries/libCGInterfaces.dylib
0x000000001f69d000 	/System/Library/PrivateFrameworks/FamilyControls.framework/Versions/A/FamilyControls
0x000000001f69d000 	/System/Library/PrivateFrameworks/CommerceKit.framework/Versions/A/Frameworks/CommerceCore.framework/Versions/A/CommerceCore
0x000000001f69d000 	/System/Library/PrivateFrameworks/SystemAdministration.framework/Versions/A/SystemAdministration
0x000000001f69d000 	/System/Library/PrivateFrameworks/AppContainer.framework/Versions/A/AppContainer
0x000000001f69d000 	/System/Library/PrivateFrameworks/SecCodeWrapper.framework/Versions/A/SecCodeWrapper
0x000000001f69d000 	/System/Library/PrivateFrameworks/DiskManagement.framework/Versions/A/DiskManagement
0x000000001f69d000 	/System/Library/Frameworks/DirectoryService.framework/Versions/A/DirectoryService
0x000000001f69d000 	/System/Library/PrivateFrameworks/DiskImages.framework/Versions/A/DiskImages
0x000000001f69d000 	/System/Library/PrivateFrameworks/LoginUIKit.framework/Versions/A/Frameworks/LoginUICore.framework/Versions/A/LoginUICore
0x000000001f69d000 	/usr/lib/libCoreStorage.dylib
0x000000001f69d000 	/usr/lib/libcsfde.dylib
0x000000001f69d000 	/usr/lib/libodfde.dylib
0x000000001f69d000 	/System/Library/PrivateFrameworks/MediaKit.framework/Versions/A/MediaKit
0x000000001f69d000 	/System/Library/Frameworks/DiscRecording.framework/Versions/A/DiscRecording
0x000000001f69d000 	/System/Library/PrivateFrameworks/EFILogin.framework/Versions/A/EFILogin
0x000000001f69d000 	/System/Library/PrivateFrameworks/ProtectedCloudStorage.framework/Versions/A/ProtectedCloudStorage
0x000000001f69d000 	/usr/lib/libcurl.4.dylib
0x000000001f69d000 	/usr/lib/libssl.35.dylib
0x000000001f69d000 	/System/Library/Frameworks/LDAP.framework/Versions/A/LDAP
0x000000001f69d000 	/usr/lib/libsasl2.2.dylib
0x000000001f69d000 	/System/Library/PrivateFrameworks/CoreDaemon.framework/Versions/B/CoreDaemon
0x000000001f69d000 	/System/Library/PrivateFrameworks/AppleSRP.framework/Versions/A/AppleSRP
0x0000000122e75000 	/Users/richard/Documents/Cellar/opencv/3.4.0_1/share/OpenCV/java/libopencv_java340.dylib
0x0000000122fd6000 	/usr/local/Cellar/opencv/3.4.0_1/lib/libopencv_xphoto.3.4.dylib
0x000000012306e000 	/usr/local/Cellar/opencv/3.4.0_1/lib/libopencv_img_hash.3.4.dylib
0x0000000123084000 	/usr/local/Cellar/opencv/3.4.0_1/lib/libopencv_bioinspired.3.4.dylib
0x00000001230cd000 	/usr/local/Cellar/opencv/3.4.0_1/lib/libopencv_structured_light.3.4.dylib
0x00000001230e7000 	/usr/local/Cellar/opencv/3.4.0_1/lib/libopencv_xfeatures2d.3.4.dylib
0x00000001233d6000 	/usr/local/Cellar/opencv/3.4.0_1/lib/libopencv_ximgproc.3.4.dylib
0x000000012360a000 	/usr/local/Cellar/opencv/3.4.0_1/lib/libopencv_aruco.3.4.dylib
0x0000000123667000 	/usr/local/Cellar/opencv/3.4.0_1/lib/libopencv_face.3.4.dylib
0x0000000123714000 	/usr/local/opt/tbb/lib/libtbb.dylib
0x0000000121412000 	/usr/local/Cellar/opencv/3.4.0_1/lib/libopencv_phase_unwrapping.3.4.dylib
0x000000012374e000 	/usr/local/Cellar/opencv/3.4.0_1/lib/libopencv_shape.3.4.dylib
0x0000000123781000 	/usr/local/Cellar/opencv/3.4.0_1/lib/libopencv_calib3d.3.4.dylib
0x000000012392c000 	/usr/local/Cellar/opencv/3.4.0_1/lib/libopencv_objdetect.3.4.dylib
0x000000012399e000 	/usr/local/Cellar/opencv/3.4.0_1/lib/libopencv_photo.3.4.dylib
0x0000000123a68000 	/usr/local/Cellar/opencv/3.4.0_1/lib/libopencv_tracking.3.4.dylib
0x0000000123c62000 	/usr/local/Cellar/opencv/3.4.0_1/lib/libopencv_plot.3.4.dylib
0x0000000123c6d000 	/usr/local/Cellar/opencv/3.4.0_1/lib/libopencv_video.3.4.dylib
0x0000000123ccb000 	/usr/local/Cellar/opencv/3.4.0_1/lib/libopencv_datasets.3.4.dylib
0x0000000123d27000 	/usr/local/Cellar/opencv/3.4.0_1/lib/libopencv_text.3.4.dylib
0x0000000123e68000 	/usr/local/Cellar/opencv/3.4.0_1/lib/libopencv_ml.3.4.dylib
0x0000000123f1c000 	/usr/local/Cellar/opencv/3.4.0_1/lib/libopencv_dnn.3.4.dylib
0x00000001242c9000 	/usr/local/Cellar/opencv/3.4.0_1/lib/libopencv_features2d.3.4.dylib
0x0000000124388000 	/usr/local/Cellar/opencv/3.4.0_1/lib/libopencv_flann.3.4.dylib
0x00000001243e8000 	/usr/local/Cellar/opencv/3.4.0_1/lib/libopencv_highgui.3.4.dylib
0x00000001243fe000 	/usr/local/Cellar/opencv/3.4.0_1/lib/libopencv_videoio.3.4.dylib
0x000000012442d000 	/usr/local/Cellar/opencv/3.4.0_1/lib/libopencv_imgcodecs.3.4.dylib
0x00000001244f3000 	/usr/local/Cellar/opencv/3.4.0_1/lib/libopencv_imgproc.3.4.dylib
0x0000000126ac3000 	/usr/local/Cellar/opencv/3.4.0_1/lib/libopencv_core.3.4.dylib
0x0000000127726000 	/usr/local/opt/ffmpeg/lib/libavcodec.57.dylib
0x00000001289b6000 	/usr/local/opt/ffmpeg/lib/libavformat.57.dylib
0x0000000128b68000 	/usr/local/opt/ffmpeg/lib/libavutil.55.dylib
0x0000000128bd1000 	/usr/local/opt/ffmpeg/lib/libswscale.4.dylib
0x0000000128c50000 	/usr/local/opt/ffmpeg/lib/libavresample.3.dylib
0x000000001f69d000 	/System/Library/Frameworks/VideoDecodeAcceleration.framework/Versions/A/VideoDecodeAcceleration
0x000000001f69d000 	/System/Library/Frameworks/AVFoundation.framework/Versions/A/AVFoundation
0x0000000128c71000 	/usr/local/opt/libpng/lib/libpng16.16.dylib
0x0000000128c9d000 	/usr/local/opt/libtiff/lib/libtiff.5.dylib
0x0000000128d06000 	/usr/local/opt/ilmbase/lib/libImath-2_2.12.dylib
0x0000000128d14000 	/usr/local/opt/openexr/lib/libIlmImf-2_2.22.dylib
0x0000000128ff4000 	/usr/local/opt/ilmbase/lib/libIex-2_2.12.dylib
0x0000000129006000 	/usr/local/opt/ilmbase/lib/libHalf.12.dylib
0x000000012904a000 	/usr/local/opt/ilmbase/lib/libIlmThread-2_2.12.dylib
0x0000000129052000 	/usr/local/opt/jpeg/lib/libjpeg.9.dylib
0x0000000129085000 	/usr/local/opt/ilmbase/lib/libIexMath-2_2.12.dylib
0x000000012908a000 	/usr/local/Cellar/ffmpeg/3.4.2/lib/libswresample.2.dylib
0x00000001290aa000 	/usr/local/opt/x264/lib/libx264.152.dylib
0x0000000129220000 	/usr/local/opt/lame/lib/libmp3lame.0.dylib
0x000000001f69d000 	/System/Library/Frameworks/AVFoundation.framework/Versions/A/Frameworks/AVFAudio.framework/Versions/A/AVFAudio
0x000000001f69d000 	/System/Library/PrivateFrameworks/IntlPreferences.framework/Versions/A/IntlPreferences
0x000000001f69d000 	/System/Library/Frameworks/CoreMediaIO.framework/Versions/A/CoreMediaIO
0x000000001f69d000 	/System/Library/PrivateFrameworks/RemoteServiceDiscovery.framework/Versions/A/RemoteServiceDiscovery
0x000000001f69d000 	/System/Library/PrivateFrameworks/RemoteXPC.framework/Versions/A/RemoteXPC
0x000000001f69d000 	/System/Library/PrivateFrameworks/InternationalSupport.framework/Versions/A/InternationalSupport
0x0000000129542000 	/Library/Java/JavaVirtualMachines/jdk1.8.0_66.jdk/Contents/Home/jre/lib/libjavafx_font.dylib
0x000000001f69d000 	/System/Library/Frameworks/ApplicationServices.framework/Versions/A/Frameworks/ATS.framework/Versions/A/Resources/libTrueTypeScaler.dylib
0x000000001f69d000 	/System/Library/Extensions/AppleIntelHD5000GraphicsMTLDriver.bundle/Contents/MacOS/AppleIntelHD5000GraphicsMTLDriver
0x000000001f69d000 	/System/Library/PrivateFrameworks/GPUCompiler.framework/Versions/3802/Libraries/libmetal_timestamp.dylib
0x000000001f69d000 	/System/Library/PrivateFrameworks/ViewBridge.framework/Versions/A/ViewBridge
0x0000000121557000 	/Library/Java/JavaVirtualMachines/jdk1.8.0_66.jdk/Contents/Home/jre/lib/libprism_common.dylib
0x000000012d9d1000 	/System/Library/Extensions/AppleHDA.kext/Contents/PlugIns/AppleHDAHALPlugIn.bundle/Contents/MacOS/AppleHDAHALPlugIn
0x0000000130520000 	/Library/CoreMediaIO/Plug-Ins/DAL/AppleCamera.plugin/Contents/MacOS/AppleCamera
0x000000013054b000 	/System/Library/Frameworks/CoreMediaIO.framework/Resources/CMIOUnits.bundle/Contents/MacOS/CMIOUnits
0x000000001f69d000 	/System/Library/PrivateFrameworks/FWAVC.framework/Versions/A/FWAVC
0x000000001f69d000 	/System/Library/PrivateFrameworks/AppleGVA.framework/Versions/A/AppleGVA
0x00000001306de000 	/usr/local/opt/tbb/lib/libtbbmalloc.dylib
0x000000013076a000 	/Library/Java/JavaVirtualMachines/jdk1.8.0_66.jdk/Contents/Home/jre/lib/libawt.dylib
0x0000000131d1a000 	/Library/Java/JavaVirtualMachines/jdk1.8.0_66.jdk/Contents/Home/jre/lib/./libmlib_image.dylib
0x0000000131de6000 	/Library/Java/JavaVirtualMachines/jdk1.8.0_66.jdk/Contents/Home/jre/lib/libawt_lwawt.dylib
0x0000000130812000 	/Library/Java/JavaVirtualMachines/jdk1.8.0_66.jdk/Contents/Home/jre/lib/./libosxapp.dylib
0x000000001f69d000 	/System/Library/Frameworks/ExceptionHandling.framework/Versions/A/ExceptionHandling

VM Arguments:
jvm_args: -Djava.library.path=/Users/richard/Documents/Cellar/opencv/3.4.0_1/share/OpenCV/java -Dfile.encoding=UTF-8 
java_command: it.polito.teaching.cv.ObjRecognition
java_class_path (initial): /Library/Java/JavaVirtualMachines/jdk1.8.0_66.jdk/Contents/Home/jre/lib/resources.jar:/Library/Java/JavaVirtualMachines/jdk1.8.0_66.jdk/Contents/Home/jre/lib/rt.jar:/Library/Java/JavaVirtualMachines/jdk1.8.0_66.jdk/Contents/Home/jre/lib/jsse.jar:/Library/Java/JavaVirtualMachines/jdk1.8.0_66.jdk/Contents/Home/jre/lib/jce.jar:/Library/Java/JavaVirtualMachines/jdk1.8.0_66.jdk/Contents/Home/jre/lib/charsets.jar:/Library/Java/JavaVirtualMachines/jdk1.8.0_66.jdk/Contents/Home/jre/lib/jfr.jar:/Library/Java/JavaVirtualMachines/jdk1.8.0_66.jdk/Contents/Home/jre/lib/ext/sunec.jar:/Library/Java/JavaVirtualMachines/jdk1.8.0_66.jdk/Contents/Home/jre/lib/ext/nashorn.jar:/Library/Java/JavaVirtualMachines/jdk1.8.0_66.jdk/Contents/Home/jre/lib/ext/cldrdata.jar:/Library/Java/JavaVirtualMachines/jdk1.8.0_66.jdk/Contents/Home/jre/lib/ext/jfxrt.jar:/Library/Java/JavaVirtualMachines/jdk1.8.0_66.jdk/Contents/Home/jre/lib/ext/dnsns.jar:/Library/Java/JavaVirtualMachines/jdk1.8.0_66.jdk/Contents/Home/jre/lib/ext/localedata.jar:/Library/Java/JavaVirtualMachines/jdk1.8.0_66.jdk/Contents/Home/jre/lib/ext/sunjce_provider.jar:/Library/Java/JavaVirtualMachines/jdk1.8.0_66.jdk/Contents/Home/jre/lib/ext/sunpkcs11.jar:/Library/Java/JavaVirtualMachines/jdk1.8.0_66.jdk/Contents/Home/jre/lib/ext/jaccess.jar:/Library/Java/JavaVirtualMachines/jdk1.8.0_66.jdk/Contents/Home/jre/lib/ext/zipfs.jar:/System/Library/Java/Extensions/MRJToolkit.jar:/Users/richard/git/object-detection/bin:/Users/richard/Documents/opencv-340.jar
Launcher Type: SUN_STANDARD

Environment Variables:
PATH=/usr/bin:/bin:/usr/sbin:/sbin
SHELL=/bin/bash
DISPLAY=/private/tmp/com.apple.launchd.RLgoyXPTTd/org.macosforge.xquartz:0

Signal Handlers:
SIGSEGV: [libjvm.dylib+0x5a65d5], sa_mask[0]=11111111011111110111111111111111, sa_flags=SA_ONSTACK|SA_RESTART|SA_SIGINFO
SIGBUS: [libjvm.dylib+0x5a65d5], sa_mask[0]=11111111011111110111111111111111, sa_flags=SA_RESTART|SA_SIGINFO
SIGFPE: [libjvm.dylib+0x4802e8], sa_mask[0]=11111111011111110111111111111111, sa_flags=SA_RESTART|SA_SIGINFO
SIGPIPE: [libjvm.dylib+0x4802e8], sa_mask[0]=11111111011111110111111111111111, sa_flags=SA_RESTART|SA_SIGINFO
SIGXFSZ: [libjvm.dylib+0x4802e8], sa_mask[0]=11111111011111110111111111111111, sa_flags=SA_RESTART|SA_SIGINFO
SIGILL: [libjvm.dylib+0x4802e8], sa_mask[0]=11111111011111110111111111111111, sa_flags=SA_RESTART|SA_SIGINFO
SIGUSR1: SIG_DFL, sa_mask[0]=00000000000000000000000000000000, sa_flags=none
SIGUSR2: [libjvm.dylib+0x47fe06], sa_mask[0]=00100000000000000000000000000000, sa_flags=SA_RESTART|SA_SIGINFO
SIGHUP: [libjvm.dylib+0x47e3dd], sa_mask[0]=11111111011111110111111111111111, sa_flags=SA_RESTART|SA_SIGINFO
SIGINT: [libjvm.dylib+0x47e3dd], sa_mask[0]=11111111011111110111111111111111, sa_flags=SA_RESTART|SA_SIGINFO
SIGTERM: [libjvm.dylib+0x47e3dd], sa_mask[0]=11111111011111110111111111111111, sa_flags=SA_RESTART|SA_SIGINFO
SIGQUIT: [libjvm.dylib+0x47e3dd], sa_mask[0]=11111111011111110111111111111111, sa_flags=SA_RESTART|SA_SIGINFO


---------------  S Y S T E M  ---------------

OS:Bsduname:Darwin 17.4.0 Darwin Kernel Version 17.4.0: Mon Dec 11 21:15:27 PST 2017; root:xnu-4570.40.9~4/RELEASE_X86_64 x86_64
rlimit: STACK 8192k, CORE 0k, NPROC 709, NOFILE 10240, AS infinity
load average:5.10 5.55 5.28

CPU:total 4 (2 cores per cpu, 2 threads per core) family 6 model 69 stepping 1, cmov, cx8, fxsr, mmx, sse, sse2, sse3, ssse3, sse4.1, sse4.2, popcnt, avx, avx2, aes, clmul, erms, lzcnt, ht, tsc, tscinvbit, bmi1, bmi2

Memory: 4k page, physical 8388608k(247744k free)

/proc/meminfo:


vm_info: Java HotSpot(TM) 64-Bit Server VM (25.66-b17) for bsd-amd64 JRE (1.8.0_66-b17), built on Oct  6 2015 16:09:13 by "java_re" with gcc 4.2.1 (Based on Apple Inc. build 5658) (LLVM build 2336.11.00)

time: Fri Feb 23 15:21:48 2018
elapsed time: 29 seconds (0d 0h 0m 29s)

